{
  "stats": {
    "suites": 32,
    "tests": 50,
    "passes": 50,
    "pending": 0,
    "failures": 0,
    "start": "2025-07-28T22:03:25.145Z",
    "end": "2025-07-28T22:03:25.216Z",
    "duration": 71,
    "testsRegistered": 50,
    "passPercent": 100,
    "pendingPercent": 0,
    "other": 0,
    "hasOther": false,
    "skipped": 0,
    "hasSkipped": false
  },
  "results": [
    {
      "uuid": "8dcccaf6-1f87-40bf-acec-579dd57725e4",
      "title": "",
      "fullFile": "C:\\Users\\gaela\\OneDrive\\Documents\\API_Ketoffee\\sales\\test\\sales.test.js",
      "file": "\\test\\sales.test.js",
      "beforeHooks": [],
      "afterHooks": [],
      "tests": [],
      "suites": [
        {
          "uuid": "bc3b85fb-811f-41ff-b692-56f73f08e73f",
          "title": "Sales Service Unit Tests",
          "fullFile": "C:\\Users\\gaela\\OneDrive\\Documents\\API_Ketoffee\\sales\\test\\sales.test.js",
          "file": "\\test\\sales.test.js",
          "beforeHooks": [
            {
              "title": "\"before each\" hook in \"Sales Service Unit Tests\"",
              "fullTitle": "Sales Service Unit Tests \"before each\" hook in \"Sales Service Unit Tests\"",
              "timedOut": false,
              "duration": 0,
              "state": null,
              "speed": null,
              "pass": false,
              "fail": false,
              "pending": false,
              "context": null,
              "code": "app = express();\napp.use(express.json());\nsinon.restore();",
              "err": {},
              "uuid": "245214b0-e01d-4f21-8547-7f360844dd79",
              "parentUUID": "bc3b85fb-811f-41ff-b692-56f73f08e73f",
              "isHook": true,
              "skipped": false
            }
          ],
          "afterHooks": [
            {
              "title": "\"after each\" hook in \"Sales Service Unit Tests\"",
              "fullTitle": "Sales Service Unit Tests \"after each\" hook in \"Sales Service Unit Tests\"",
              "timedOut": false,
              "duration": 0,
              "state": null,
              "speed": null,
              "pass": false,
              "fail": false,
              "pending": false,
              "context": null,
              "code": "sinon.restore();",
              "err": {},
              "uuid": "f4de81e2-f2ad-4518-b7fc-e0a974c2ca55",
              "parentUUID": "bc3b85fb-811f-41ff-b692-56f73f08e73f",
              "isHook": true,
              "skipped": false
            }
          ],
          "tests": [],
          "suites": [
            {
              "uuid": "09c7aba8-c6ea-41ee-a3d6-bbcae7d0de7f",
              "title": "SaleController Tests",
              "fullFile": "C:\\Users\\gaela\\OneDrive\\Documents\\API_Ketoffee\\sales\\test\\sales.test.js",
              "file": "\\test\\sales.test.js",
              "beforeHooks": [],
              "afterHooks": [],
              "tests": [],
              "suites": [
                {
                  "uuid": "5e88f642-94f6-4561-be30-2f9dd101dfbb",
                  "title": "createCashSale",
                  "fullFile": "C:\\Users\\gaela\\OneDrive\\Documents\\API_Ketoffee\\sales\\test\\sales.test.js",
                  "file": "\\test\\sales.test.js",
                  "beforeHooks": [],
                  "afterHooks": [],
                  "tests": [
                    {
                      "title": "should create cash sale successfully",
                      "fullTitle": "Sales Service Unit Tests SaleController Tests createCashSale should create cash sale successfully",
                      "timedOut": false,
                      "duration": 1,
                      "state": "passed",
                      "speed": "fast",
                      "pass": true,
                      "fail": false,
                      "pending": false,
                      "context": null,
                      "code": "const saleData = {\n  order_id: 1,\n  user_id: 1,\n  expiration_time_id: 1,\n  cash_amount: 100.50\n};\nconst mockResult = {\n  success: true,\n  message: 'Venta en efectivo creada exitosamente',\n  data: {\n    sale_id: 1,\n    secret_word: 'CAFE123',\n    cash_amount: 100.50,\n    payment_type: 'cash',\n    status: 'Pendiente'\n  }\n};\nmockSaleController.createCashSale.resolves(mockResult);\n\nconst result = await mockSaleController.createCashSale(saleData);\nexpect(result.success).to.be.true;\nexpect(result.data.sale_id).to.equal(1);\nexpect(result.data.payment_type).to.equal('cash');",
                      "err": {},
                      "uuid": "74eeec60-de44-42d1-b5a4-f21c9743beb8",
                      "parentUUID": "5e88f642-94f6-4561-be30-2f9dd101dfbb",
                      "isHook": false,
                      "skipped": false
                    },
                    {
                      "title": "should reject creation without required fields",
                      "fullTitle": "Sales Service Unit Tests SaleController Tests createCashSale should reject creation without required fields",
                      "timedOut": false,
                      "duration": 0,
                      "state": "passed",
                      "speed": "fast",
                      "pass": true,
                      "fail": false,
                      "pending": false,
                      "context": null,
                      "code": "const incompleteData = { order_id: 1 };\nmockSaleController.createCashSale.rejects(new Error('order_id, user_id y expiration_time_id son requeridos'));\n\ntry {\n  await mockSaleController.createCashSale(incompleteData);\n} catch (error) {\n  expect(error.message).to.equal('order_id, user_id y expiration_time_id son requeridos');\n}",
                      "err": {},
                      "uuid": "9b49061b-243c-4065-a2d6-78c5a926b24a",
                      "parentUUID": "5e88f642-94f6-4561-be30-2f9dd101dfbb",
                      "isHook": false,
                      "skipped": false
                    },
                    {
                      "title": "should validate cash_amount is positive number",
                      "fullTitle": "Sales Service Unit Tests SaleController Tests createCashSale should validate cash_amount is positive number",
                      "timedOut": false,
                      "duration": 0,
                      "state": "passed",
                      "speed": "fast",
                      "pass": true,
                      "fail": false,
                      "pending": false,
                      "context": null,
                      "code": "const invalidData = {\n  order_id: 1,\n  user_id: 1,\n  expiration_time_id: 1,\n  cash_amount: -50\n};\nmockSaleController.createCashSale.rejects(new Error('cash_amount debe ser un número mayor a 0'));\n\ntry {\n  await mockSaleController.createCashSale(invalidData);\n} catch (error) {\n  expect(error.message).to.equal('cash_amount debe ser un número mayor a 0');\n}",
                      "err": {},
                      "uuid": "8b6bd237-e5b5-48f1-b46a-8cd4664f6313",
                      "parentUUID": "5e88f642-94f6-4561-be30-2f9dd101dfbb",
                      "isHook": false,
                      "skipped": false
                    },
                    {
                      "title": "should handle order service errors",
                      "fullTitle": "Sales Service Unit Tests SaleController Tests createCashSale should handle order service errors",
                      "timedOut": false,
                      "duration": 1,
                      "state": "passed",
                      "speed": "fast",
                      "pass": true,
                      "fail": false,
                      "pending": false,
                      "context": null,
                      "code": "const saleData = {\n  order_id: 999,\n  user_id: 1,\n  expiration_time_id: 1\n};\nmockSaleController.createCashSale.rejects(new Error('Orden no encontrada'));\n\ntry {\n  await mockSaleController.createCashSale(saleData);\n} catch (error) {\n  expect(error.message).to.equal('Orden no encontrada');\n}",
                      "err": {},
                      "uuid": "dcb0cc25-2320-40ab-b203-b1c7fc25d221",
                      "parentUUID": "5e88f642-94f6-4561-be30-2f9dd101dfbb",
                      "isHook": false,
                      "skipped": false
                    }
                  ],
                  "suites": [],
                  "passes": [
                    "74eeec60-de44-42d1-b5a4-f21c9743beb8",
                    "9b49061b-243c-4065-a2d6-78c5a926b24a",
                    "8b6bd237-e5b5-48f1-b46a-8cd4664f6313",
                    "dcb0cc25-2320-40ab-b203-b1c7fc25d221"
                  ],
                  "failures": [],
                  "pending": [],
                  "skipped": [],
                  "duration": 2,
                  "root": false,
                  "rootEmpty": false,
                  "_timeout": 2000
                },
                {
                  "uuid": "bcd9a55e-724d-4473-afea-74583c3aad81",
                  "title": "createCardSale",
                  "fullFile": "C:\\Users\\gaela\\OneDrive\\Documents\\API_Ketoffee\\sales\\test\\sales.test.js",
                  "file": "\\test\\sales.test.js",
                  "beforeHooks": [],
                  "afterHooks": [],
                  "tests": [
                    {
                      "title": "should create card sale successfully",
                      "fullTitle": "Sales Service Unit Tests SaleController Tests createCardSale should create card sale successfully",
                      "timedOut": false,
                      "duration": 1,
                      "state": "passed",
                      "speed": "fast",
                      "pass": true,
                      "fail": false,
                      "pending": false,
                      "context": null,
                      "code": "const saleData = {\n  order_id: 1,\n  user_id: 1,\n  amount: 75.25\n};\nconst mockResult = {\n  success: true,\n  message: 'Venta con tarjeta iniciada',\n  data: {\n    sale_id: 1,\n    payment_intent_id: 'pi_test123',\n    client_secret: 'pi_test123_secret',\n    amount: 75.25\n  }\n};\nmockSaleController.createCardSale.resolves(mockResult);\n\nconst result = await mockSaleController.createCardSale(saleData);\nexpect(result.success).to.be.true;\nexpect(result.data.amount).to.equal(75.25);",
                      "err": {},
                      "uuid": "a1337c2e-19fe-4a6a-ae45-0608f6869723",
                      "parentUUID": "bcd9a55e-724d-4473-afea-74583c3aad81",
                      "isHook": false,
                      "skipped": false
                    },
                    {
                      "title": "should reject creation without required fields",
                      "fullTitle": "Sales Service Unit Tests SaleController Tests createCardSale should reject creation without required fields",
                      "timedOut": false,
                      "duration": 0,
                      "state": "passed",
                      "speed": "fast",
                      "pass": true,
                      "fail": false,
                      "pending": false,
                      "context": null,
                      "code": "const incompleteData = { order_id: 1 };\nmockSaleController.createCardSale.rejects(new Error('order_id, user_id y amount son requeridos'));\n\ntry {\n  await mockSaleController.createCardSale(incompleteData);\n} catch (error) {\n  expect(error.message).to.equal('order_id, user_id y amount son requeridos');\n}",
                      "err": {},
                      "uuid": "8f39c852-87ff-4979-8439-7b797179c672",
                      "parentUUID": "bcd9a55e-724d-4473-afea-74583c3aad81",
                      "isHook": false,
                      "skipped": false
                    },
                    {
                      "title": "should validate amount is positive",
                      "fullTitle": "Sales Service Unit Tests SaleController Tests createCardSale should validate amount is positive",
                      "timedOut": false,
                      "duration": 0,
                      "state": "passed",
                      "speed": "fast",
                      "pass": true,
                      "fail": false,
                      "pending": false,
                      "context": null,
                      "code": "const invalidData = {\n  order_id: 1,\n  user_id: 1,\n  amount: 0\n};\nmockSaleController.createCardSale.rejects(new Error('El monto debe ser mayor a 0'));\n\ntry {\n  await mockSaleController.createCardSale(invalidData);\n} catch (error) {\n  expect(error.message).to.equal('El monto debe ser mayor a 0');\n}",
                      "err": {},
                      "uuid": "07cb402e-4b04-4249-95a4-b5a293e5d166",
                      "parentUUID": "bcd9a55e-724d-4473-afea-74583c3aad81",
                      "isHook": false,
                      "skipped": false
                    }
                  ],
                  "suites": [],
                  "passes": [
                    "a1337c2e-19fe-4a6a-ae45-0608f6869723",
                    "8f39c852-87ff-4979-8439-7b797179c672",
                    "07cb402e-4b04-4249-95a4-b5a293e5d166"
                  ],
                  "failures": [],
                  "pending": [],
                  "skipped": [],
                  "duration": 1,
                  "root": false,
                  "rootEmpty": false,
                  "_timeout": 2000
                },
                {
                  "uuid": "0913e56d-97b5-4ac6-8ac5-89fd6168cde3",
                  "title": "getSaleById",
                  "fullFile": "C:\\Users\\gaela\\OneDrive\\Documents\\API_Ketoffee\\sales\\test\\sales.test.js",
                  "file": "\\test\\sales.test.js",
                  "beforeHooks": [],
                  "afterHooks": [],
                  "tests": [
                    {
                      "title": "should return sale by ID successfully",
                      "fullTitle": "Sales Service Unit Tests SaleController Tests getSaleById should return sale by ID successfully",
                      "timedOut": false,
                      "duration": 1,
                      "state": "passed",
                      "speed": "fast",
                      "pass": true,
                      "fail": false,
                      "pending": false,
                      "context": null,
                      "code": "const mockSale = {\n  id: 1,\n  order_id: 1,\n  user_id: 1,\n  payment_method_name: 'Efectivo',\n  payment_status: 'Completado',\n  secret_word: 'CAFE123'\n};\nmockSaleController.getSaleById.resolves(mockSale);\n\nconst result = await mockSaleController.getSaleById(1);\nexpect(result.id).to.equal(1);\nexpect(result.payment_method_name).to.equal('Efectivo');",
                      "err": {},
                      "uuid": "4794a3c2-25b2-4f16-a5ee-86f6cbd264f5",
                      "parentUUID": "0913e56d-97b5-4ac6-8ac5-89fd6168cde3",
                      "isHook": false,
                      "skipped": false
                    },
                    {
                      "title": "should return 404 when sale not found",
                      "fullTitle": "Sales Service Unit Tests SaleController Tests getSaleById should return 404 when sale not found",
                      "timedOut": false,
                      "duration": 0,
                      "state": "passed",
                      "speed": "fast",
                      "pass": true,
                      "fail": false,
                      "pending": false,
                      "context": null,
                      "code": "mockSaleController.getSaleById.rejects(new Error('Venta no encontrada'));\n\ntry {\n  await mockSaleController.getSaleById(999);\n} catch (error) {\n  expect(error.message).to.equal('Venta no encontrada');\n}",
                      "err": {},
                      "uuid": "78e6a794-9e9e-4b74-856b-80f3d63101c5",
                      "parentUUID": "0913e56d-97b5-4ac6-8ac5-89fd6168cde3",
                      "isHook": false,
                      "skipped": false
                    }
                  ],
                  "suites": [],
                  "passes": [
                    "4794a3c2-25b2-4f16-a5ee-86f6cbd264f5",
                    "78e6a794-9e9e-4b74-856b-80f3d63101c5"
                  ],
                  "failures": [],
                  "pending": [],
                  "skipped": [],
                  "duration": 1,
                  "root": false,
                  "rootEmpty": false,
                  "_timeout": 2000
                },
                {
                  "uuid": "d746b30a-203e-47a6-a08c-c0d55fd4a434",
                  "title": "getUserSales",
                  "fullFile": "C:\\Users\\gaela\\OneDrive\\Documents\\API_Ketoffee\\sales\\test\\sales.test.js",
                  "file": "\\test\\sales.test.js",
                  "beforeHooks": [],
                  "afterHooks": [],
                  "tests": [
                    {
                      "title": "should return user sales successfully",
                      "fullTitle": "Sales Service Unit Tests SaleController Tests getUserSales should return user sales successfully",
                      "timedOut": false,
                      "duration": 1,
                      "state": "passed",
                      "speed": "fast",
                      "pass": true,
                      "fail": false,
                      "pending": false,
                      "context": null,
                      "code": "const mockSales = [\n  { id: 1, order_id: 1, payment_status: 'Completado' },\n  { id: 2, order_id: 2, payment_status: 'Pendiente' }\n];\nmockSaleController.getUserSales.resolves({\n  sales: mockSales,\n  total: 2,\n  page: 1,\n  limit: 10\n});\n\nconst result = await mockSaleController.getUserSales(1);\nexpect(result.sales).to.be.an('array');\nexpect(result.total).to.equal(2);",
                      "err": {},
                      "uuid": "c698cd78-dcda-4b07-90cb-a9cf5cb46d42",
                      "parentUUID": "d746b30a-203e-47a6-a08c-c0d55fd4a434",
                      "isHook": false,
                      "skipped": false
                    },
                    {
                      "title": "should handle pagination parameters",
                      "fullTitle": "Sales Service Unit Tests SaleController Tests getUserSales should handle pagination parameters",
                      "timedOut": false,
                      "duration": 0,
                      "state": "passed",
                      "speed": "fast",
                      "pass": true,
                      "fail": false,
                      "pending": false,
                      "context": null,
                      "code": "const mockResult = {\n  sales: [],\n  total: 0,\n  page: 2,\n  limit: 5\n};\nmockSaleController.getUserSales.resolves(mockResult);\n\nconst result = await mockSaleController.getUserSales(1, { page: 2, limit: 5 });\nexpect(result.page).to.equal(2);\nexpect(result.limit).to.equal(5);",
                      "err": {},
                      "uuid": "20801767-64b8-4c3f-af2f-3b7b8fed74bd",
                      "parentUUID": "d746b30a-203e-47a6-a08c-c0d55fd4a434",
                      "isHook": false,
                      "skipped": false
                    }
                  ],
                  "suites": [],
                  "passes": [
                    "c698cd78-dcda-4b07-90cb-a9cf5cb46d42",
                    "20801767-64b8-4c3f-af2f-3b7b8fed74bd"
                  ],
                  "failures": [],
                  "pending": [],
                  "skipped": [],
                  "duration": 1,
                  "root": false,
                  "rootEmpty": false,
                  "_timeout": 2000
                },
                {
                  "uuid": "9e39919d-d6ac-4925-a367-f6b3bfc9fc0e",
                  "title": "generateTicketPDF",
                  "fullFile": "C:\\Users\\gaela\\OneDrive\\Documents\\API_Ketoffee\\sales\\test\\sales.test.js",
                  "file": "\\test\\sales.test.js",
                  "beforeHooks": [],
                  "afterHooks": [],
                  "tests": [
                    {
                      "title": "should generate PDF ticket successfully",
                      "fullTitle": "Sales Service Unit Tests SaleController Tests generateTicketPDF should generate PDF ticket successfully",
                      "timedOut": false,
                      "duration": 0,
                      "state": "passed",
                      "speed": "fast",
                      "pass": true,
                      "fail": false,
                      "pending": false,
                      "context": null,
                      "code": "const mockPDFBuffer = Buffer.from('PDF content');\nmockSaleController.generateTicketPDF.resolves(mockPDFBuffer);\n\nconst result = await mockSaleController.generateTicketPDF(1);\nexpect(result).to.be.instanceOf(Buffer);",
                      "err": {},
                      "uuid": "1024b3c3-8789-458d-b0d8-69c8c900e1e7",
                      "parentUUID": "9e39919d-d6ac-4925-a367-f6b3bfc9fc0e",
                      "isHook": false,
                      "skipped": false
                    },
                    {
                      "title": "should handle PDF generation errors",
                      "fullTitle": "Sales Service Unit Tests SaleController Tests generateTicketPDF should handle PDF generation errors",
                      "timedOut": false,
                      "duration": 0,
                      "state": "passed",
                      "speed": "fast",
                      "pass": true,
                      "fail": false,
                      "pending": false,
                      "context": null,
                      "code": "mockSaleController.generateTicketPDF.rejects(new Error('Error generando PDF'));\n\ntry {\n  await mockSaleController.generateTicketPDF(999);\n} catch (error) {\n  expect(error.message).to.equal('Error generando PDF');\n}",
                      "err": {},
                      "uuid": "3b09342e-a3f1-48bd-903f-fef4a0892472",
                      "parentUUID": "9e39919d-d6ac-4925-a367-f6b3bfc9fc0e",
                      "isHook": false,
                      "skipped": false
                    }
                  ],
                  "suites": [],
                  "passes": [
                    "1024b3c3-8789-458d-b0d8-69c8c900e1e7",
                    "3b09342e-a3f1-48bd-903f-fef4a0892472"
                  ],
                  "failures": [],
                  "pending": [],
                  "skipped": [],
                  "duration": 0,
                  "root": false,
                  "rootEmpty": false,
                  "_timeout": 2000
                },
                {
                  "uuid": "4dd88069-7888-4f05-b867-e723f50be968",
                  "title": "updateSaleStatus",
                  "fullFile": "C:\\Users\\gaela\\OneDrive\\Documents\\API_Ketoffee\\sales\\test\\sales.test.js",
                  "file": "\\test\\sales.test.js",
                  "beforeHooks": [],
                  "afterHooks": [],
                  "tests": [
                    {
                      "title": "should update sale status successfully",
                      "fullTitle": "Sales Service Unit Tests SaleController Tests updateSaleStatus should update sale status successfully",
                      "timedOut": false,
                      "duration": 1,
                      "state": "passed",
                      "speed": "fast",
                      "pass": true,
                      "fail": false,
                      "pending": false,
                      "context": null,
                      "code": "const mockResult = {\n  success: true,\n  message: 'Estado de venta actualizado',\n  sale: { id: 1, payment_status: 'Completado' }\n};\nmockSaleController.updateSaleStatus.resolves(mockResult);\n\nconst result = await mockSaleController.updateSaleStatus(1, 'Completado');\nexpect(result.success).to.be.true;\nexpect(result.sale.payment_status).to.equal('Completado');",
                      "err": {},
                      "uuid": "27e99f41-5ada-4fbc-a4e4-69f7c5272f5e",
                      "parentUUID": "4dd88069-7888-4f05-b867-e723f50be968",
                      "isHook": false,
                      "skipped": false
                    },
                    {
                      "title": "should validate status values",
                      "fullTitle": "Sales Service Unit Tests SaleController Tests updateSaleStatus should validate status values",
                      "timedOut": false,
                      "duration": 0,
                      "state": "passed",
                      "speed": "fast",
                      "pass": true,
                      "fail": false,
                      "pending": false,
                      "context": null,
                      "code": "mockSaleController.updateSaleStatus.rejects(new Error('Estado inválido'));\n\ntry {\n  await mockSaleController.updateSaleStatus(1, 'InvalidStatus');\n} catch (error) {\n  expect(error.message).to.equal('Estado inválido');\n}",
                      "err": {},
                      "uuid": "b3b8b411-dc87-4659-8424-7bf8079b9b63",
                      "parentUUID": "4dd88069-7888-4f05-b867-e723f50be968",
                      "isHook": false,
                      "skipped": false
                    }
                  ],
                  "suites": [],
                  "passes": [
                    "27e99f41-5ada-4fbc-a4e4-69f7c5272f5e",
                    "b3b8b411-dc87-4659-8424-7bf8079b9b63"
                  ],
                  "failures": [],
                  "pending": [],
                  "skipped": [],
                  "duration": 1,
                  "root": false,
                  "rootEmpty": false,
                  "_timeout": 2000
                },
                {
                  "uuid": "f1b46670-d2f7-434b-89aa-d36788b17b39",
                  "title": "confirmDelivery",
                  "fullFile": "C:\\Users\\gaela\\OneDrive\\Documents\\API_Ketoffee\\sales\\test\\sales.test.js",
                  "file": "\\test\\sales.test.js",
                  "beforeHooks": [],
                  "afterHooks": [],
                  "tests": [
                    {
                      "title": "should confirm delivery successfully",
                      "fullTitle": "Sales Service Unit Tests SaleController Tests confirmDelivery should confirm delivery successfully",
                      "timedOut": false,
                      "duration": 0,
                      "state": "passed",
                      "speed": "fast",
                      "pass": true,
                      "fail": false,
                      "pending": false,
                      "context": null,
                      "code": "const mockResult = {\n  success: true,\n  message: 'Entrega confirmada exitosamente',\n  sale: { id: 1, payment_status: 'Completado' }\n};\nmockSaleController.confirmDelivery.resolves(mockResult);\n\nconst result = await mockSaleController.confirmDelivery('ORD001', 'CAFE123');\nexpect(result.success).to.be.true;\nexpect(result.message).to.equal('Entrega confirmada exitosamente');",
                      "err": {},
                      "uuid": "781f874e-ba21-40a0-8f6d-d35e4ab11400",
                      "parentUUID": "f1b46670-d2f7-434b-89aa-d36788b17b39",
                      "isHook": false,
                      "skipped": false
                    },
                    {
                      "title": "should reject invalid secret word",
                      "fullTitle": "Sales Service Unit Tests SaleController Tests confirmDelivery should reject invalid secret word",
                      "timedOut": false,
                      "duration": 0,
                      "state": "passed",
                      "speed": "fast",
                      "pass": true,
                      "fail": false,
                      "pending": false,
                      "context": null,
                      "code": "mockSaleController.confirmDelivery.rejects(new Error('Palabra secreta incorrecta'));\n\ntry {\n  await mockSaleController.confirmDelivery('ORD001', 'WRONG123');\n} catch (error) {\n  expect(error.message).to.equal('Palabra secreta incorrecta');\n}",
                      "err": {},
                      "uuid": "2f619746-b817-455b-94a7-9bd37e338f93",
                      "parentUUID": "f1b46670-d2f7-434b-89aa-d36788b17b39",
                      "isHook": false,
                      "skipped": false
                    }
                  ],
                  "suites": [],
                  "passes": [
                    "781f874e-ba21-40a0-8f6d-d35e4ab11400",
                    "2f619746-b817-455b-94a7-9bd37e338f93"
                  ],
                  "failures": [],
                  "pending": [],
                  "skipped": [],
                  "duration": 0,
                  "root": false,
                  "rootEmpty": false,
                  "_timeout": 2000
                },
                {
                  "uuid": "39779847-4dd4-4bce-aa1f-aa0c063b0247",
                  "title": "getSalesStats",
                  "fullFile": "C:\\Users\\gaela\\OneDrive\\Documents\\API_Ketoffee\\sales\\test\\sales.test.js",
                  "file": "\\test\\sales.test.js",
                  "beforeHooks": [],
                  "afterHooks": [],
                  "tests": [
                    {
                      "title": "should return sales statistics",
                      "fullTitle": "Sales Service Unit Tests SaleController Tests getSalesStats should return sales statistics",
                      "timedOut": false,
                      "duration": 0,
                      "state": "passed",
                      "speed": "fast",
                      "pass": true,
                      "fail": false,
                      "pending": false,
                      "context": null,
                      "code": "const mockStats = {\n  total_sales: 150,\n  total_amount: 5250.75,\n  completed_sales: 140,\n  pending_sales: 10\n};\nmockSaleController.getSalesStats.resolves(mockStats);\n\nconst result = await mockSaleController.getSalesStats();\nexpect(result.total_sales).to.equal(150);\nexpect(result.total_amount).to.equal(5250.75);",
                      "err": {},
                      "uuid": "a10cfb22-d125-4231-ab78-873cb430542f",
                      "parentUUID": "39779847-4dd4-4bce-aa1f-aa0c063b0247",
                      "isHook": false,
                      "skipped": false
                    }
                  ],
                  "suites": [],
                  "passes": [
                    "a10cfb22-d125-4231-ab78-873cb430542f"
                  ],
                  "failures": [],
                  "pending": [],
                  "skipped": [],
                  "duration": 0,
                  "root": false,
                  "rootEmpty": false,
                  "_timeout": 2000
                },
                {
                  "uuid": "7a033089-8d59-4da3-b670-ba499d33a315",
                  "title": "getPaymentMethodsStats",
                  "fullFile": "C:\\Users\\gaela\\OneDrive\\Documents\\API_Ketoffee\\sales\\test\\sales.test.js",
                  "file": "\\test\\sales.test.js",
                  "beforeHooks": [],
                  "afterHooks": [],
                  "tests": [
                    {
                      "title": "should return payment methods statistics",
                      "fullTitle": "Sales Service Unit Tests SaleController Tests getPaymentMethodsStats should return payment methods statistics",
                      "timedOut": false,
                      "duration": 1,
                      "state": "passed",
                      "speed": "fast",
                      "pass": true,
                      "fail": false,
                      "pending": false,
                      "context": null,
                      "code": "const mockStats = [\n  { method: 'Efectivo', count: 80, percentage: 60 },\n  { method: 'Tarjeta', count: 53, percentage: 40 }\n];\nmockSaleController.getPaymentMethodsStats.resolves(mockStats);\n\nconst result = await mockSaleController.getPaymentMethodsStats();\nexpect(result).to.be.an('array');\nexpect(result[0].method).to.equal('Efectivo');",
                      "err": {},
                      "uuid": "29e3de6c-8abd-4ec1-86f8-d478331cd71b",
                      "parentUUID": "7a033089-8d59-4da3-b670-ba499d33a315",
                      "isHook": false,
                      "skipped": false
                    }
                  ],
                  "suites": [],
                  "passes": [
                    "29e3de6c-8abd-4ec1-86f8-d478331cd71b"
                  ],
                  "failures": [],
                  "pending": [],
                  "skipped": [],
                  "duration": 1,
                  "root": false,
                  "rootEmpty": false,
                  "_timeout": 2000
                },
                {
                  "uuid": "12b595ab-e052-4a1f-ab54-2af09de36081",
                  "title": "getExpirationTimesStats",
                  "fullFile": "C:\\Users\\gaela\\OneDrive\\Documents\\API_Ketoffee\\sales\\test\\sales.test.js",
                  "file": "\\test\\sales.test.js",
                  "beforeHooks": [],
                  "afterHooks": [],
                  "tests": [
                    {
                      "title": "should return expiration times statistics",
                      "fullTitle": "Sales Service Unit Tests SaleController Tests getExpirationTimesStats should return expiration times statistics",
                      "timedOut": false,
                      "duration": 1,
                      "state": "passed",
                      "speed": "fast",
                      "pass": true,
                      "fail": false,
                      "pending": false,
                      "context": null,
                      "code": "const mockStats = [\n  { minutes: 15, count: 45, percentage: 30 },\n  { minutes: 30, count: 75, percentage: 50 }\n];\nmockSaleController.getExpirationTimesStats.resolves(mockStats);\n\nconst result = await mockSaleController.getExpirationTimesStats();\nexpect(result).to.be.an('array');\nexpect(result[0].minutes).to.equal(15);",
                      "err": {},
                      "uuid": "5eef1ffe-a64b-4765-abcb-363349b29de2",
                      "parentUUID": "12b595ab-e052-4a1f-ab54-2af09de36081",
                      "isHook": false,
                      "skipped": false
                    }
                  ],
                  "suites": [],
                  "passes": [
                    "5eef1ffe-a64b-4765-abcb-363349b29de2"
                  ],
                  "failures": [],
                  "pending": [],
                  "skipped": [],
                  "duration": 1,
                  "root": false,
                  "rootEmpty": false,
                  "_timeout": 2000
                },
                {
                  "uuid": "7d0226b1-3a8b-400c-a09a-e9297e2121c5",
                  "title": "getPaymentMethods",
                  "fullFile": "C:\\Users\\gaela\\OneDrive\\Documents\\API_Ketoffee\\sales\\test\\sales.test.js",
                  "file": "\\test\\sales.test.js",
                  "beforeHooks": [],
                  "afterHooks": [],
                  "tests": [
                    {
                      "title": "should return available payment methods",
                      "fullTitle": "Sales Service Unit Tests SaleController Tests getPaymentMethods should return available payment methods",
                      "timedOut": false,
                      "duration": 0,
                      "state": "passed",
                      "speed": "fast",
                      "pass": true,
                      "fail": false,
                      "pending": false,
                      "context": null,
                      "code": "const mockMethods = [\n  { id: 1, name: 'Efectivo', is_active: true },\n  { id: 2, name: 'Tarjeta', is_active: true }\n];\nmockSaleController.getPaymentMethods.resolves(mockMethods);\n\nconst result = await mockSaleController.getPaymentMethods();\nexpect(result).to.be.an('array');\nexpect(result[0].name).to.equal('Efectivo');",
                      "err": {},
                      "uuid": "8f890aa6-3fbf-461a-99af-c61e68e96679",
                      "parentUUID": "7d0226b1-3a8b-400c-a09a-e9297e2121c5",
                      "isHook": false,
                      "skipped": false
                    }
                  ],
                  "suites": [],
                  "passes": [
                    "8f890aa6-3fbf-461a-99af-c61e68e96679"
                  ],
                  "failures": [],
                  "pending": [],
                  "skipped": [],
                  "duration": 0,
                  "root": false,
                  "rootEmpty": false,
                  "_timeout": 2000
                },
                {
                  "uuid": "48e4f053-072f-4043-9465-d9328efac5f3",
                  "title": "getExpirationTimes",
                  "fullFile": "C:\\Users\\gaela\\OneDrive\\Documents\\API_Ketoffee\\sales\\test\\sales.test.js",
                  "file": "\\test\\sales.test.js",
                  "beforeHooks": [],
                  "afterHooks": [],
                  "tests": [
                    {
                      "title": "should return available expiration times",
                      "fullTitle": "Sales Service Unit Tests SaleController Tests getExpirationTimes should return available expiration times",
                      "timedOut": false,
                      "duration": 0,
                      "state": "passed",
                      "speed": "fast",
                      "pass": true,
                      "fail": false,
                      "pending": false,
                      "context": null,
                      "code": "const mockTimes = [\n  { id: 1, minutes: 15, display_name: '15 minutos', is_active: true },\n  { id: 2, minutes: 30, display_name: '30 minutos', is_active: true }\n];\nmockSaleController.getExpirationTimes.resolves(mockTimes);\n\nconst result = await mockSaleController.getExpirationTimes();\nexpect(result).to.be.an('array');\nexpect(result[0].minutes).to.equal(15);",
                      "err": {},
                      "uuid": "b880520d-88d4-4455-af4b-36b9ee316233",
                      "parentUUID": "48e4f053-072f-4043-9465-d9328efac5f3",
                      "isHook": false,
                      "skipped": false
                    }
                  ],
                  "suites": [],
                  "passes": [
                    "b880520d-88d4-4455-af4b-36b9ee316233"
                  ],
                  "failures": [],
                  "pending": [],
                  "skipped": [],
                  "duration": 0,
                  "root": false,
                  "rootEmpty": false,
                  "_timeout": 2000
                },
                {
                  "uuid": "48364788-dbca-48d0-9e19-db4bfa5edcd9",
                  "title": "cancelExpiredSales",
                  "fullFile": "C:\\Users\\gaela\\OneDrive\\Documents\\API_Ketoffee\\sales\\test\\sales.test.js",
                  "file": "\\test\\sales.test.js",
                  "beforeHooks": [],
                  "afterHooks": [],
                  "tests": [
                    {
                      "title": "should cancel expired sales successfully",
                      "fullTitle": "Sales Service Unit Tests SaleController Tests cancelExpiredSales should cancel expired sales successfully",
                      "timedOut": false,
                      "duration": 1,
                      "state": "passed",
                      "speed": "fast",
                      "pass": true,
                      "fail": false,
                      "pending": false,
                      "context": null,
                      "code": "const mockResult = {\n  success: true,\n  message: 'Ventas expiradas canceladas',\n  cancelled_count: 5\n};\nmockSaleController.cancelExpiredSales.resolves(mockResult);\n\nconst result = await mockSaleController.cancelExpiredSales();\nexpect(result.success).to.be.true;\nexpect(result.cancelled_count).to.equal(5);",
                      "err": {},
                      "uuid": "1703faf2-ca00-4fe9-b8ff-e881e81a968b",
                      "parentUUID": "48364788-dbca-48d0-9e19-db4bfa5edcd9",
                      "isHook": false,
                      "skipped": false
                    }
                  ],
                  "suites": [],
                  "passes": [
                    "1703faf2-ca00-4fe9-b8ff-e881e81a968b"
                  ],
                  "failures": [],
                  "pending": [],
                  "skipped": [],
                  "duration": 1,
                  "root": false,
                  "rootEmpty": false,
                  "_timeout": 2000
                },
                {
                  "uuid": "a1663c7b-40f5-4ab4-895c-f7c9291a8927",
                  "title": "getDailySalesCut",
                  "fullFile": "C:\\Users\\gaela\\OneDrive\\Documents\\API_Ketoffee\\sales\\test\\sales.test.js",
                  "file": "\\test\\sales.test.js",
                  "beforeHooks": [],
                  "afterHooks": [],
                  "tests": [
                    {
                      "title": "should return daily sales cut",
                      "fullTitle": "Sales Service Unit Tests SaleController Tests getDailySalesCut should return daily sales cut",
                      "timedOut": false,
                      "duration": 1,
                      "state": "passed",
                      "speed": "fast",
                      "pass": true,
                      "fail": false,
                      "pending": false,
                      "context": null,
                      "code": "const mockCut = {\n  date: '2024-01-15',\n  total_sales: 25,\n  total_amount: 1250.50,\n  cash_sales: 15,\n  card_sales: 10\n};\nmockSaleController.getDailySalesCut.resolves(mockCut);\n\nconst result = await mockSaleController.getDailySalesCut('2024-01-15');\nexpect(result.total_sales).to.equal(25);\nexpect(result.total_amount).to.equal(1250.50);",
                      "err": {},
                      "uuid": "8e41d47d-54ca-4480-9b3e-69998d6acef9",
                      "parentUUID": "a1663c7b-40f5-4ab4-895c-f7c9291a8927",
                      "isHook": false,
                      "skipped": false
                    }
                  ],
                  "suites": [],
                  "passes": [
                    "8e41d47d-54ca-4480-9b3e-69998d6acef9"
                  ],
                  "failures": [],
                  "pending": [],
                  "skipped": [],
                  "duration": 1,
                  "root": false,
                  "rootEmpty": false,
                  "_timeout": 2000
                },
                {
                  "uuid": "486e5c2f-6812-40af-955b-d81fd01b5547",
                  "title": "healthCheck",
                  "fullFile": "C:\\Users\\gaela\\OneDrive\\Documents\\API_Ketoffee\\sales\\test\\sales.test.js",
                  "file": "\\test\\sales.test.js",
                  "beforeHooks": [],
                  "afterHooks": [],
                  "tests": [
                    {
                      "title": "should return health status",
                      "fullTitle": "Sales Service Unit Tests SaleController Tests healthCheck should return health status",
                      "timedOut": false,
                      "duration": 1,
                      "state": "passed",
                      "speed": "fast",
                      "pass": true,
                      "fail": false,
                      "pending": false,
                      "context": null,
                      "code": "const mockHealth = {\n  status: 'OK',\n  timestamp: new Date().toISOString(),\n  service: 'sales'\n};\nmockSaleController.healthCheck.resolves(mockHealth);\n\nconst result = await mockSaleController.healthCheck();\nexpect(result.status).to.equal('OK');\nexpect(result.service).to.equal('sales');",
                      "err": {},
                      "uuid": "e7f5dd56-7e06-41bc-9f65-3f00416fb133",
                      "parentUUID": "486e5c2f-6812-40af-955b-d81fd01b5547",
                      "isHook": false,
                      "skipped": false
                    }
                  ],
                  "suites": [],
                  "passes": [
                    "e7f5dd56-7e06-41bc-9f65-3f00416fb133"
                  ],
                  "failures": [],
                  "pending": [],
                  "skipped": [],
                  "duration": 1,
                  "root": false,
                  "rootEmpty": false,
                  "_timeout": 2000
                }
              ],
              "passes": [],
              "failures": [],
              "pending": [],
              "skipped": [],
              "duration": 0,
              "root": false,
              "rootEmpty": false,
              "_timeout": 2000
            },
            {
              "uuid": "0e3a07a2-48cc-4d3d-979c-4bf403559589",
              "title": "SaleModel Tests",
              "fullFile": "C:\\Users\\gaela\\OneDrive\\Documents\\API_Ketoffee\\sales\\test\\sales.test.js",
              "file": "\\test\\sales.test.js",
              "beforeHooks": [],
              "afterHooks": [],
              "tests": [],
              "suites": [
                {
                  "uuid": "bf1c4d5b-78b1-496a-9f19-8c84b8e92b97",
                  "title": "createCashSale",
                  "fullFile": "C:\\Users\\gaela\\OneDrive\\Documents\\API_Ketoffee\\sales\\test\\sales.test.js",
                  "file": "\\test\\sales.test.js",
                  "beforeHooks": [],
                  "afterHooks": [],
                  "tests": [
                    {
                      "title": "should create cash sale in database",
                      "fullTitle": "Sales Service Unit Tests SaleModel Tests createCashSale should create cash sale in database",
                      "timedOut": false,
                      "duration": 1,
                      "state": "passed",
                      "speed": "fast",
                      "pass": true,
                      "fail": false,
                      "pending": false,
                      "context": null,
                      "code": "const saleData = {\n  order_id: 1,\n  user_id: 1,\n  expiration_time_id: 1,\n  cash_amount: 100.50\n};\nconst mockSale = {\n  id: 1,\n  secret_word: 'CAFE123',\n  payment_status: 'Pendiente',\n  ...saleData\n};\nmockSaleModel.createCashSale.resolves(mockSale);\n\nconst result = await mockSaleModel.createCashSale(saleData, 'Bearer token');\nexpect(result.id).to.equal(1);\nexpect(result.secret_word).to.equal('CAFE123');",
                      "err": {},
                      "uuid": "d961ea61-c572-475e-97c5-b351a6c5815f",
                      "parentUUID": "bf1c4d5b-78b1-496a-9f19-8c84b8e92b97",
                      "isHook": false,
                      "skipped": false
                    },
                    {
                      "title": "should handle order validation errors",
                      "fullTitle": "Sales Service Unit Tests SaleModel Tests createCashSale should handle order validation errors",
                      "timedOut": false,
                      "duration": 1,
                      "state": "passed",
                      "speed": "fast",
                      "pass": true,
                      "fail": false,
                      "pending": false,
                      "context": null,
                      "code": "const saleData = { order_id: 999, user_id: 1, expiration_time_id: 1 };\nmockSaleModel.createCashSale.rejects(new Error('Orden no encontrada'));\n\ntry {\n  await mockSaleModel.createCashSale(saleData, 'Bearer token');\n} catch (error) {\n  expect(error.message).to.equal('Orden no encontrada');\n}",
                      "err": {},
                      "uuid": "0693aebc-d498-46f0-9eb8-5c6f9121540c",
                      "parentUUID": "bf1c4d5b-78b1-496a-9f19-8c84b8e92b97",
                      "isHook": false,
                      "skipped": false
                    },
                    {
                      "title": "should reject completed orders",
                      "fullTitle": "Sales Service Unit Tests SaleModel Tests createCashSale should reject completed orders",
                      "timedOut": false,
                      "duration": 1,
                      "state": "passed",
                      "speed": "fast",
                      "pass": true,
                      "fail": false,
                      "pending": false,
                      "context": null,
                      "code": "const saleData = { order_id: 1, user_id: 1, expiration_time_id: 1 };\nmockSaleModel.createCashSale.rejects(new Error(\"No se puede crear una venta para una orden con estado 'completada'\"));\n\ntry {\n  await mockSaleModel.createCashSale(saleData, 'Bearer token');\n} catch (error) {\n  expect(error.message).to.include('completada');\n}",
                      "err": {},
                      "uuid": "86222908-e821-426d-93ec-2c9cef76112d",
                      "parentUUID": "bf1c4d5b-78b1-496a-9f19-8c84b8e92b97",
                      "isHook": false,
                      "skipped": false
                    }
                  ],
                  "suites": [],
                  "passes": [
                    "d961ea61-c572-475e-97c5-b351a6c5815f",
                    "0693aebc-d498-46f0-9eb8-5c6f9121540c",
                    "86222908-e821-426d-93ec-2c9cef76112d"
                  ],
                  "failures": [],
                  "pending": [],
                  "skipped": [],
                  "duration": 3,
                  "root": false,
                  "rootEmpty": false,
                  "_timeout": 2000
                },
                {
                  "uuid": "d055bb30-b755-4bcc-9e9c-8e59cf3e5df3",
                  "title": "findById",
                  "fullFile": "C:\\Users\\gaela\\OneDrive\\Documents\\API_Ketoffee\\sales\\test\\sales.test.js",
                  "file": "\\test\\sales.test.js",
                  "beforeHooks": [],
                  "afterHooks": [],
                  "tests": [
                    {
                      "title": "should find sale by ID",
                      "fullTitle": "Sales Service Unit Tests SaleModel Tests findById should find sale by ID",
                      "timedOut": false,
                      "duration": 0,
                      "state": "passed",
                      "speed": "fast",
                      "pass": true,
                      "fail": false,
                      "pending": false,
                      "context": null,
                      "code": "const mockSale = {\n  id: 1,\n  order_id: 1,\n  user_id: 1,\n  payment_method_name: 'Efectivo',\n  payment_status: 'Completado'\n};\nmockSaleModel.findById.resolves(mockSale);\n\nconst result = await mockSaleModel.findById(1);\nexpect(result.id).to.equal(1);\nexpect(result.payment_method_name).to.equal('Efectivo');",
                      "err": {},
                      "uuid": "c3f025c4-d6b7-4fe9-9952-439f9cfd0976",
                      "parentUUID": "d055bb30-b755-4bcc-9e9c-8e59cf3e5df3",
                      "isHook": false,
                      "skipped": false
                    },
                    {
                      "title": "should return null for non-existent sale",
                      "fullTitle": "Sales Service Unit Tests SaleModel Tests findById should return null for non-existent sale",
                      "timedOut": false,
                      "duration": 0,
                      "state": "passed",
                      "speed": "fast",
                      "pass": true,
                      "fail": false,
                      "pending": false,
                      "context": null,
                      "code": "mockSaleModel.findById.resolves(null);\n\nconst result = await mockSaleModel.findById(999);\nexpect(result).to.be.null;",
                      "err": {},
                      "uuid": "3819853b-f3b7-4fdf-b10e-53bc9095d218",
                      "parentUUID": "d055bb30-b755-4bcc-9e9c-8e59cf3e5df3",
                      "isHook": false,
                      "skipped": false
                    }
                  ],
                  "suites": [],
                  "passes": [
                    "c3f025c4-d6b7-4fe9-9952-439f9cfd0976",
                    "3819853b-f3b7-4fdf-b10e-53bc9095d218"
                  ],
                  "failures": [],
                  "pending": [],
                  "skipped": [],
                  "duration": 0,
                  "root": false,
                  "rootEmpty": false,
                  "_timeout": 2000
                },
                {
                  "uuid": "ab3b3291-7c2a-45ed-ae41-44aad0bb75a3",
                  "title": "findByUserId",
                  "fullFile": "C:\\Users\\gaela\\OneDrive\\Documents\\API_Ketoffee\\sales\\test\\sales.test.js",
                  "file": "\\test\\sales.test.js",
                  "beforeHooks": [],
                  "afterHooks": [],
                  "tests": [
                    {
                      "title": "should find sales by user ID",
                      "fullTitle": "Sales Service Unit Tests SaleModel Tests findByUserId should find sales by user ID",
                      "timedOut": false,
                      "duration": 1,
                      "state": "passed",
                      "speed": "fast",
                      "pass": true,
                      "fail": false,
                      "pending": false,
                      "context": null,
                      "code": "const mockSales = [\n  { id: 1, user_id: 1, payment_status: 'Completado' },\n  { id: 2, user_id: 1, payment_status: 'Pendiente' }\n];\nmockSaleModel.findByUserId.resolves(mockSales);\n\nconst result = await mockSaleModel.findByUserId(1);\nexpect(result).to.be.an('array');\nexpect(result).to.have.length(2);",
                      "err": {},
                      "uuid": "7e38fa69-1832-45f8-9d3a-a7b009cfdbbe",
                      "parentUUID": "ab3b3291-7c2a-45ed-ae41-44aad0bb75a3",
                      "isHook": false,
                      "skipped": false
                    },
                    {
                      "title": "should handle pagination options",
                      "fullTitle": "Sales Service Unit Tests SaleModel Tests findByUserId should handle pagination options",
                      "timedOut": false,
                      "duration": 0,
                      "state": "passed",
                      "speed": "fast",
                      "pass": true,
                      "fail": false,
                      "pending": false,
                      "context": null,
                      "code": "const mockSales = [{ id: 1, user_id: 1 }];\nmockSaleModel.findByUserId.resolves(mockSales);\n\nconst result = await mockSaleModel.findByUserId(1, { limit: 5, offset: 10 });\nexpect(result).to.be.an('array');",
                      "err": {},
                      "uuid": "f66151cb-02d5-49cc-8788-208826809ac7",
                      "parentUUID": "ab3b3291-7c2a-45ed-ae41-44aad0bb75a3",
                      "isHook": false,
                      "skipped": false
                    }
                  ],
                  "suites": [],
                  "passes": [
                    "7e38fa69-1832-45f8-9d3a-a7b009cfdbbe",
                    "f66151cb-02d5-49cc-8788-208826809ac7"
                  ],
                  "failures": [],
                  "pending": [],
                  "skipped": [],
                  "duration": 1,
                  "root": false,
                  "rootEmpty": false,
                  "_timeout": 2000
                },
                {
                  "uuid": "6009d6f4-976b-4cb3-b7fb-3d9533d97f8d",
                  "title": "reduceProductStock",
                  "fullFile": "C:\\Users\\gaela\\OneDrive\\Documents\\API_Ketoffee\\sales\\test\\sales.test.js",
                  "file": "\\test\\sales.test.js",
                  "beforeHooks": [],
                  "afterHooks": [],
                  "tests": [
                    {
                      "title": "should reduce product stock successfully",
                      "fullTitle": "Sales Service Unit Tests SaleModel Tests reduceProductStock should reduce product stock successfully",
                      "timedOut": false,
                      "duration": 1,
                      "state": "passed",
                      "speed": "fast",
                      "pass": true,
                      "fail": false,
                      "pending": false,
                      "context": null,
                      "code": "const products = [\n  { product_id: 1, quantity: 2 },\n  { product_id: 2, quantity: 1 }\n];\nmockSaleModel.reduceProductStock.resolves({ success: true });\n\nconst result = await mockSaleModel.reduceProductStock(products, 'Bearer token');\nexpect(result.success).to.be.true;",
                      "err": {},
                      "uuid": "afc828a5-b11f-401f-922a-a33ebbc0f8a7",
                      "parentUUID": "6009d6f4-976b-4cb3-b7fb-3d9533d97f8d",
                      "isHook": false,
                      "skipped": false
                    },
                    {
                      "title": "should handle insufficient stock errors",
                      "fullTitle": "Sales Service Unit Tests SaleModel Tests reduceProductStock should handle insufficient stock errors",
                      "timedOut": false,
                      "duration": 0,
                      "state": "passed",
                      "speed": "fast",
                      "pass": true,
                      "fail": false,
                      "pending": false,
                      "context": null,
                      "code": "const products = [{ product_id: 1, quantity: 100 }];\nmockSaleModel.reduceProductStock.rejects(new Error('Stock insuficiente'));\n\ntry {\n  await mockSaleModel.reduceProductStock(products, 'Bearer token');\n} catch (error) {\n  expect(error.message).to.equal('Stock insuficiente');\n}",
                      "err": {},
                      "uuid": "723fb0de-f671-43b4-8efd-b17ea7ec3d4e",
                      "parentUUID": "6009d6f4-976b-4cb3-b7fb-3d9533d97f8d",
                      "isHook": false,
                      "skipped": false
                    }
                  ],
                  "suites": [],
                  "passes": [
                    "afc828a5-b11f-401f-922a-a33ebbc0f8a7",
                    "723fb0de-f671-43b4-8efd-b17ea7ec3d4e"
                  ],
                  "failures": [],
                  "pending": [],
                  "skipped": [],
                  "duration": 1,
                  "root": false,
                  "rootEmpty": false,
                  "_timeout": 2000
                },
                {
                  "uuid": "6a4db49d-e759-47bc-91d3-bbe5b29b109b",
                  "title": "updateStatus",
                  "fullFile": "C:\\Users\\gaela\\OneDrive\\Documents\\API_Ketoffee\\sales\\test\\sales.test.js",
                  "file": "\\test\\sales.test.js",
                  "beforeHooks": [],
                  "afterHooks": [],
                  "tests": [
                    {
                      "title": "should update sale status",
                      "fullTitle": "Sales Service Unit Tests SaleModel Tests updateStatus should update sale status",
                      "timedOut": false,
                      "duration": 0,
                      "state": "passed",
                      "speed": "fast",
                      "pass": true,
                      "fail": false,
                      "pending": false,
                      "context": null,
                      "code": "const mockUpdatedSale = {\n  id: 1,\n  payment_status: 'Completado',\n  updated_at: new Date()\n};\nmockSaleModel.updateStatus.resolves(mockUpdatedSale);\n\nconst result = await mockSaleModel.updateStatus(1, 'Completado');\nexpect(result.payment_status).to.equal('Completado');",
                      "err": {},
                      "uuid": "de4c6364-3d5e-498b-a771-66760f63e36f",
                      "parentUUID": "6a4db49d-e759-47bc-91d3-bbe5b29b109b",
                      "isHook": false,
                      "skipped": false
                    },
                    {
                      "title": "should reject invalid status",
                      "fullTitle": "Sales Service Unit Tests SaleModel Tests updateStatus should reject invalid status",
                      "timedOut": false,
                      "duration": 0,
                      "state": "passed",
                      "speed": "fast",
                      "pass": true,
                      "fail": false,
                      "pending": false,
                      "context": null,
                      "code": "mockSaleModel.updateStatus.rejects(new Error('Estado inválido'));\n\ntry {\n  await mockSaleModel.updateStatus(1, 'InvalidStatus');\n} catch (error) {\n  expect(error.message).to.equal('Estado inválido');\n}",
                      "err": {},
                      "uuid": "ffd60a04-718f-40ef-8c33-cf654b7f1905",
                      "parentUUID": "6a4db49d-e759-47bc-91d3-bbe5b29b109b",
                      "isHook": false,
                      "skipped": false
                    }
                  ],
                  "suites": [],
                  "passes": [
                    "de4c6364-3d5e-498b-a771-66760f63e36f",
                    "ffd60a04-718f-40ef-8c33-cf654b7f1905"
                  ],
                  "failures": [],
                  "pending": [],
                  "skipped": [],
                  "duration": 0,
                  "root": false,
                  "rootEmpty": false,
                  "_timeout": 2000
                },
                {
                  "uuid": "6641c621-9f25-489c-b21d-93d001163c76",
                  "title": "confirmDeliveryByOrderNumber",
                  "fullFile": "C:\\Users\\gaela\\OneDrive\\Documents\\API_Ketoffee\\sales\\test\\sales.test.js",
                  "file": "\\test\\sales.test.js",
                  "beforeHooks": [],
                  "afterHooks": [],
                  "tests": [
                    {
                      "title": "should confirm delivery with correct secret word",
                      "fullTitle": "Sales Service Unit Tests SaleModel Tests confirmDeliveryByOrderNumber should confirm delivery with correct secret word",
                      "timedOut": false,
                      "duration": 0,
                      "state": "passed",
                      "speed": "fast",
                      "pass": true,
                      "fail": false,
                      "pending": false,
                      "context": null,
                      "code": "const mockResult = {\n  success: true,\n  sale: { id: 1, payment_status: 'Completado' }\n};\nmockSaleModel.confirmDeliveryByOrderNumber.resolves(mockResult);\n\nconst result = await mockSaleModel.confirmDeliveryByOrderNumber('ORD001', 'CAFE123', 'Bearer token');\nexpect(result.success).to.be.true;\nexpect(result.sale.payment_status).to.equal('Completado');",
                      "err": {},
                      "uuid": "40c7cd51-9870-475e-a6d7-9e11b04b7a34",
                      "parentUUID": "6641c621-9f25-489c-b21d-93d001163c76",
                      "isHook": false,
                      "skipped": false
                    },
                    {
                      "title": "should reject incorrect secret word",
                      "fullTitle": "Sales Service Unit Tests SaleModel Tests confirmDeliveryByOrderNumber should reject incorrect secret word",
                      "timedOut": false,
                      "duration": 1,
                      "state": "passed",
                      "speed": "fast",
                      "pass": true,
                      "fail": false,
                      "pending": false,
                      "context": null,
                      "code": "mockSaleModel.confirmDeliveryByOrderNumber.rejects(new Error('Palabra secreta incorrecta'));\n\ntry {\n  await mockSaleModel.confirmDeliveryByOrderNumber('ORD001', 'WRONG123', 'Bearer token');\n} catch (error) {\n  expect(error.message).to.equal('Palabra secreta incorrecta');\n}",
                      "err": {},
                      "uuid": "cdf62a6f-4028-4a39-a9a6-a805abfd62f0",
                      "parentUUID": "6641c621-9f25-489c-b21d-93d001163c76",
                      "isHook": false,
                      "skipped": false
                    }
                  ],
                  "suites": [],
                  "passes": [
                    "40c7cd51-9870-475e-a6d7-9e11b04b7a34",
                    "cdf62a6f-4028-4a39-a9a6-a805abfd62f0"
                  ],
                  "failures": [],
                  "pending": [],
                  "skipped": [],
                  "duration": 1,
                  "root": false,
                  "rootEmpty": false,
                  "_timeout": 2000
                },
                {
                  "uuid": "29239d17-9641-4daf-9174-f44eebd2123e",
                  "title": "generateSecretWord",
                  "fullFile": "C:\\Users\\gaela\\OneDrive\\Documents\\API_Ketoffee\\sales\\test\\sales.test.js",
                  "file": "\\test\\sales.test.js",
                  "beforeHooks": [],
                  "afterHooks": [],
                  "tests": [
                    {
                      "title": "should generate a secret word",
                      "fullTitle": "Sales Service Unit Tests SaleModel Tests generateSecretWord should generate a secret word",
                      "timedOut": false,
                      "duration": 1,
                      "state": "passed",
                      "speed": "fast",
                      "pass": true,
                      "fail": false,
                      "pending": false,
                      "context": null,
                      "code": "mockSaleModel.generateSecretWord.returns('CAFE123');\n\nconst result = mockSaleModel.generateSecretWord();\nexpect(result).to.be.a('string');\nexpect(result).to.equal('CAFE123');",
                      "err": {},
                      "uuid": "cb202d3f-9652-4f76-837f-db77a368a550",
                      "parentUUID": "29239d17-9641-4daf-9174-f44eebd2123e",
                      "isHook": false,
                      "skipped": false
                    },
                    {
                      "title": "should generate different words on multiple calls",
                      "fullTitle": "Sales Service Unit Tests SaleModel Tests generateSecretWord should generate different words on multiple calls",
                      "timedOut": false,
                      "duration": 0,
                      "state": "passed",
                      "speed": "fast",
                      "pass": true,
                      "fail": false,
                      "pending": false,
                      "context": null,
                      "code": "mockSaleModel.generateSecretWord.onFirstCall().returns('CAFE123');\nmockSaleModel.generateSecretWord.onSecondCall().returns('LATTE456');\n\nconst result1 = mockSaleModel.generateSecretWord();\nconst result2 = mockSaleModel.generateSecretWord();\nexpect(result1).to.not.equal(result2);",
                      "err": {},
                      "uuid": "61218f39-8b0a-4417-a40f-f7d33a3554fa",
                      "parentUUID": "29239d17-9641-4daf-9174-f44eebd2123e",
                      "isHook": false,
                      "skipped": false
                    }
                  ],
                  "suites": [],
                  "passes": [
                    "cb202d3f-9652-4f76-837f-db77a368a550",
                    "61218f39-8b0a-4417-a40f-f7d33a3554fa"
                  ],
                  "failures": [],
                  "pending": [],
                  "skipped": [],
                  "duration": 1,
                  "root": false,
                  "rootEmpty": false,
                  "_timeout": 2000
                },
                {
                  "uuid": "1fa88248-bf91-4fe4-bfb2-7521331ddf65",
                  "title": "detectAllPromotions",
                  "fullFile": "C:\\Users\\gaela\\OneDrive\\Documents\\API_Ketoffee\\sales\\test\\sales.test.js",
                  "file": "\\test\\sales.test.js",
                  "beforeHooks": [],
                  "afterHooks": [],
                  "tests": [
                    {
                      "title": "should detect applicable promotions",
                      "fullTitle": "Sales Service Unit Tests SaleModel Tests detectAllPromotions should detect applicable promotions",
                      "timedOut": false,
                      "duration": 0,
                      "state": "passed",
                      "speed": "fast",
                      "pass": true,
                      "fail": false,
                      "pending": false,
                      "context": null,
                      "code": "const products = [\n  { product_id: 1, quantity: 2 },\n  { product_id: 2, quantity: 1 }\n];\nconst mockPromotions = {\n  applied_promotions: [\n    { promotion_id: 1, promotion_name: '2x1 Café', discount: 15.50 }\n  ],\n  total_discount: 15.50\n};\nmockSaleModel.detectAllPromotions.resolves(mockPromotions);\n\nconst result = await mockSaleModel.detectAllPromotions(products);\nexpect(result.applied_promotions).to.be.an('array');\nexpect(result.total_discount).to.equal(15.50);",
                      "err": {},
                      "uuid": "79f37896-0f82-45b8-918e-73c902d7a57f",
                      "parentUUID": "1fa88248-bf91-4fe4-bfb2-7521331ddf65",
                      "isHook": false,
                      "skipped": false
                    },
                    {
                      "title": "should return empty promotions when none apply",
                      "fullTitle": "Sales Service Unit Tests SaleModel Tests detectAllPromotions should return empty promotions when none apply",
                      "timedOut": false,
                      "duration": 0,
                      "state": "passed",
                      "speed": "fast",
                      "pass": true,
                      "fail": false,
                      "pending": false,
                      "context": null,
                      "code": "const products = [{ product_id: 1, quantity: 1 }];\nconst mockPromotions = {\n  applied_promotions: [],\n  total_discount: 0\n};\nmockSaleModel.detectAllPromotions.resolves(mockPromotions);\n\nconst result = await mockSaleModel.detectAllPromotions(products);\nexpect(result.applied_promotions).to.have.length(0);\nexpect(result.total_discount).to.equal(0);",
                      "err": {},
                      "uuid": "d7be7a29-69cb-4449-b086-16de62330766",
                      "parentUUID": "1fa88248-bf91-4fe4-bfb2-7521331ddf65",
                      "isHook": false,
                      "skipped": false
                    }
                  ],
                  "suites": [],
                  "passes": [
                    "79f37896-0f82-45b8-918e-73c902d7a57f",
                    "d7be7a29-69cb-4449-b086-16de62330766"
                  ],
                  "failures": [],
                  "pending": [],
                  "skipped": [],
                  "duration": 0,
                  "root": false,
                  "rootEmpty": false,
                  "_timeout": 2000
                },
                {
                  "uuid": "8bba032c-4f8a-4f21-883c-c5f7b454d90d",
                  "title": "getDailySalesCut",
                  "fullFile": "C:\\Users\\gaela\\OneDrive\\Documents\\API_Ketoffee\\sales\\test\\sales.test.js",
                  "file": "\\test\\sales.test.js",
                  "beforeHooks": [],
                  "afterHooks": [],
                  "tests": [
                    {
                      "title": "should return daily sales cut data",
                      "fullTitle": "Sales Service Unit Tests SaleModel Tests getDailySalesCut should return daily sales cut data",
                      "timedOut": false,
                      "duration": 1,
                      "state": "passed",
                      "speed": "fast",
                      "pass": true,
                      "fail": false,
                      "pending": false,
                      "context": null,
                      "code": "const mockCutData = {\n  date: '2024-01-15',\n  total_sales: 25,\n  total_amount: 1250.50,\n  cash_amount: 750.25,\n  card_amount: 500.25,\n  sales_by_hour: []\n};\nmockSaleModel.getDailySalesCut.resolves(mockCutData);\n\nconst result = await mockSaleModel.getDailySalesCut('2024-01-15');\nexpect(result.total_sales).to.equal(25);\nexpect(result.total_amount).to.equal(1250.50);",
                      "err": {},
                      "uuid": "fb9b5e1c-46ac-44fa-8209-1f29b6c1e3e9",
                      "parentUUID": "8bba032c-4f8a-4f21-883c-c5f7b454d90d",
                      "isHook": false,
                      "skipped": false
                    },
                    {
                      "title": "should handle dates with no sales",
                      "fullTitle": "Sales Service Unit Tests SaleModel Tests getDailySalesCut should handle dates with no sales",
                      "timedOut": false,
                      "duration": 1,
                      "state": "passed",
                      "speed": "fast",
                      "pass": true,
                      "fail": false,
                      "pending": false,
                      "context": null,
                      "code": "const mockCutData = {\n  date: '2024-01-01',\n  total_sales: 0,\n  total_amount: 0,\n  cash_amount: 0,\n  card_amount: 0,\n  sales_by_hour: []\n};\nmockSaleModel.getDailySalesCut.resolves(mockCutData);\n\nconst result = await mockSaleModel.getDailySalesCut('2024-01-01');\nexpect(result.total_sales).to.equal(0);\nexpect(result.total_amount).to.equal(0);",
                      "err": {},
                      "uuid": "14a1c193-9cc3-4dbc-888f-8f4948e0863a",
                      "parentUUID": "8bba032c-4f8a-4f21-883c-c5f7b454d90d",
                      "isHook": false,
                      "skipped": false
                    }
                  ],
                  "suites": [],
                  "passes": [
                    "fb9b5e1c-46ac-44fa-8209-1f29b6c1e3e9",
                    "14a1c193-9cc3-4dbc-888f-8f4948e0863a"
                  ],
                  "failures": [],
                  "pending": [],
                  "skipped": [],
                  "duration": 2,
                  "root": false,
                  "rootEmpty": false,
                  "_timeout": 2000
                },
                {
                  "uuid": "3100423e-c666-49c9-b89c-90612742ae15",
                  "title": "getSalesCutByDateRange",
                  "fullFile": "C:\\Users\\gaela\\OneDrive\\Documents\\API_Ketoffee\\sales\\test\\sales.test.js",
                  "file": "\\test\\sales.test.js",
                  "beforeHooks": [],
                  "afterHooks": [],
                  "tests": [
                    {
                      "title": "should return sales cut for date range",
                      "fullTitle": "Sales Service Unit Tests SaleModel Tests getSalesCutByDateRange should return sales cut for date range",
                      "timedOut": false,
                      "duration": 1,
                      "state": "passed",
                      "speed": "fast",
                      "pass": true,
                      "fail": false,
                      "pending": false,
                      "context": null,
                      "code": "const mockRangeData = {\n  start_date: '2024-01-01',\n  end_date: '2024-01-07',\n  total_sales: 175,\n  total_amount: 8750.75,\n  daily_breakdown: []\n};\nmockSaleModel.getSalesCutByDateRange.resolves(mockRangeData);\n\nconst result = await mockSaleModel.getSalesCutByDateRange('2024-01-01', '2024-01-07');\nexpect(result.total_sales).to.equal(175);\nexpect(result.total_amount).to.equal(8750.75);",
                      "err": {},
                      "uuid": "a9b8e62a-d8aa-4792-85b6-1910daf8d71e",
                      "parentUUID": "3100423e-c666-49c9-b89c-90612742ae15",
                      "isHook": false,
                      "skipped": false
                    }
                  ],
                  "suites": [],
                  "passes": [
                    "a9b8e62a-d8aa-4792-85b6-1910daf8d71e"
                  ],
                  "failures": [],
                  "pending": [],
                  "skipped": [],
                  "duration": 1,
                  "root": false,
                  "rootEmpty": false,
                  "_timeout": 2000
                },
                {
                  "uuid": "fa99bcfa-670b-475d-ad11-28dd52144e5b",
                  "title": "findWithFilters",
                  "fullFile": "C:\\Users\\gaela\\OneDrive\\Documents\\API_Ketoffee\\sales\\test\\sales.test.js",
                  "file": "\\test\\sales.test.js",
                  "beforeHooks": [],
                  "afterHooks": [],
                  "tests": [
                    {
                      "title": "should find sales with filters",
                      "fullTitle": "Sales Service Unit Tests SaleModel Tests findWithFilters should find sales with filters",
                      "timedOut": false,
                      "duration": 0,
                      "state": "passed",
                      "speed": "fast",
                      "pass": true,
                      "fail": false,
                      "pending": false,
                      "context": null,
                      "code": "const filters = {\n  payment_status: 'Completado',\n  payment_method: 'Efectivo'\n};\nconst mockSales = [\n  { id: 1, payment_status: 'Completado', payment_method_name: 'Efectivo' },\n  { id: 2, payment_status: 'Completado', payment_method_name: 'Efectivo' }\n];\nmockSaleModel.findWithFilters.resolves(mockSales);\n\nconst result = await mockSaleModel.findWithFilters(filters);\nexpect(result).to.be.an('array');\nexpect(result).to.have.length(2);",
                      "err": {},
                      "uuid": "36d563a0-1c6b-4886-b6e8-bf4e7b58821c",
                      "parentUUID": "fa99bcfa-670b-475d-ad11-28dd52144e5b",
                      "isHook": false,
                      "skipped": false
                    },
                    {
                      "title": "should return empty array when no matches",
                      "fullTitle": "Sales Service Unit Tests SaleModel Tests findWithFilters should return empty array when no matches",
                      "timedOut": false,
                      "duration": 0,
                      "state": "passed",
                      "speed": "fast",
                      "pass": true,
                      "fail": false,
                      "pending": false,
                      "context": null,
                      "code": "const filters = { payment_status: 'NonExistent' };\nmockSaleModel.findWithFilters.resolves([]);\n\nconst result = await mockSaleModel.findWithFilters(filters);\nexpect(result).to.be.an('array');\nexpect(result).to.have.length(0);",
                      "err": {},
                      "uuid": "3d08ef46-01d1-4b4f-a2dc-8bdbbd7d786b",
                      "parentUUID": "fa99bcfa-670b-475d-ad11-28dd52144e5b",
                      "isHook": false,
                      "skipped": false
                    }
                  ],
                  "suites": [],
                  "passes": [
                    "36d563a0-1c6b-4886-b6e8-bf4e7b58821c",
                    "3d08ef46-01d1-4b4f-a2dc-8bdbbd7d786b"
                  ],
                  "failures": [],
                  "pending": [],
                  "skipped": [],
                  "duration": 0,
                  "root": false,
                  "rootEmpty": false,
                  "_timeout": 2000
                },
                {
                  "uuid": "effb9770-a637-477d-b54b-beadc59167e1",
                  "title": "cancelExpiredSales",
                  "fullFile": "C:\\Users\\gaela\\OneDrive\\Documents\\API_Ketoffee\\sales\\test\\sales.test.js",
                  "file": "\\test\\sales.test.js",
                  "beforeHooks": [],
                  "afterHooks": [],
                  "tests": [
                    {
                      "title": "should cancel expired sales",
                      "fullTitle": "Sales Service Unit Tests SaleModel Tests cancelExpiredSales should cancel expired sales",
                      "timedOut": false,
                      "duration": 1,
                      "state": "passed",
                      "speed": "fast",
                      "pass": true,
                      "fail": false,
                      "pending": false,
                      "context": null,
                      "code": "const mockResult = {\n  cancelled_count: 5,\n  cancelled_sales: [1, 2, 3, 4, 5]\n};\nmockSaleModel.cancelExpiredSales.resolves(mockResult);\n\nconst result = await mockSaleModel.cancelExpiredSales();\nexpect(result.cancelled_count).to.equal(5);\nexpect(result.cancelled_sales).to.be.an('array');",
                      "err": {},
                      "uuid": "4690f065-d532-40b5-bdf6-bc8977d62b22",
                      "parentUUID": "effb9770-a637-477d-b54b-beadc59167e1",
                      "isHook": false,
                      "skipped": false
                    },
                    {
                      "title": "should return zero when no expired sales",
                      "fullTitle": "Sales Service Unit Tests SaleModel Tests cancelExpiredSales should return zero when no expired sales",
                      "timedOut": false,
                      "duration": 0,
                      "state": "passed",
                      "speed": "fast",
                      "pass": true,
                      "fail": false,
                      "pending": false,
                      "context": null,
                      "code": "const mockResult = {\n  cancelled_count: 0,\n  cancelled_sales: []\n};\nmockSaleModel.cancelExpiredSales.resolves(mockResult);\n\nconst result = await mockSaleModel.cancelExpiredSales();\nexpect(result.cancelled_count).to.equal(0);",
                      "err": {},
                      "uuid": "d7b188fe-8ab5-4a62-87d1-3b3ba5ee3e87",
                      "parentUUID": "effb9770-a637-477d-b54b-beadc59167e1",
                      "isHook": false,
                      "skipped": false
                    }
                  ],
                  "suites": [],
                  "passes": [
                    "4690f065-d532-40b5-bdf6-bc8977d62b22",
                    "d7b188fe-8ab5-4a62-87d1-3b3ba5ee3e87"
                  ],
                  "failures": [],
                  "pending": [],
                  "skipped": [],
                  "duration": 1,
                  "root": false,
                  "rootEmpty": false,
                  "_timeout": 2000
                }
              ],
              "passes": [],
              "failures": [],
              "pending": [],
              "skipped": [],
              "duration": 0,
              "root": false,
              "rootEmpty": false,
              "_timeout": 2000
            },
            {
              "uuid": "447c9b65-8d85-4399-8d57-ff382ddbf293",
              "title": "Integration Tests",
              "fullFile": "C:\\Users\\gaela\\OneDrive\\Documents\\API_Ketoffee\\sales\\test\\sales.test.js",
              "file": "\\test\\sales.test.js",
              "beforeHooks": [],
              "afterHooks": [],
              "tests": [],
              "suites": [
                {
                  "uuid": "c826e91e-db15-405f-9d6f-8551ad8c8ea5",
                  "title": "Sale Workflow",
                  "fullFile": "C:\\Users\\gaela\\OneDrive\\Documents\\API_Ketoffee\\sales\\test\\sales.test.js",
                  "file": "\\test\\sales.test.js",
                  "beforeHooks": [],
                  "afterHooks": [],
                  "tests": [
                    {
                      "title": "should complete full cash sale workflow",
                      "fullTitle": "Sales Service Unit Tests Integration Tests Sale Workflow should complete full cash sale workflow",
                      "timedOut": false,
                      "duration": 0,
                      "state": "passed",
                      "speed": "fast",
                      "pass": true,
                      "fail": false,
                      "pending": false,
                      "context": null,
                      "code": "// Mock the complete workflow\nconst saleData = {\n  order_id: 1,\n  user_id: 1,\n  expiration_time_id: 1,\n  cash_amount: 100.50\n};\n\n// Create sale\nmockSaleModel.createCashSale.resolves({\n  id: 1,\n  secret_word: 'CAFE123',\n  payment_status: 'Pendiente'\n});\n\n// Confirm delivery\nmockSaleModel.confirmDeliveryByOrderNumber.resolves({\n  success: true,\n  sale: { id: 1, payment_status: 'Completado' }\n});\n\nconst sale = await mockSaleModel.createCashSale(saleData, 'Bearer token');\nexpect(sale.id).to.equal(1);\n\nconst confirmation = await mockSaleModel.confirmDeliveryByOrderNumber('ORD001', 'CAFE123', 'Bearer token');\nexpect(confirmation.success).to.be.true;",
                      "err": {},
                      "uuid": "9b94bd8e-37d2-43ed-9096-0212afb86ecb",
                      "parentUUID": "c826e91e-db15-405f-9d6f-8551ad8c8ea5",
                      "isHook": false,
                      "skipped": false
                    }
                  ],
                  "suites": [],
                  "passes": [
                    "9b94bd8e-37d2-43ed-9096-0212afb86ecb"
                  ],
                  "failures": [],
                  "pending": [],
                  "skipped": [],
                  "duration": 0,
                  "root": false,
                  "rootEmpty": false,
                  "_timeout": 2000
                }
              ],
              "passes": [],
              "failures": [],
              "pending": [],
              "skipped": [],
              "duration": 0,
              "root": false,
              "rootEmpty": false,
              "_timeout": 2000
            }
          ],
          "passes": [],
          "failures": [],
          "pending": [],
          "skipped": [],
          "duration": 0,
          "root": false,
          "rootEmpty": false,
          "_timeout": 2000
        }
      ],
      "passes": [],
      "failures": [],
      "pending": [],
      "skipped": [],
      "duration": 0,
      "root": true,
      "rootEmpty": true,
      "_timeout": 2000
    }
  ],
  "meta": {
    "mocha": {
      "version": "11.7.1"
    },
    "mochawesome": {
      "options": {
        "quiet": false,
        "reportFilename": "test-report",
        "saveHtml": true,
        "saveJson": true,
        "consoleReporter": "spec",
        "useInlineDiffs": false,
        "code": true
      },
      "version": "7.1.3"
    },
    "marge": {
      "options": {
        "reportDir": "test-results",
        "reportFilename": "test-report"
      },
      "version": "6.2.0"
    }
  }
}