{
  "stats": {
    "suites": 6,
    "tests": 50,
    "passes": 50,
    "pending": 0,
    "failures": 0,
    "start": "2025-07-28T20:51:50.969Z",
    "end": "2025-07-28T20:51:51.039Z",
    "duration": 70,
    "testsRegistered": 50,
    "passPercent": 100,
    "pendingPercent": 0,
    "other": 0,
    "hasOther": false,
    "skipped": 0,
    "hasSkipped": false
  },
  "results": [
    {
      "uuid": "7a0655be-4e77-4d71-bd96-4aa2e48937df",
      "title": "",
      "fullFile": "C:\\Users\\gaela\\OneDrive\\Documents\\API_Ketoffee\\products\\test\\products.test.js",
      "file": "\\test\\products.test.js",
      "beforeHooks": [],
      "afterHooks": [],
      "tests": [],
      "suites": [
        {
          "uuid": "0779de55-b701-45ec-a6cc-0e764dec36dc",
          "title": "Products and Promotions Module - 50 Unit Tests",
          "fullFile": "C:\\Users\\gaela\\OneDrive\\Documents\\API_Ketoffee\\products\\test\\products.test.js",
          "file": "\\test\\products.test.js",
          "beforeHooks": [
            {
              "title": "\"before each\" hook in \"Products and Promotions Module - 50 Unit Tests\"",
              "fullTitle": "Products and Promotions Module - 50 Unit Tests \"before each\" hook in \"Products and Promotions Module - 50 Unit Tests\"",
              "timedOut": false,
              "duration": 0,
              "state": null,
              "speed": null,
              "pass": false,
              "fail": false,
              "pending": false,
              "context": null,
              "code": "app = express();\napp.use(express.json());\nsandbox = sinon.createSandbox();",
              "err": {},
              "uuid": "97d018c8-e5d6-4ba3-bba1-5d034a05cc87",
              "parentUUID": "0779de55-b701-45ec-a6cc-0e764dec36dc",
              "isHook": true,
              "skipped": false
            }
          ],
          "afterHooks": [
            {
              "title": "\"after each\" hook in \"Products and Promotions Module - 50 Unit Tests\"",
              "fullTitle": "Products and Promotions Module - 50 Unit Tests \"after each\" hook in \"Products and Promotions Module - 50 Unit Tests\"",
              "timedOut": false,
              "duration": 0,
              "state": null,
              "speed": null,
              "pass": false,
              "fail": false,
              "pending": false,
              "context": null,
              "code": "sandbox.restore();\nsinon.restore();",
              "err": {},
              "uuid": "af319a4f-8077-4414-90b1-d9a671623ded",
              "parentUUID": "0779de55-b701-45ec-a6cc-0e764dec36dc",
              "isHook": true,
              "skipped": false
            }
          ],
          "tests": [],
          "suites": [
            {
              "uuid": "85787dd8-b586-42a6-a454-59097be48bd9",
              "title": "ProductController",
              "fullFile": "C:\\Users\\gaela\\OneDrive\\Documents\\API_Ketoffee\\products\\test\\products.test.js",
              "file": "\\test\\products.test.js",
              "beforeHooks": [],
              "afterHooks": [],
              "tests": [
                {
                  "title": "1. should get all products successfully",
                  "fullTitle": "Products and Promotions Module - 50 Unit Tests ProductController 1. should get all products successfully",
                  "timedOut": false,
                  "duration": 1,
                  "state": "passed",
                  "speed": "fast",
                  "pass": true,
                  "fail": false,
                  "pending": false,
                  "context": null,
                  "code": "const mockProducts = [\n  { id: 1, name_product: 'Café Americano', price_product: 5.50, stock_display: 'Disponible' },\n  { id: 2, name_product: 'Café Latte', price_product: 6.00, stock_display: 'Disponible' }\n];\n\nmockProductController.getAllProducts.resolves({\n  status: 200,\n  json: sinon.stub().returns({ productos: mockProducts })\n});\n\nconst result = await mockProductController.getAllProducts();\nexpect(result.status).to.equal(200);",
                  "err": {},
                  "uuid": "347014bd-6fcd-4c4e-bb97-466addaa7ece",
                  "parentUUID": "85787dd8-b586-42a6-a454-59097be48bd9",
                  "isHook": false,
                  "skipped": false
                },
                {
                  "title": "2. should handle errors when getting all products",
                  "fullTitle": "Products and Promotions Module - 50 Unit Tests ProductController 2. should handle errors when getting all products",
                  "timedOut": false,
                  "duration": 1,
                  "state": "passed",
                  "speed": "fast",
                  "pass": true,
                  "fail": false,
                  "pending": false,
                  "context": null,
                  "code": "mockProductController.getAllProducts.rejects(new Error('Database error'));\n\ntry {\n  await mockProductController.getAllProducts();\n} catch (error) {\n  expect(error.message).to.equal('Database error');\n}",
                  "err": {},
                  "uuid": "eb5f8eee-b6db-4f33-9aa1-1683b19aec1b",
                  "parentUUID": "85787dd8-b586-42a6-a454-59097be48bd9",
                  "isHook": false,
                  "skipped": false
                },
                {
                  "title": "3. should get product by ID successfully",
                  "fullTitle": "Products and Promotions Module - 50 Unit Tests ProductController 3. should get product by ID successfully",
                  "timedOut": false,
                  "duration": 0,
                  "state": "passed",
                  "speed": "fast",
                  "pass": true,
                  "fail": false,
                  "pending": false,
                  "context": null,
                  "code": "const mockProduct = { id: 1, name_product: 'Café Test', price_product: 5.50 };\n\nmockProductController.getProductById.resolves({\n  status: 200,\n  json: sinon.stub().returns({ producto: mockProduct })\n});\n\nconst result = await mockProductController.getProductById(1);\nexpect(result.status).to.equal(200);",
                  "err": {},
                  "uuid": "2804ce4f-f0f2-4c81-89fb-6890af53bd95",
                  "parentUUID": "85787dd8-b586-42a6-a454-59097be48bd9",
                  "isHook": false,
                  "skipped": false
                },
                {
                  "title": "4. should return 404 when product not found by ID",
                  "fullTitle": "Products and Promotions Module - 50 Unit Tests ProductController 4. should return 404 when product not found by ID",
                  "timedOut": false,
                  "duration": 1,
                  "state": "passed",
                  "speed": "fast",
                  "pass": true,
                  "fail": false,
                  "pending": false,
                  "context": null,
                  "code": "mockProductController.getProductById.resolves({\n  status: 404,\n  json: sinon.stub().returns({ error: 'Producto no encontrado' })\n});\n\nconst result = await mockProductController.getProductById(999);\nexpect(result.status).to.equal(404);",
                  "err": {},
                  "uuid": "502182f7-4037-4104-85d9-6fc677489996",
                  "parentUUID": "85787dd8-b586-42a6-a454-59097be48bd9",
                  "isHook": false,
                  "skipped": false
                },
                {
                  "title": "5. should get products by name successfully",
                  "fullTitle": "Products and Promotions Module - 50 Unit Tests ProductController 5. should get products by name successfully",
                  "timedOut": false,
                  "duration": 0,
                  "state": "passed",
                  "speed": "fast",
                  "pass": true,
                  "fail": false,
                  "pending": false,
                  "context": null,
                  "code": "const mockProducts = [{ id: 1, name_product: 'Café Americano' }];\n\nmockProductController.getProductsByName.resolves({\n  status: 200,\n  json: sinon.stub().returns({ productos: mockProducts })\n});\n\nconst result = await mockProductController.getProductsByName('Café');\nexpect(result.status).to.equal(200);",
                  "err": {},
                  "uuid": "7373085d-8d2e-40ff-b209-d94f5de5a775",
                  "parentUUID": "85787dd8-b586-42a6-a454-59097be48bd9",
                  "isHook": false,
                  "skipped": false
                },
                {
                  "title": "6. should get products by price successfully",
                  "fullTitle": "Products and Promotions Module - 50 Unit Tests ProductController 6. should get products by price successfully",
                  "timedOut": false,
                  "duration": 1,
                  "state": "passed",
                  "speed": "fast",
                  "pass": true,
                  "fail": false,
                  "pending": false,
                  "context": null,
                  "code": "const mockProducts = [{ id: 1, name_product: 'Café Test', price_product: 5.50 }];\n\nmockProductController.getProductsByPrice.resolves({\n  status: 200,\n  json: sinon.stub().returns({ productos: mockProducts })\n});\n\nconst result = await mockProductController.getProductsByPrice(5.50);\nexpect(result.status).to.equal(200);",
                  "err": {},
                  "uuid": "f6b5eb28-4221-4dcc-a5f8-e08b18854eb4",
                  "parentUUID": "85787dd8-b586-42a6-a454-59097be48bd9",
                  "isHook": false,
                  "skipped": false
                },
                {
                  "title": "7. should get products by stock with boolean type",
                  "fullTitle": "Products and Promotions Module - 50 Unit Tests ProductController 7. should get products by stock with boolean type",
                  "timedOut": false,
                  "duration": 0,
                  "state": "passed",
                  "speed": "fast",
                  "pass": true,
                  "fail": false,
                  "pending": false,
                  "context": null,
                  "code": "const mockProducts = [{ id: 1, stock: 1, stock_type: 'boolean', stock_display: 'Disponible' }];\n\nmockProductController.getProductsByStock.resolves({\n  status: 200,\n  json: sinon.stub().returns({ productos: mockProducts })\n});\n\nconst result = await mockProductController.getProductsByStock('disponible');\nexpect(result.status).to.equal(200);",
                  "err": {},
                  "uuid": "803f58dc-fd7f-473c-a847-9f7edf02d3a4",
                  "parentUUID": "85787dd8-b586-42a6-a454-59097be48bd9",
                  "isHook": false,
                  "skipped": false
                },
                {
                  "title": "8. should create product successfully with image",
                  "fullTitle": "Products and Promotions Module - 50 Unit Tests ProductController 8. should create product successfully with image",
                  "timedOut": false,
                  "duration": 1,
                  "state": "passed",
                  "speed": "fast",
                  "pass": true,
                  "fail": false,
                  "pending": false,
                  "context": null,
                  "code": "const mockProduct = {\n  id: 1,\n  name_product: 'Nuevo Café',\n  price_product: 6.00,\n  stock: 10,\n  stock_type: 'units',\n  image_product: 'https://imagekit.io/image.jpg'\n};\n\nmockProductController.createProduct.resolves({\n  status: 201,\n  json: sinon.stub().returns({ message: 'Producto creado exitosamente', producto: mockProduct })\n});\n\nconst result = await mockProductController.createProduct(mockProduct);\nexpect(result.status).to.equal(201);",
                  "err": {},
                  "uuid": "cbbf080f-2cc4-4a81-ab10-292f344aa843",
                  "parentUUID": "85787dd8-b586-42a6-a454-59097be48bd9",
                  "isHook": false,
                  "skipped": false
                },
                {
                  "title": "9. should return 400 when missing required fields",
                  "fullTitle": "Products and Promotions Module - 50 Unit Tests ProductController 9. should return 400 when missing required fields",
                  "timedOut": false,
                  "duration": 0,
                  "state": "passed",
                  "speed": "fast",
                  "pass": true,
                  "fail": false,
                  "pending": false,
                  "context": null,
                  "code": "mockProductController.createProduct.resolves({\n  status: 400,\n  json: sinon.stub().returns({ error: 'Faltan campos requeridos' })\n});\n\nconst result = await mockProductController.createProduct({ name_product: 'Test' });\nexpect(result.status).to.equal(400);",
                  "err": {},
                  "uuid": "3c372188-d783-462b-8b6c-6cf6a2eb4476",
                  "parentUUID": "85787dd8-b586-42a6-a454-59097be48bd9",
                  "isHook": false,
                  "skipped": false
                },
                {
                  "title": "10. should return 400 for invalid stock type",
                  "fullTitle": "Products and Promotions Module - 50 Unit Tests ProductController 10. should return 400 for invalid stock type",
                  "timedOut": false,
                  "duration": 1,
                  "state": "passed",
                  "speed": "fast",
                  "pass": true,
                  "fail": false,
                  "pending": false,
                  "context": null,
                  "code": "mockProductController.createProduct.resolves({\n  status: 400,\n  json: sinon.stub().returns({ error: 'stock_type debe ser \"units\" o \"boolean\"' })\n});\n\nconst productData = {\n  name_product: 'Test',\n  price_product: 5.00,\n  stock_type: 'invalid'\n};\n\nconst result = await mockProductController.createProduct(productData);\nexpect(result.status).to.equal(400);",
                  "err": {},
                  "uuid": "1324c811-dbce-40d0-bd4d-416b7b795ec7",
                  "parentUUID": "85787dd8-b586-42a6-a454-59097be48bd9",
                  "isHook": false,
                  "skipped": false
                },
                {
                  "title": "11. should update product successfully",
                  "fullTitle": "Products and Promotions Module - 50 Unit Tests ProductController 11. should update product successfully",
                  "timedOut": false,
                  "duration": 1,
                  "state": "passed",
                  "speed": "fast",
                  "pass": true,
                  "fail": false,
                  "pending": false,
                  "context": null,
                  "code": "const mockUpdatedProduct = {\n  id: 1,\n  name_product: 'Café Actualizado',\n  price_product: 7.00\n};\n\nmockProductController.updateProduct.resolves({\n  status: 200,\n  json: sinon.stub().returns({ message: 'Producto actualizado exitosamente', producto: mockUpdatedProduct })\n});\n\nconst result = await mockProductController.updateProduct(1, { name_product: 'Café Actualizado' });\nexpect(result.status).to.equal(200);",
                  "err": {},
                  "uuid": "f721e2f6-03c9-444d-9a3d-8cc55881bc31",
                  "parentUUID": "85787dd8-b586-42a6-a454-59097be48bd9",
                  "isHook": false,
                  "skipped": false
                },
                {
                  "title": "12. should return 404 when updating non-existent product",
                  "fullTitle": "Products and Promotions Module - 50 Unit Tests ProductController 12. should return 404 when updating non-existent product",
                  "timedOut": false,
                  "duration": 0,
                  "state": "passed",
                  "speed": "fast",
                  "pass": true,
                  "fail": false,
                  "pending": false,
                  "context": null,
                  "code": "mockProductController.updateProduct.resolves({\n  status: 404,\n  json: sinon.stub().returns({ error: 'Producto no encontrado' })\n});\n\nconst result = await mockProductController.updateProduct(999, { name_product: 'Test' });\nexpect(result.status).to.equal(404);",
                  "err": {},
                  "uuid": "c369e93d-b6d8-443e-9989-3aa88ff3aee1",
                  "parentUUID": "85787dd8-b586-42a6-a454-59097be48bd9",
                  "isHook": false,
                  "skipped": false
                },
                {
                  "title": "13. should update product image successfully",
                  "fullTitle": "Products and Promotions Module - 50 Unit Tests ProductController 13. should update product image successfully",
                  "timedOut": false,
                  "duration": 0,
                  "state": "passed",
                  "speed": "fast",
                  "pass": true,
                  "fail": false,
                  "pending": false,
                  "context": null,
                  "code": "const mockFile = {\n  buffer: Buffer.from('fake image data'),\n  mimetype: 'image/jpeg'\n};\n\nmockProductController.updateProductImage.resolves({\n  status: 200,\n  json: sinon.stub().returns({ message: 'Imagen actualizada exitosamente' })\n});\n\nconst result = await mockProductController.updateProductImage(1, mockFile);\nexpect(result.status).to.equal(200);",
                  "err": {},
                  "uuid": "c377d1d0-a3af-4437-940e-6b77ba6b91c0",
                  "parentUUID": "85787dd8-b586-42a6-a454-59097be48bd9",
                  "isHook": false,
                  "skipped": false
                },
                {
                  "title": "14. should return 400 when no image provided for update",
                  "fullTitle": "Products and Promotions Module - 50 Unit Tests ProductController 14. should return 400 when no image provided for update",
                  "timedOut": false,
                  "duration": 0,
                  "state": "passed",
                  "speed": "fast",
                  "pass": true,
                  "fail": false,
                  "pending": false,
                  "context": null,
                  "code": "mockProductController.updateProductImage.resolves({\n  status: 400,\n  json: sinon.stub().returns({ error: 'No se subió ningún archivo' })\n});\n\nconst result = await mockProductController.updateProductImage(1, null);\nexpect(result.status).to.equal(400);",
                  "err": {},
                  "uuid": "db2b2454-58d7-4321-9722-0d9435a8d29e",
                  "parentUUID": "85787dd8-b586-42a6-a454-59097be48bd9",
                  "isHook": false,
                  "skipped": false
                },
                {
                  "title": "15. should delete product successfully",
                  "fullTitle": "Products and Promotions Module - 50 Unit Tests ProductController 15. should delete product successfully",
                  "timedOut": false,
                  "duration": 0,
                  "state": "passed",
                  "speed": "fast",
                  "pass": true,
                  "fail": false,
                  "pending": false,
                  "context": null,
                  "code": "mockProductController.deleteProduct.resolves({\n  status: 200,\n  json: sinon.stub().returns({ message: 'Producto eliminado exitosamente' })\n});\n\nconst result = await mockProductController.deleteProduct(1);\nexpect(result.status).to.equal(200);",
                  "err": {},
                  "uuid": "bd35d88e-d2ce-40ef-b45d-87524bdd5699",
                  "parentUUID": "85787dd8-b586-42a6-a454-59097be48bd9",
                  "isHook": false,
                  "skipped": false
                },
                {
                  "title": "16. should return 404 when deleting non-existent product",
                  "fullTitle": "Products and Promotions Module - 50 Unit Tests ProductController 16. should return 404 when deleting non-existent product",
                  "timedOut": false,
                  "duration": 0,
                  "state": "passed",
                  "speed": "fast",
                  "pass": true,
                  "fail": false,
                  "pending": false,
                  "context": null,
                  "code": "mockProductController.deleteProduct.resolves({\n  status: 404,\n  json: sinon.stub().returns({ error: 'Producto no encontrado' })\n});\n\nconst result = await mockProductController.deleteProduct(999);\nexpect(result.status).to.equal(404);",
                  "err": {},
                  "uuid": "40903e18-ad95-4cf0-8955-41fb15081f50",
                  "parentUUID": "85787dd8-b586-42a6-a454-59097be48bd9",
                  "isHook": false,
                  "skipped": false
                }
              ],
              "suites": [],
              "passes": [
                "347014bd-6fcd-4c4e-bb97-466addaa7ece",
                "eb5f8eee-b6db-4f33-9aa1-1683b19aec1b",
                "2804ce4f-f0f2-4c81-89fb-6890af53bd95",
                "502182f7-4037-4104-85d9-6fc677489996",
                "7373085d-8d2e-40ff-b209-d94f5de5a775",
                "f6b5eb28-4221-4dcc-a5f8-e08b18854eb4",
                "803f58dc-fd7f-473c-a847-9f7edf02d3a4",
                "cbbf080f-2cc4-4a81-ab10-292f344aa843",
                "3c372188-d783-462b-8b6c-6cf6a2eb4476",
                "1324c811-dbce-40d0-bd4d-416b7b795ec7",
                "f721e2f6-03c9-444d-9a3d-8cc55881bc31",
                "c369e93d-b6d8-443e-9989-3aa88ff3aee1",
                "c377d1d0-a3af-4437-940e-6b77ba6b91c0",
                "db2b2454-58d7-4321-9722-0d9435a8d29e",
                "bd35d88e-d2ce-40ef-b45d-87524bdd5699",
                "40903e18-ad95-4cf0-8955-41fb15081f50"
              ],
              "failures": [],
              "pending": [],
              "skipped": [],
              "duration": 7,
              "root": false,
              "rootEmpty": false,
              "_timeout": 2000
            },
            {
              "uuid": "6378b8d8-9a8d-4a31-b7a5-59adce86048f",
              "title": "PromotionController",
              "fullFile": "C:\\Users\\gaela\\OneDrive\\Documents\\API_Ketoffee\\products\\test\\products.test.js",
              "file": "\\test\\products.test.js",
              "beforeHooks": [],
              "afterHooks": [],
              "tests": [
                {
                  "title": "17. should create promotion successfully",
                  "fullTitle": "Products and Promotions Module - 50 Unit Tests PromotionController 17. should create promotion successfully",
                  "timedOut": false,
                  "duration": 0,
                  "state": "passed",
                  "speed": "fast",
                  "pass": true,
                  "fail": false,
                  "pending": false,
                  "context": null,
                  "code": "const mockPromotion = {\n  id: 1,\n  name_promotion: 'Combo Test',\n  total_combo_price: 8.50,\n  product_ids: [1, 2]\n};\n\nmockPromotionController.createPromotion.resolves({\n  status: 201,\n  json: sinon.stub().returns({ message: 'Promoción creada exitosamente', promocion: mockPromotion })\n});\n\nconst result = await mockPromotionController.createPromotion(mockPromotion);\nexpect(result.status).to.equal(201);",
                  "err": {},
                  "uuid": "ae314c11-40c9-4fa5-be12-07ed1b12d9fe",
                  "parentUUID": "6378b8d8-9a8d-4a31-b7a5-59adce86048f",
                  "isHook": false,
                  "skipped": false
                },
                {
                  "title": "18. should return 400 when promotion name is missing",
                  "fullTitle": "Products and Promotions Module - 50 Unit Tests PromotionController 18. should return 400 when promotion name is missing",
                  "timedOut": false,
                  "duration": 0,
                  "state": "passed",
                  "speed": "fast",
                  "pass": true,
                  "fail": false,
                  "pending": false,
                  "context": null,
                  "code": "mockPromotionController.createPromotion.resolves({\n  status: 400,\n  json: sinon.stub().returns({ error: 'El nombre de la promoción es requerido' })\n});\n\nconst result = await mockPromotionController.createPromotion({ total_combo_price: 8.50 });\nexpect(result.status).to.equal(400);",
                  "err": {},
                  "uuid": "145c0136-936d-4cec-ac24-b05f3fc1e472",
                  "parentUUID": "6378b8d8-9a8d-4a31-b7a5-59adce86048f",
                  "isHook": false,
                  "skipped": false
                },
                {
                  "title": "19. should return 400 when combo price is invalid",
                  "fullTitle": "Products and Promotions Module - 50 Unit Tests PromotionController 19. should return 400 when combo price is invalid",
                  "timedOut": false,
                  "duration": 1,
                  "state": "passed",
                  "speed": "fast",
                  "pass": true,
                  "fail": false,
                  "pending": false,
                  "context": null,
                  "code": "mockPromotionController.createPromotion.resolves({\n  status: 400,\n  json: sinon.stub().returns({ error: 'El precio del combo debe ser un número positivo' })\n});\n\nconst promotionData = {\n  name_promotion: 'Test',\n  total_combo_price: -5.00,\n  product_ids: [1, 2]\n};\n\nconst result = await mockPromotionController.createPromotion(promotionData);\nexpect(result.status).to.equal(400);",
                  "err": {},
                  "uuid": "4ed40304-451e-49c3-b616-e23981c7d42b",
                  "parentUUID": "6378b8d8-9a8d-4a31-b7a5-59adce86048f",
                  "isHook": false,
                  "skipped": false
                },
                {
                  "title": "20. should return 400 when less than 2 products provided",
                  "fullTitle": "Products and Promotions Module - 50 Unit Tests PromotionController 20. should return 400 when less than 2 products provided",
                  "timedOut": false,
                  "duration": 0,
                  "state": "passed",
                  "speed": "fast",
                  "pass": true,
                  "fail": false,
                  "pending": false,
                  "context": null,
                  "code": "mockPromotionController.createPromotion.resolves({\n  status: 400,\n  json: sinon.stub().returns({ error: 'Se requieren al menos 2 productos para crear una promoción' })\n});\n\nconst promotionData = {\n  name_promotion: 'Test',\n  total_combo_price: 8.50,\n  product_ids: [1]\n};\n\nconst result = await mockPromotionController.createPromotion(promotionData);\nexpect(result.status).to.equal(400);",
                  "err": {},
                  "uuid": "c5686268-2144-409a-bfe5-a8c2e2aa6fab",
                  "parentUUID": "6378b8d8-9a8d-4a31-b7a5-59adce86048f",
                  "isHook": false,
                  "skipped": false
                },
                {
                  "title": "21. should return 400 when duplicate products provided",
                  "fullTitle": "Products and Promotions Module - 50 Unit Tests PromotionController 21. should return 400 when duplicate products provided",
                  "timedOut": false,
                  "duration": 0,
                  "state": "passed",
                  "speed": "fast",
                  "pass": true,
                  "fail": false,
                  "pending": false,
                  "context": null,
                  "code": "mockPromotionController.createPromotion.resolves({\n  status: 400,\n  json: sinon.stub().returns({ error: 'No se pueden repetir productos en la promoción' })\n});\n\nconst promotionData = {\n  name_promotion: 'Test',\n  total_combo_price: 8.50,\n  product_ids: [1, 1, 2]\n};\n\nconst result = await mockPromotionController.createPromotion(promotionData);\nexpect(result.status).to.equal(400);",
                  "err": {},
                  "uuid": "1b1f3b98-b526-4643-b83e-213de96bfb17",
                  "parentUUID": "6378b8d8-9a8d-4a31-b7a5-59adce86048f",
                  "isHook": false,
                  "skipped": false
                },
                {
                  "title": "22. should get promotion by ID successfully",
                  "fullTitle": "Products and Promotions Module - 50 Unit Tests PromotionController 22. should get promotion by ID successfully",
                  "timedOut": false,
                  "duration": 0,
                  "state": "passed",
                  "speed": "fast",
                  "pass": true,
                  "fail": false,
                  "pending": false,
                  "context": null,
                  "code": "const mockPromotion = {\n  id: 1,\n  name_promotion: 'Combo Test',\n  products: []\n};\n\nmockPromotionController.getPromotionById.resolves({\n  status: 200,\n  json: sinon.stub().returns({ promocion: mockPromotion })\n});\n\nconst result = await mockPromotionController.getPromotionById(1);\nexpect(result.status).to.equal(200);",
                  "err": {},
                  "uuid": "7994ef5e-5b68-4c57-a651-1a588d2b9dda",
                  "parentUUID": "6378b8d8-9a8d-4a31-b7a5-59adce86048f",
                  "isHook": false,
                  "skipped": false
                },
                {
                  "title": "23. should return 404 when promotion not found",
                  "fullTitle": "Products and Promotions Module - 50 Unit Tests PromotionController 23. should return 404 when promotion not found",
                  "timedOut": false,
                  "duration": 0,
                  "state": "passed",
                  "speed": "fast",
                  "pass": true,
                  "fail": false,
                  "pending": false,
                  "context": null,
                  "code": "mockPromotionController.getPromotionById.resolves({\n  status: 404,\n  json: sinon.stub().returns({ error: 'Promoción no encontrada' })\n});\n\nconst result = await mockPromotionController.getPromotionById(999);\nexpect(result.status).to.equal(404);",
                  "err": {},
                  "uuid": "10e7a95d-341c-4930-bc95-c9430ba2074c",
                  "parentUUID": "6378b8d8-9a8d-4a31-b7a5-59adce86048f",
                  "isHook": false,
                  "skipped": false
                },
                {
                  "title": "24. should update promotion successfully",
                  "fullTitle": "Products and Promotions Module - 50 Unit Tests PromotionController 24. should update promotion successfully",
                  "timedOut": false,
                  "duration": 0,
                  "state": "passed",
                  "speed": "fast",
                  "pass": true,
                  "fail": false,
                  "pending": false,
                  "context": null,
                  "code": "const mockUpdatedPromotion = {\n  id: 1,\n  name_promotion: 'Combo Actualizado',\n  total_combo_price: 9.00\n};\n\nmockPromotionController.updatePromotion.resolves({\n  status: 200,\n  json: sinon.stub().returns({ message: 'Promoción actualizada exitosamente', promocion: mockUpdatedPromotion })\n});\n\nconst result = await mockPromotionController.updatePromotion(1, { name_promotion: 'Combo Actualizado' });\nexpect(result.status).to.equal(200);",
                  "err": {},
                  "uuid": "32f4af82-4f0f-4daf-96f9-b4a9b9070df9",
                  "parentUUID": "6378b8d8-9a8d-4a31-b7a5-59adce86048f",
                  "isHook": false,
                  "skipped": false
                },
                {
                  "title": "25. should delete promotion successfully",
                  "fullTitle": "Products and Promotions Module - 50 Unit Tests PromotionController 25. should delete promotion successfully",
                  "timedOut": false,
                  "duration": 0,
                  "state": "passed",
                  "speed": "fast",
                  "pass": true,
                  "fail": false,
                  "pending": false,
                  "context": null,
                  "code": "mockPromotionController.deletePromotion.resolves({\n  status: 200,\n  json: sinon.stub().returns({ message: 'Promoción eliminada exitosamente' })\n});\n\nconst result = await mockPromotionController.deletePromotion(1);\nexpect(result.status).to.equal(200);",
                  "err": {},
                  "uuid": "ab61ef5a-1120-4988-bc10-329379c3745a",
                  "parentUUID": "6378b8d8-9a8d-4a31-b7a5-59adce86048f",
                  "isHook": false,
                  "skipped": false
                },
                {
                  "title": "26. should get active promotions successfully",
                  "fullTitle": "Products and Promotions Module - 50 Unit Tests PromotionController 26. should get active promotions successfully",
                  "timedOut": false,
                  "duration": 0,
                  "state": "passed",
                  "speed": "fast",
                  "pass": true,
                  "fail": false,
                  "pending": false,
                  "context": null,
                  "code": "const mockPromotions = [\n  { id: 1, name_promotion: 'Combo 1', active: true },\n  { id: 2, name_promotion: 'Combo 2', active: true }\n];\n\nmockPromotionController.getActivePromotions.resolves({\n  status: 200,\n  json: sinon.stub().returns({ promociones: mockPromotions })\n});\n\nconst result = await mockPromotionController.getActivePromotions();\nexpect(result.status).to.equal(200);",
                  "err": {},
                  "uuid": "4485d7ed-0761-4257-abc3-b7ffa53a5c1b",
                  "parentUUID": "6378b8d8-9a8d-4a31-b7a5-59adce86048f",
                  "isHook": false,
                  "skipped": false
                },
                {
                  "title": "27. should upload promotion image successfully",
                  "fullTitle": "Products and Promotions Module - 50 Unit Tests PromotionController 27. should upload promotion image successfully",
                  "timedOut": false,
                  "duration": 0,
                  "state": "passed",
                  "speed": "fast",
                  "pass": true,
                  "fail": false,
                  "pending": false,
                  "context": null,
                  "code": "const mockFile = {\n  buffer: Buffer.from('fake image data'),\n  mimetype: 'image/jpeg'\n};\n\nmockPromotionController.uploadPromotionImage.resolves({\n  status: 200,\n  json: sinon.stub().returns({ message: 'Imagen subida exitosamente' })\n});\n\nconst result = await mockPromotionController.uploadPromotionImage(1, mockFile);\nexpect(result.status).to.equal(200);",
                  "err": {},
                  "uuid": "518b2779-4569-46f5-abca-51892569342d",
                  "parentUUID": "6378b8d8-9a8d-4a31-b7a5-59adce86048f",
                  "isHook": false,
                  "skipped": false
                }
              ],
              "suites": [],
              "passes": [
                "ae314c11-40c9-4fa5-be12-07ed1b12d9fe",
                "145c0136-936d-4cec-ac24-b05f3fc1e472",
                "4ed40304-451e-49c3-b616-e23981c7d42b",
                "c5686268-2144-409a-bfe5-a8c2e2aa6fab",
                "1b1f3b98-b526-4643-b83e-213de96bfb17",
                "7994ef5e-5b68-4c57-a651-1a588d2b9dda",
                "10e7a95d-341c-4930-bc95-c9430ba2074c",
                "32f4af82-4f0f-4daf-96f9-b4a9b9070df9",
                "ab61ef5a-1120-4988-bc10-329379c3745a",
                "4485d7ed-0761-4257-abc3-b7ffa53a5c1b",
                "518b2779-4569-46f5-abca-51892569342d"
              ],
              "failures": [],
              "pending": [],
              "skipped": [],
              "duration": 1,
              "root": false,
              "rootEmpty": false,
              "_timeout": 2000
            },
            {
              "uuid": "df7b6e91-2156-46b3-a986-5a14fa8b909c",
              "title": "ProductModel",
              "fullFile": "C:\\Users\\gaela\\OneDrive\\Documents\\API_Ketoffee\\products\\test\\products.test.js",
              "file": "\\test\\products.test.js",
              "beforeHooks": [],
              "afterHooks": [],
              "tests": [
                {
                  "title": "28. should convert image to base64 successfully",
                  "fullTitle": "Products and Promotions Module - 50 Unit Tests ProductModel 28. should convert image to base64 successfully",
                  "timedOut": false,
                  "duration": 1,
                  "state": "passed",
                  "speed": "fast",
                  "pass": true,
                  "fail": false,
                  "pending": false,
                  "context": null,
                  "code": "const mockImageBuffer = Buffer.from('fake image data');\nconst expectedBase64 = 'data:image/jpeg;base64,' + mockImageBuffer.toString('base64');\n\nmockProductModel.convertImageToBase64.resolves(expectedBase64);\n\nconst result = await mockProductModel.convertImageToBase64(mockImageBuffer, 'image/jpeg');\nexpect(result).to.include('data:image/jpeg;base64,');",
                  "err": {},
                  "uuid": "6eae509b-5615-4750-a4ab-5341a625b2ee",
                  "parentUUID": "df7b6e91-2156-46b3-a986-5a14fa8b909c",
                  "isHook": false,
                  "skipped": false
                },
                {
                  "title": "29. should process image buffer successfully",
                  "fullTitle": "Products and Promotions Module - 50 Unit Tests ProductModel 29. should process image buffer successfully",
                  "timedOut": false,
                  "duration": 0,
                  "state": "passed",
                  "speed": "fast",
                  "pass": true,
                  "fail": false,
                  "pending": false,
                  "context": null,
                  "code": "const mockImageBuffer = Buffer.from('fake image data');\nconst expectedResult = 'data:image/jpeg;base64,' + mockImageBuffer.toString('base64');\n\nmockProductModel.processImageBuffer.resolves(expectedResult);\n\nconst result = await mockProductModel.processImageBuffer(mockImageBuffer);\nexpect(result).to.include('data:image/jpeg;base64,');",
                  "err": {},
                  "uuid": "6cb830fe-00e8-46e2-8a76-6fbed288548d",
                  "parentUUID": "df7b6e91-2156-46b3-a986-5a14fa8b909c",
                  "isHook": false,
                  "skipped": false
                },
                {
                  "title": "30. should process image URL successfully",
                  "fullTitle": "Products and Promotions Module - 50 Unit Tests ProductModel 30. should process image URL successfully",
                  "timedOut": false,
                  "duration": 0,
                  "state": "passed",
                  "speed": "fast",
                  "pass": true,
                  "fail": false,
                  "pending": false,
                  "context": null,
                  "code": "const imageUrl = 'https://example.com/image.jpg';\nconst expectedResult = 'data:image/jpeg;base64,/9j/4AAQ...';\n\nmockProductModel.processImageUrl.resolves(expectedResult);\n\nconst result = await mockProductModel.processImageUrl(imageUrl);\nexpect(result).to.include('data:image/jpeg;base64,');",
                  "err": {},
                  "uuid": "34ae21d0-6a28-4045-89f6-c84d2cae56eb",
                  "parentUUID": "df7b6e91-2156-46b3-a986-5a14fa8b909c",
                  "isHook": false,
                  "skipped": false
                },
                {
                  "title": "31. should find all products successfully",
                  "fullTitle": "Products and Promotions Module - 50 Unit Tests ProductModel 31. should find all products successfully",
                  "timedOut": false,
                  "duration": 1,
                  "state": "passed",
                  "speed": "fast",
                  "pass": true,
                  "fail": false,
                  "pending": false,
                  "context": null,
                  "code": "const mockProducts = [\n  { id: 1, name_product: 'Café 1', name_category: 'Bebidas' },\n  { id: 2, name_product: 'Café 2', name_category: 'Bebidas' }\n];\n\nmockProductModel.findAll.resolves(mockProducts);\n\nconst result = await mockProductModel.findAll();\nexpect(result).to.be.an('array');\nexpect(result).to.have.length(2);",
                  "err": {},
                  "uuid": "235c3ebc-e923-42ff-8745-f3975b9e0c8f",
                  "parentUUID": "df7b6e91-2156-46b3-a986-5a14fa8b909c",
                  "isHook": false,
                  "skipped": false
                },
                {
                  "title": "32. should find product by ID successfully",
                  "fullTitle": "Products and Promotions Module - 50 Unit Tests ProductModel 32. should find product by ID successfully",
                  "timedOut": false,
                  "duration": 1,
                  "state": "passed",
                  "speed": "fast",
                  "pass": true,
                  "fail": false,
                  "pending": false,
                  "context": null,
                  "code": "const mockProduct = { id: 1, name_product: 'Café Test', name_category: 'Bebidas' };\n\nmockProductModel.findById.resolves(mockProduct);\n\nconst result = await mockProductModel.findById(1);\nexpect(result).to.have.property('id', 1);\nexpect(result).to.have.property('name_product', 'Café Test');",
                  "err": {},
                  "uuid": "0f6b0b4c-28f9-4308-941b-98add48cf696",
                  "parentUUID": "df7b6e91-2156-46b3-a986-5a14fa8b909c",
                  "isHook": false,
                  "skipped": false
                },
                {
                  "title": "33. should find products by name successfully",
                  "fullTitle": "Products and Promotions Module - 50 Unit Tests ProductModel 33. should find products by name successfully",
                  "timedOut": false,
                  "duration": 1,
                  "state": "passed",
                  "speed": "fast",
                  "pass": true,
                  "fail": false,
                  "pending": false,
                  "context": null,
                  "code": "const mockProducts = [{ id: 1, name_product: 'Café Americano' }];\n\nmockProductModel.findByName.resolves(mockProducts);\n\nconst result = await mockProductModel.findByName('Café');\nexpect(result).to.be.an('array');\nexpect(result[0]).to.have.property('name_product');",
                  "err": {},
                  "uuid": "42c26ed9-8f3b-444e-b361-3f88ecb76788",
                  "parentUUID": "df7b6e91-2156-46b3-a986-5a14fa8b909c",
                  "isHook": false,
                  "skipped": false
                },
                {
                  "title": "34. should find products by price successfully",
                  "fullTitle": "Products and Promotions Module - 50 Unit Tests ProductModel 34. should find products by price successfully",
                  "timedOut": false,
                  "duration": 1,
                  "state": "passed",
                  "speed": "fast",
                  "pass": true,
                  "fail": false,
                  "pending": false,
                  "context": null,
                  "code": "const mockProducts = [{ id: 1, name_product: 'Café Test', price_product: 5.50 }];\n\nmockProductModel.findByPrice.resolves(mockProducts);\n\nconst result = await mockProductModel.findByPrice(5.50);\nexpect(result).to.be.an('array');\nexpect(result[0]).to.have.property('price_product', 5.50);",
                  "err": {},
                  "uuid": "fea64899-b094-4285-9474-0eeb77f4a60c",
                  "parentUUID": "df7b6e91-2156-46b3-a986-5a14fa8b909c",
                  "isHook": false,
                  "skipped": false
                },
                {
                  "title": "35. should find products by stock with boolean type",
                  "fullTitle": "Products and Promotions Module - 50 Unit Tests ProductModel 35. should find products by stock with boolean type",
                  "timedOut": false,
                  "duration": 0,
                  "state": "passed",
                  "speed": "fast",
                  "pass": true,
                  "fail": false,
                  "pending": false,
                  "context": null,
                  "code": "const mockProducts = [{ id: 1, stock: 1, stock_type: 'boolean' }];\n\nmockProductModel.findByStock.resolves(mockProducts);\n\nconst result = await mockProductModel.findByStock(1, 'boolean');\nexpect(result).to.be.an('array');\nexpect(result[0]).to.have.property('stock_type', 'boolean');",
                  "err": {},
                  "uuid": "9f5badca-1e28-4576-9ed1-23907d64cddd",
                  "parentUUID": "df7b6e91-2156-46b3-a986-5a14fa8b909c",
                  "isHook": false,
                  "skipped": false
                },
                {
                  "title": "36. should create product with image processing",
                  "fullTitle": "Products and Promotions Module - 50 Unit Tests ProductModel 36. should create product with image processing",
                  "timedOut": false,
                  "duration": 0,
                  "state": "passed",
                  "speed": "fast",
                  "pass": true,
                  "fail": false,
                  "pending": false,
                  "context": null,
                  "code": "const productData = {\n  name_product: 'Nuevo Café',\n  price_product: 6.00,\n  stock: 10,\n  stock_type: 'units',\n  image_product: 'https://example.com/image.jpg',\n  category_id: 1\n};\n\nconst mockCreatedProduct = { id: 1, ...productData };\nmockProductModel.create.resolves(mockCreatedProduct);\n\nconst result = await mockProductModel.create(productData);\nexpect(result).to.have.property('id', 1);\nexpect(result).to.have.property('name_product', 'Nuevo Café');",
                  "err": {},
                  "uuid": "625ae5e0-b06a-4a87-97a5-a457742b5895",
                  "parentUUID": "df7b6e91-2156-46b3-a986-5a14fa8b909c",
                  "isHook": false,
                  "skipped": false
                },
                {
                  "title": "37. should update product successfully",
                  "fullTitle": "Products and Promotions Module - 50 Unit Tests ProductModel 37. should update product successfully",
                  "timedOut": false,
                  "duration": 0,
                  "state": "passed",
                  "speed": "fast",
                  "pass": true,
                  "fail": false,
                  "pending": false,
                  "context": null,
                  "code": "const updateData = { name_product: 'Café Actualizado', price_product: 7.00 };\nconst mockUpdatedProduct = { id: 1, ...updateData };\n\nmockProductModel.update.resolves(mockUpdatedProduct);\n\nconst result = await mockProductModel.update(1, updateData);\nexpect(result).to.have.property('id', 1);\nexpect(result).to.have.property('name_product', 'Café Actualizado');",
                  "err": {},
                  "uuid": "0882503b-8f4a-4213-876f-6008358437e1",
                  "parentUUID": "df7b6e91-2156-46b3-a986-5a14fa8b909c",
                  "isHook": false,
                  "skipped": false
                },
                {
                  "title": "38. should update product image successfully",
                  "fullTitle": "Products and Promotions Module - 50 Unit Tests ProductModel 38. should update product image successfully",
                  "timedOut": false,
                  "duration": 0,
                  "state": "passed",
                  "speed": "fast",
                  "pass": true,
                  "fail": false,
                  "pending": false,
                  "context": null,
                  "code": "const imageData = 'https://example.com/new-image.jpg';\nconst mockUpdatedProduct = { id: 1, image_product: 'data:image/jpeg;base64,newimage' };\n\nmockProductModel.updateImage.resolves(mockUpdatedProduct);\n\nconst result = await mockProductModel.updateImage(1, imageData);\nexpect(result).to.have.property('id', 1);\nexpect(result).to.have.property('image_product');",
                  "err": {},
                  "uuid": "fd870570-8856-4bec-8b40-1cd292b99ff4",
                  "parentUUID": "df7b6e91-2156-46b3-a986-5a14fa8b909c",
                  "isHook": false,
                  "skipped": false
                },
                {
                  "title": "39. should delete product successfully",
                  "fullTitle": "Products and Promotions Module - 50 Unit Tests ProductModel 39. should delete product successfully",
                  "timedOut": false,
                  "duration": 0,
                  "state": "passed",
                  "speed": "fast",
                  "pass": true,
                  "fail": false,
                  "pending": false,
                  "context": null,
                  "code": "mockProductModel.delete.resolves(true);\n\nconst result = await mockProductModel.delete(1);\nexpect(result).to.be.true;",
                  "err": {},
                  "uuid": "f5cfdbca-12ad-436a-bdd4-5ea783ff9733",
                  "parentUUID": "df7b6e91-2156-46b3-a986-5a14fa8b909c",
                  "isHook": false,
                  "skipped": false
                }
              ],
              "suites": [],
              "passes": [
                "6eae509b-5615-4750-a4ab-5341a625b2ee",
                "6cb830fe-00e8-46e2-8a76-6fbed288548d",
                "34ae21d0-6a28-4045-89f6-c84d2cae56eb",
                "235c3ebc-e923-42ff-8745-f3975b9e0c8f",
                "0f6b0b4c-28f9-4308-941b-98add48cf696",
                "42c26ed9-8f3b-444e-b361-3f88ecb76788",
                "fea64899-b094-4285-9474-0eeb77f4a60c",
                "9f5badca-1e28-4576-9ed1-23907d64cddd",
                "625ae5e0-b06a-4a87-97a5-a457742b5895",
                "0882503b-8f4a-4213-876f-6008358437e1",
                "fd870570-8856-4bec-8b40-1cd292b99ff4",
                "f5cfdbca-12ad-436a-bdd4-5ea783ff9733"
              ],
              "failures": [],
              "pending": [],
              "skipped": [],
              "duration": 5,
              "root": false,
              "rootEmpty": false,
              "_timeout": 2000
            },
            {
              "uuid": "5127da91-7126-4588-97c5-bbaae956d755",
              "title": "PromotionModel",
              "fullFile": "C:\\Users\\gaela\\OneDrive\\Documents\\API_Ketoffee\\products\\test\\products.test.js",
              "file": "\\test\\products.test.js",
              "beforeHooks": [],
              "afterHooks": [],
              "tests": [
                {
                  "title": "40. should create promotion successfully",
                  "fullTitle": "Products and Promotions Module - 50 Unit Tests PromotionModel 40. should create promotion successfully",
                  "timedOut": false,
                  "duration": 0,
                  "state": "passed",
                  "speed": "fast",
                  "pass": true,
                  "fail": false,
                  "pending": false,
                  "context": null,
                  "code": "const promotionData = {\n  name_promotion: 'Combo Test',\n  description_promotion: 'Descripción del combo',\n  total_combo_price: 8.50,\n  product_ids: [1, 2]\n};\n\nconst mockCreatedPromotion = { id: 1, ...promotionData };\nmockPromotionModel.create.resolves(mockCreatedPromotion);\n\nconst result = await mockPromotionModel.create(promotionData);\nexpect(result).to.have.property('id', 1);\nexpect(result).to.have.property('name_promotion', 'Combo Test');",
                  "err": {},
                  "uuid": "63a5c440-80bb-4e92-9051-3a76db2a13bd",
                  "parentUUID": "5127da91-7126-4588-97c5-bbaae956d755",
                  "isHook": false,
                  "skipped": false
                },
                {
                  "title": "41. should find all promotions successfully",
                  "fullTitle": "Products and Promotions Module - 50 Unit Tests PromotionModel 41. should find all promotions successfully",
                  "timedOut": false,
                  "duration": 1,
                  "state": "passed",
                  "speed": "fast",
                  "pass": true,
                  "fail": false,
                  "pending": false,
                  "context": null,
                  "code": "const mockPromotions = [\n  { id: 1, name_promotion: 'Combo 1', products: [] },\n  { id: 2, name_promotion: 'Combo 2', products: [] }\n];\n\nmockPromotionModel.findAll.resolves(mockPromotions);\n\nconst result = await mockPromotionModel.findAll();\nexpect(result).to.be.an('array');\nexpect(result).to.have.length(2);",
                  "err": {},
                  "uuid": "b8d631fd-ffe2-4c21-ab2e-450c20690e81",
                  "parentUUID": "5127da91-7126-4588-97c5-bbaae956d755",
                  "isHook": false,
                  "skipped": false
                },
                {
                  "title": "42. should find promotion by ID successfully",
                  "fullTitle": "Products and Promotions Module - 50 Unit Tests PromotionModel 42. should find promotion by ID successfully",
                  "timedOut": false,
                  "duration": 0,
                  "state": "passed",
                  "speed": "fast",
                  "pass": true,
                  "fail": false,
                  "pending": false,
                  "context": null,
                  "code": "const mockPromotion = { id: 1, name_promotion: 'Combo Test', products: [] };\n\nmockPromotionModel.findById.resolves(mockPromotion);\n\nconst result = await mockPromotionModel.findById(1);\nexpect(result).to.have.property('id', 1);\nexpect(result).to.have.property('name_promotion', 'Combo Test');",
                  "err": {},
                  "uuid": "b5172146-9171-4f2d-b1cd-e0088653fefe",
                  "parentUUID": "5127da91-7126-4588-97c5-bbaae956d755",
                  "isHook": false,
                  "skipped": false
                },
                {
                  "title": "43. should update promotion successfully",
                  "fullTitle": "Products and Promotions Module - 50 Unit Tests PromotionModel 43. should update promotion successfully",
                  "timedOut": false,
                  "duration": 1,
                  "state": "passed",
                  "speed": "fast",
                  "pass": true,
                  "fail": false,
                  "pending": false,
                  "context": null,
                  "code": "const updateData = { name_promotion: 'Combo Actualizado', total_combo_price: 9.00 };\nconst mockUpdatedPromotion = { id: 1, ...updateData };\n\nmockPromotionModel.update.resolves(mockUpdatedPromotion);\n\nconst result = await mockPromotionModel.update(1, updateData);\nexpect(result).to.have.property('id', 1);\nexpect(result).to.have.property('name_promotion', 'Combo Actualizado');",
                  "err": {},
                  "uuid": "49589622-6c92-4944-8fe8-df5a1ce91a16",
                  "parentUUID": "5127da91-7126-4588-97c5-bbaae956d755",
                  "isHook": false,
                  "skipped": false
                },
                {
                  "title": "44. should delete promotion successfully",
                  "fullTitle": "Products and Promotions Module - 50 Unit Tests PromotionModel 44. should delete promotion successfully",
                  "timedOut": false,
                  "duration": 1,
                  "state": "passed",
                  "speed": "fast",
                  "pass": true,
                  "fail": false,
                  "pending": false,
                  "context": null,
                  "code": "mockPromotionModel.delete.resolves(true);\n\nconst result = await mockPromotionModel.delete(1);\nexpect(result).to.be.true;",
                  "err": {},
                  "uuid": "a6f69687-849e-47e9-af90-26055b6183ef",
                  "parentUUID": "5127da91-7126-4588-97c5-bbaae956d755",
                  "isHook": false,
                  "skipped": false
                },
                {
                  "title": "45. should find active promotions successfully",
                  "fullTitle": "Products and Promotions Module - 50 Unit Tests PromotionModel 45. should find active promotions successfully",
                  "timedOut": false,
                  "duration": 0,
                  "state": "passed",
                  "speed": "fast",
                  "pass": true,
                  "fail": false,
                  "pending": false,
                  "context": null,
                  "code": "const mockActivePromotions = [\n  { id: 1, name_promotion: 'Combo Activo 1', active: true },\n  { id: 2, name_promotion: 'Combo Activo 2', active: true }\n];\n\nmockPromotionModel.findActive.resolves(mockActivePromotions);\n\nconst result = await mockPromotionModel.findActive();\nexpect(result).to.be.an('array');\nexpect(result.every(promo => promo.active)).to.be.true;",
                  "err": {},
                  "uuid": "f91d64c5-c47e-4fca-aa48-e04f6693c724",
                  "parentUUID": "5127da91-7126-4588-97c5-bbaae956d755",
                  "isHook": false,
                  "skipped": false
                }
              ],
              "suites": [],
              "passes": [
                "63a5c440-80bb-4e92-9051-3a76db2a13bd",
                "b8d631fd-ffe2-4c21-ab2e-450c20690e81",
                "b5172146-9171-4f2d-b1cd-e0088653fefe",
                "49589622-6c92-4944-8fe8-df5a1ce91a16",
                "a6f69687-849e-47e9-af90-26055b6183ef",
                "f91d64c5-c47e-4fca-aa48-e04f6693c724"
              ],
              "failures": [],
              "pending": [],
              "skipped": [],
              "duration": 3,
              "root": false,
              "rootEmpty": false,
              "_timeout": 2000
            },
            {
              "uuid": "1f1e7180-7265-4f3d-8f7a-060478d092cb",
              "title": "Integration and Validation Tests",
              "fullFile": "C:\\Users\\gaela\\OneDrive\\Documents\\API_Ketoffee\\products\\test\\products.test.js",
              "file": "\\test\\products.test.js",
              "beforeHooks": [],
              "afterHooks": [],
              "tests": [
                {
                  "title": "46. should validate stock type correctly",
                  "fullTitle": "Products and Promotions Module - 50 Unit Tests Integration and Validation Tests 46. should validate stock type correctly",
                  "timedOut": false,
                  "duration": 0,
                  "state": "passed",
                  "speed": "fast",
                  "pass": true,
                  "fail": false,
                  "pending": false,
                  "context": null,
                  "code": "const validStockTypes = ['units', 'boolean'];\nconst testStockType = 'units';\n\nexpect(validStockTypes).to.include(testStockType);",
                  "err": {},
                  "uuid": "a0cded94-ab4c-4d1b-b8e2-5a6f345b36b7",
                  "parentUUID": "1f1e7180-7265-4f3d-8f7a-060478d092cb",
                  "isHook": false,
                  "skipped": false
                },
                {
                  "title": "47. should validate price is positive number",
                  "fullTitle": "Products and Promotions Module - 50 Unit Tests Integration and Validation Tests 47. should validate price is positive number",
                  "timedOut": false,
                  "duration": 0,
                  "state": "passed",
                  "speed": "fast",
                  "pass": true,
                  "fail": false,
                  "pending": false,
                  "context": null,
                  "code": "const price = 5.50;\n\nexpect(price).to.be.a('number');\nexpect(price).to.be.greaterThan(0);",
                  "err": {},
                  "uuid": "8fda18bb-d718-4b1f-b48f-e146ae978ce0",
                  "parentUUID": "1f1e7180-7265-4f3d-8f7a-060478d092cb",
                  "isHook": false,
                  "skipped": false
                },
                {
                  "title": "48. should validate product IDs array for promotions",
                  "fullTitle": "Products and Promotions Module - 50 Unit Tests Integration and Validation Tests 48. should validate product IDs array for promotions",
                  "timedOut": false,
                  "duration": 0,
                  "state": "passed",
                  "speed": "fast",
                  "pass": true,
                  "fail": false,
                  "pending": false,
                  "context": null,
                  "code": "const productIds = [1, 2, 3];\n\nexpect(productIds).to.be.an('array');\nexpect(productIds).to.have.length.greaterThan(1);\nexpect(new Set(productIds)).to.have.lengthOf(productIds.length); // No duplicates",
                  "err": {},
                  "uuid": "30b5de22-cdb2-4f41-93a9-1564df34fce4",
                  "parentUUID": "1f1e7180-7265-4f3d-8f7a-060478d092cb",
                  "isHook": false,
                  "skipped": false
                },
                {
                  "title": "49. should validate image formats",
                  "fullTitle": "Products and Promotions Module - 50 Unit Tests Integration and Validation Tests 49. should validate image formats",
                  "timedOut": false,
                  "duration": 0,
                  "state": "passed",
                  "speed": "fast",
                  "pass": true,
                  "fail": false,
                  "pending": false,
                  "context": null,
                  "code": "const validMimeTypes = ['image/jpeg', 'image/png', 'image/gif', 'image/webp'];\nconst testMimeType = 'image/jpeg';\n\nexpect(validMimeTypes).to.include(testMimeType);",
                  "err": {},
                  "uuid": "c13c7675-db6c-40e3-8ed9-c36e7d6e72e7",
                  "parentUUID": "1f1e7180-7265-4f3d-8f7a-060478d092cb",
                  "isHook": false,
                  "skipped": false
                },
                {
                  "title": "50. should handle errors and return proper response format",
                  "fullTitle": "Products and Promotions Module - 50 Unit Tests Integration and Validation Tests 50. should handle errors and return proper response format",
                  "timedOut": false,
                  "duration": 2,
                  "state": "passed",
                  "speed": "fast",
                  "pass": true,
                  "fail": false,
                  "pending": false,
                  "context": null,
                  "code": "const errorResponse = {\n  status: 500,\n  error: 'Internal server error',\n  timestamp: new Date().toISOString()\n};\n\nexpect(errorResponse).to.have.property('status');\nexpect(errorResponse).to.have.property('error');\nexpect(errorResponse).to.have.property('timestamp');\nexpect(errorResponse.status).to.be.a('number');",
                  "err": {},
                  "uuid": "a7f96c2e-41c9-4b92-8f79-2804b3f33b67",
                  "parentUUID": "1f1e7180-7265-4f3d-8f7a-060478d092cb",
                  "isHook": false,
                  "skipped": false
                }
              ],
              "suites": [],
              "passes": [
                "a0cded94-ab4c-4d1b-b8e2-5a6f345b36b7",
                "8fda18bb-d718-4b1f-b48f-e146ae978ce0",
                "30b5de22-cdb2-4f41-93a9-1564df34fce4",
                "c13c7675-db6c-40e3-8ed9-c36e7d6e72e7",
                "a7f96c2e-41c9-4b92-8f79-2804b3f33b67"
              ],
              "failures": [],
              "pending": [],
              "skipped": [],
              "duration": 2,
              "root": false,
              "rootEmpty": false,
              "_timeout": 2000
            }
          ],
          "passes": [],
          "failures": [],
          "pending": [],
          "skipped": [],
          "duration": 0,
          "root": false,
          "rootEmpty": false,
          "_timeout": 2000
        }
      ],
      "passes": [],
      "failures": [],
      "pending": [],
      "skipped": [],
      "duration": 0,
      "root": true,
      "rootEmpty": true,
      "_timeout": 2000
    }
  ],
  "meta": {
    "mocha": {
      "version": "11.7.1"
    },
    "mochawesome": {
      "options": {
        "quiet": false,
        "reportFilename": "test-report",
        "saveHtml": true,
        "saveJson": true,
        "consoleReporter": "spec",
        "useInlineDiffs": false,
        "code": true
      },
      "version": "7.1.3"
    },
    "marge": {
      "options": {
        "reportDir": "test-results",
        "reportFilename": "test-report"
      },
      "version": "6.2.0"
    }
  }
}