{
  "stats": {
    "suites": 25,
    "tests": 62,
    "passes": 62,
    "pending": 0,
    "failures": 0,
    "start": "2026-03-20T04:31:54.182Z",
    "end": "2026-03-20T04:31:54.219Z",
    "duration": 37,
    "testsRegistered": 62,
    "passPercent": 100,
    "pendingPercent": 0,
    "other": 0,
    "hasOther": false,
    "skipped": 0,
    "hasSkipped": false
  },
  "results": [
    {
      "uuid": "72a417cd-e5f2-444b-b681-3b48e3539ac3",
      "title": "",
      "fullFile": "C:\\Users\\yamil\\Desktop\\Estadias\\Backend\\API_Restaurante\\API_Restaurante\\usuarios\\test\\users.test.js",
      "file": "\\test\\users.test.js",
      "beforeHooks": [],
      "afterHooks": [],
      "tests": [],
      "suites": [
        {
          "uuid": "4c98e723-7635-4403-b696-44708eb25674",
          "title": "Users Service Unit Tests",
          "fullFile": "C:\\Users\\yamil\\Desktop\\Estadias\\Backend\\API_Restaurante\\API_Restaurante\\usuarios\\test\\users.test.js",
          "file": "\\test\\users.test.js",
          "beforeHooks": [
            {
              "title": "\"before each\" hook in \"Users Service Unit Tests\"",
              "fullTitle": "Users Service Unit Tests \"before each\" hook in \"Users Service Unit Tests\"",
              "timedOut": false,
              "duration": 0,
              "state": null,
              "speed": null,
              "pass": false,
              "fail": false,
              "pending": false,
              "context": null,
              "code": "app = express();\napp.use(express.json());\nsinon.restore();",
              "err": {},
              "uuid": "eee0bed2-19ca-4ccd-84fb-82f23110de42",
              "parentUUID": "4c98e723-7635-4403-b696-44708eb25674",
              "isHook": true,
              "skipped": false
            }
          ],
          "afterHooks": [
            {
              "title": "\"after each\" hook in \"Users Service Unit Tests\"",
              "fullTitle": "Users Service Unit Tests \"after each\" hook in \"Users Service Unit Tests\"",
              "timedOut": false,
              "duration": 1,
              "state": null,
              "speed": null,
              "pass": false,
              "fail": false,
              "pending": false,
              "context": null,
              "code": "sinon.restore();",
              "err": {},
              "uuid": "40d10b3b-0864-496b-aeaa-28761c164965",
              "parentUUID": "4c98e723-7635-4403-b696-44708eb25674",
              "isHook": true,
              "skipped": false
            }
          ],
          "tests": [],
          "suites": [
            {
              "uuid": "c4ccebc4-9d60-4157-9227-5452ef0fbfb4",
              "title": "UserController Tests",
              "fullFile": "C:\\Users\\yamil\\Desktop\\Estadias\\Backend\\API_Restaurante\\API_Restaurante\\usuarios\\test\\users.test.js",
              "file": "\\test\\users.test.js",
              "beforeHooks": [],
              "afterHooks": [],
              "tests": [],
              "suites": [
                {
                  "uuid": "4af568e9-ffc8-4cb5-87c8-611b7b2eb5c6",
                  "title": "createUser",
                  "fullFile": "C:\\Users\\yamil\\Desktop\\Estadias\\Backend\\API_Restaurante\\API_Restaurante\\usuarios\\test\\users.test.js",
                  "file": "\\test\\users.test.js",
                  "beforeHooks": [],
                  "afterHooks": [],
                  "tests": [
                    {
                      "title": "should create user successfully with auth data",
                      "fullTitle": "Users Service Unit Tests UserController Tests createUser should create user successfully with auth data",
                      "timedOut": false,
                      "duration": 0,
                      "state": "passed",
                      "speed": "fast",
                      "pass": true,
                      "fail": false,
                      "pending": false,
                      "context": null,
                      "code": "const userData = {\n  name: 'John',\n  first_surname: 'Doe',\n  last_surname: 'Smith',\n  phone_number: '1234567890',\n  auth_users: {\n    username: 'johndoe',\n    email: 'john@test.com',\n    password: 'password123'\n  }\n};\nconst mockResult = { id: 1, ...userData, auth_users_id: 1 };\nmockUserController.createUser.resolves(mockResult);\n\nconst result = await mockUserController.createUser(userData);\nexpect(result.id).to.equal(1);\nexpect(result.name).to.equal('John');",
                      "err": {},
                      "uuid": "fcb3b821-2e60-4ece-8a8e-91864956643a",
                      "parentUUID": "4af568e9-ffc8-4cb5-87c8-611b7b2eb5c6",
                      "isHook": false,
                      "skipped": false
                    },
                    {
                      "title": "should create user with existing auth_users_id",
                      "fullTitle": "Users Service Unit Tests UserController Tests createUser should create user with existing auth_users_id",
                      "timedOut": false,
                      "duration": 0,
                      "state": "passed",
                      "speed": "fast",
                      "pass": true,
                      "fail": false,
                      "pending": false,
                      "context": null,
                      "code": "const userData = {\n  name: 'Jane',\n  first_surname: 'Doe',\n  auth_users_id: 2\n};\nconst mockResult = { id: 2, ...userData };\nmockUserController.createUser.resolves(mockResult);\n\nconst result = await mockUserController.createUser(userData);\nexpect(result.auth_users_id).to.equal(2);",
                      "err": {},
                      "uuid": "a7587241-9b0e-438a-83b0-200fc9fdc10c",
                      "parentUUID": "4af568e9-ffc8-4cb5-87c8-611b7b2eb5c6",
                      "isHook": false,
                      "skipped": false
                    },
                    {
                      "title": "should reject creation without auth data",
                      "fullTitle": "Users Service Unit Tests UserController Tests createUser should reject creation without auth data",
                      "timedOut": false,
                      "duration": 0,
                      "state": "passed",
                      "speed": "fast",
                      "pass": true,
                      "fail": false,
                      "pending": false,
                      "context": null,
                      "code": "const userData = {\n  name: 'Invalid',\n  first_surname: 'User'\n};\nmockUserController.createUser.rejects(new Error('Se requieren datos de autenticación'));\n\ntry {\n  await mockUserController.createUser(userData);\n} catch (error) {\n  expect(error.message).to.equal('Se requieren datos de autenticación');\n}",
                      "err": {},
                      "uuid": "b2cfdfc7-7f1b-4058-bdf7-0de2709cabfa",
                      "parentUUID": "4af568e9-ffc8-4cb5-87c8-611b7b2eb5c6",
                      "isHook": false,
                      "skipped": false
                    },
                    {
                      "title": "should handle auth service errors",
                      "fullTitle": "Users Service Unit Tests UserController Tests createUser should handle auth service errors",
                      "timedOut": false,
                      "duration": 0,
                      "state": "passed",
                      "speed": "fast",
                      "pass": true,
                      "fail": false,
                      "pending": false,
                      "context": null,
                      "code": "const userData = {\n  name: 'Test',\n  first_surname: 'User',\n  auth_users: {\n    username: 'testuser',\n    email: 'invalid-email',\n    password: 'pass'\n  }\n};\nmockUserController.createUser.rejects(new Error('Error al crear usuario de autenticación'));\n\ntry {\n  await mockUserController.createUser(userData);\n} catch (error) {\n  expect(error.message).to.equal('Error al crear usuario de autenticación');\n}",
                      "err": {},
                      "uuid": "9dc68fed-970d-4abf-9232-7768f5558847",
                      "parentUUID": "4af568e9-ffc8-4cb5-87c8-611b7b2eb5c6",
                      "isHook": false,
                      "skipped": false
                    },
                    {
                      "title": "should validate required fields",
                      "fullTitle": "Users Service Unit Tests UserController Tests createUser should validate required fields",
                      "timedOut": false,
                      "duration": 0,
                      "state": "passed",
                      "speed": "fast",
                      "pass": true,
                      "fail": false,
                      "pending": false,
                      "context": null,
                      "code": "const incompleteData = { name: 'Test' };\nmockUserController.createUser.rejects(new Error('Missing required fields'));\n\ntry {\n  await mockUserController.createUser(incompleteData);\n} catch (error) {\n  expect(error.message).to.equal('Missing required fields');\n}",
                      "err": {},
                      "uuid": "4480d548-5400-4e13-87c9-9fcf974656f7",
                      "parentUUID": "4af568e9-ffc8-4cb5-87c8-611b7b2eb5c6",
                      "isHook": false,
                      "skipped": false
                    }
                  ],
                  "suites": [],
                  "passes": [
                    "fcb3b821-2e60-4ece-8a8e-91864956643a",
                    "a7587241-9b0e-438a-83b0-200fc9fdc10c",
                    "b2cfdfc7-7f1b-4058-bdf7-0de2709cabfa",
                    "9dc68fed-970d-4abf-9232-7768f5558847",
                    "4480d548-5400-4e13-87c9-9fcf974656f7"
                  ],
                  "failures": [],
                  "pending": [],
                  "skipped": [],
                  "duration": 0,
                  "root": false,
                  "rootEmpty": false,
                  "_timeout": 2000
                },
                {
                  "uuid": "29caa301-c0e5-48a5-ad65-fc5e26c00cf1",
                  "title": "getAllUsers",
                  "fullFile": "C:\\Users\\yamil\\Desktop\\Estadias\\Backend\\API_Restaurante\\API_Restaurante\\usuarios\\test\\users.test.js",
                  "file": "\\test\\users.test.js",
                  "beforeHooks": [],
                  "afterHooks": [],
                  "tests": [
                    {
                      "title": "should return all users successfully",
                      "fullTitle": "Users Service Unit Tests UserController Tests getAllUsers should return all users successfully",
                      "timedOut": false,
                      "duration": 0,
                      "state": "passed",
                      "speed": "fast",
                      "pass": true,
                      "fail": false,
                      "pending": false,
                      "context": null,
                      "code": "const mockUsers = [\n  { id: 1, name: 'User1', auth: { username: 'user1' } },\n  { id: 2, name: 'User2', auth: null }\n];\nmockUserController.getAllUsers.resolves({\n  total: 2,\n  usuariosConAuth: 1,\n  usuariosSinAuth: 1,\n  usuarios: mockUsers\n});\n\nconst result = await mockUserController.getAllUsers();\nexpect(result.total).to.equal(2);\nexpect(result.usuariosConAuth).to.equal(1);\nexpect(result.usuariosSinAuth).to.equal(1);",
                      "err": {},
                      "uuid": "a0bd9d38-4925-46ed-a6ce-4abb1cdf511e",
                      "parentUUID": "29caa301-c0e5-48a5-ad65-fc5e26c00cf1",
                      "isHook": false,
                      "skipped": false
                    },
                    {
                      "title": "should return 404 when no users found",
                      "fullTitle": "Users Service Unit Tests UserController Tests getAllUsers should return 404 when no users found",
                      "timedOut": false,
                      "duration": 0,
                      "state": "passed",
                      "speed": "fast",
                      "pass": true,
                      "fail": false,
                      "pending": false,
                      "context": null,
                      "code": "mockUserController.getAllUsers.rejects(new Error('No se encontraron usuarios'));\n\ntry {\n  await mockUserController.getAllUsers();\n} catch (error) {\n  expect(error.message).to.equal('No se encontraron usuarios');\n}",
                      "err": {},
                      "uuid": "6a3876b7-f9f5-4f18-9315-61c019344a9e",
                      "parentUUID": "29caa301-c0e5-48a5-ad65-fc5e26c00cf1",
                      "isHook": false,
                      "skipped": false
                    },
                    {
                      "title": "should handle database errors",
                      "fullTitle": "Users Service Unit Tests UserController Tests getAllUsers should handle database errors",
                      "timedOut": false,
                      "duration": 0,
                      "state": "passed",
                      "speed": "fast",
                      "pass": true,
                      "fail": false,
                      "pending": false,
                      "context": null,
                      "code": "mockUserController.getAllUsers.rejects(new Error('Database error'));\n\ntry {\n  await mockUserController.getAllUsers();\n} catch (error) {\n  expect(error.message).to.equal('Database error');\n}",
                      "err": {},
                      "uuid": "49620617-29e5-424c-9480-e7ce1233ead6",
                      "parentUUID": "29caa301-c0e5-48a5-ad65-fc5e26c00cf1",
                      "isHook": false,
                      "skipped": false
                    }
                  ],
                  "suites": [],
                  "passes": [
                    "a0bd9d38-4925-46ed-a6ce-4abb1cdf511e",
                    "6a3876b7-f9f5-4f18-9315-61c019344a9e",
                    "49620617-29e5-424c-9480-e7ce1233ead6"
                  ],
                  "failures": [],
                  "pending": [],
                  "skipped": [],
                  "duration": 0,
                  "root": false,
                  "rootEmpty": false,
                  "_timeout": 2000
                },
                {
                  "uuid": "11db1583-75bc-4860-be66-959a45121a6f",
                  "title": "getUserById",
                  "fullFile": "C:\\Users\\yamil\\Desktop\\Estadias\\Backend\\API_Restaurante\\API_Restaurante\\usuarios\\test\\users.test.js",
                  "file": "\\test\\users.test.js",
                  "beforeHooks": [],
                  "afterHooks": [],
                  "tests": [
                    {
                      "title": "should return user by ID successfully",
                      "fullTitle": "Users Service Unit Tests UserController Tests getUserById should return user by ID successfully",
                      "timedOut": false,
                      "duration": 0,
                      "state": "passed",
                      "speed": "fast",
                      "pass": true,
                      "fail": false,
                      "pending": false,
                      "context": null,
                      "code": "const mockUser = {\n  usuario: { id: 1, name: 'John', first_surname: 'Doe' },\n  auth: { username: 'johndoe', email: 'john@test.com' }\n};\nmockUserController.getUserById.resolves(mockUser);\n\nconst result = await mockUserController.getUserById(1);\nexpect(result.usuario.id).to.equal(1);\nexpect(result.auth.username).to.equal('johndoe');",
                      "err": {},
                      "uuid": "319d6fb3-9ac7-431b-b9d9-8aac1c199e3b",
                      "parentUUID": "11db1583-75bc-4860-be66-959a45121a6f",
                      "isHook": false,
                      "skipped": false
                    },
                    {
                      "title": "should return 404 when user not found",
                      "fullTitle": "Users Service Unit Tests UserController Tests getUserById should return 404 when user not found",
                      "timedOut": false,
                      "duration": 0,
                      "state": "passed",
                      "speed": "fast",
                      "pass": true,
                      "fail": false,
                      "pending": false,
                      "context": null,
                      "code": "mockUserController.getUserById.rejects(new Error('Usuario no encontrado'));\n\ntry {\n  await mockUserController.getUserById(999);\n} catch (error) {\n  expect(error.message).to.equal('Usuario no encontrado');\n}",
                      "err": {},
                      "uuid": "3eb1f3ee-6d10-4b6c-bdcc-47f9d662fd90",
                      "parentUUID": "11db1583-75bc-4860-be66-959a45121a6f",
                      "isHook": false,
                      "skipped": false
                    },
                    {
                      "title": "should return user without auth data",
                      "fullTitle": "Users Service Unit Tests UserController Tests getUserById should return user without auth data",
                      "timedOut": false,
                      "duration": 0,
                      "state": "passed",
                      "speed": "fast",
                      "pass": true,
                      "fail": false,
                      "pending": false,
                      "context": null,
                      "code": "const mockUser = {\n  usuario: { id: 1, name: 'John', first_surname: 'Doe' },\n  auth: null\n};\nmockUserController.getUserById.resolves(mockUser);\n\nconst result = await mockUserController.getUserById(1);\nexpect(result.auth).to.be.null;",
                      "err": {},
                      "uuid": "429d9b1d-0ef9-4d6a-99d0-8c3bf42fe62f",
                      "parentUUID": "11db1583-75bc-4860-be66-959a45121a6f",
                      "isHook": false,
                      "skipped": false
                    }
                  ],
                  "suites": [],
                  "passes": [
                    "319d6fb3-9ac7-431b-b9d9-8aac1c199e3b",
                    "3eb1f3ee-6d10-4b6c-bdcc-47f9d662fd90",
                    "429d9b1d-0ef9-4d6a-99d0-8c3bf42fe62f"
                  ],
                  "failures": [],
                  "pending": [],
                  "skipped": [],
                  "duration": 0,
                  "root": false,
                  "rootEmpty": false,
                  "_timeout": 2000
                },
                {
                  "uuid": "b446b17c-5b5a-4ca4-b99d-d85eebddf68b",
                  "title": "getUserByName",
                  "fullFile": "C:\\Users\\yamil\\Desktop\\Estadias\\Backend\\API_Restaurante\\API_Restaurante\\usuarios\\test\\users.test.js",
                  "file": "\\test\\users.test.js",
                  "beforeHooks": [],
                  "afterHooks": [],
                  "tests": [
                    {
                      "title": "should find users by name successfully",
                      "fullTitle": "Users Service Unit Tests UserController Tests getUserByName should find users by name successfully",
                      "timedOut": false,
                      "duration": 1,
                      "state": "passed",
                      "speed": "fast",
                      "pass": true,
                      "fail": false,
                      "pending": false,
                      "context": null,
                      "code": "const mockUsers = [\n  { id: 1, name: 'John Doe', auth: { username: 'johndoe' } }\n];\nmockUserController.getUserByName.resolves(mockUsers);\n\nconst result = await mockUserController.getUserByName('John');\nexpect(result).to.be.an('array');\nexpect(result[0].name).to.include('John');",
                      "err": {},
                      "uuid": "c1e532d2-65e8-4c17-8275-c38834fd2a51",
                      "parentUUID": "b446b17c-5b5a-4ca4-b99d-d85eebddf68b",
                      "isHook": false,
                      "skipped": false
                    },
                    {
                      "title": "should return empty array when no users found",
                      "fullTitle": "Users Service Unit Tests UserController Tests getUserByName should return empty array when no users found",
                      "timedOut": false,
                      "duration": 0,
                      "state": "passed",
                      "speed": "fast",
                      "pass": true,
                      "fail": false,
                      "pending": false,
                      "context": null,
                      "code": "mockUserController.getUserByName.resolves([]);\n\nconst result = await mockUserController.getUserByName('NonExistent');\nexpect(result).to.be.an('array');\nexpect(result).to.have.length(0);",
                      "err": {},
                      "uuid": "2c758fcd-b6b5-4424-bec6-0e3d8b7737aa",
                      "parentUUID": "b446b17c-5b5a-4ca4-b99d-d85eebddf68b",
                      "isHook": false,
                      "skipped": false
                    },
                    {
                      "title": "should handle search errors",
                      "fullTitle": "Users Service Unit Tests UserController Tests getUserByName should handle search errors",
                      "timedOut": false,
                      "duration": 0,
                      "state": "passed",
                      "speed": "fast",
                      "pass": true,
                      "fail": false,
                      "pending": false,
                      "context": null,
                      "code": "mockUserController.getUserByName.rejects(new Error('Search error'));\n\ntry {\n  await mockUserController.getUserByName('Test');\n} catch (error) {\n  expect(error.message).to.equal('Search error');\n}",
                      "err": {},
                      "uuid": "b6d63f73-6595-4f70-b17c-6990fe27d37e",
                      "parentUUID": "b446b17c-5b5a-4ca4-b99d-d85eebddf68b",
                      "isHook": false,
                      "skipped": false
                    }
                  ],
                  "suites": [],
                  "passes": [
                    "c1e532d2-65e8-4c17-8275-c38834fd2a51",
                    "2c758fcd-b6b5-4424-bec6-0e3d8b7737aa",
                    "b6d63f73-6595-4f70-b17c-6990fe27d37e"
                  ],
                  "failures": [],
                  "pending": [],
                  "skipped": [],
                  "duration": 1,
                  "root": false,
                  "rootEmpty": false,
                  "_timeout": 2000
                },
                {
                  "uuid": "d00fb167-43a9-46f8-876d-ff68bdbe4ed3",
                  "title": "updateUser",
                  "fullFile": "C:\\Users\\yamil\\Desktop\\Estadias\\Backend\\API_Restaurante\\API_Restaurante\\usuarios\\test\\users.test.js",
                  "file": "\\test\\users.test.js",
                  "beforeHooks": [],
                  "afterHooks": [],
                  "tests": [
                    {
                      "title": "should update user successfully",
                      "fullTitle": "Users Service Unit Tests UserController Tests updateUser should update user successfully",
                      "timedOut": false,
                      "duration": 0,
                      "state": "passed",
                      "speed": "fast",
                      "pass": true,
                      "fail": false,
                      "pending": false,
                      "context": null,
                      "code": "const updateData = { name: 'Updated Name', phone_number: '9876543210' };\nconst mockUpdatedUser = { id: 1, ...updateData };\nmockUserController.updateUser.resolves({\n  message: 'Usuario actualizado exitosamente',\n  usuario: mockUpdatedUser\n});\n\nconst result = await mockUserController.updateUser(1, updateData);\nexpect(result.message).to.equal('Usuario actualizado exitosamente');\nexpect(result.usuario.name).to.equal('Updated Name');",
                      "err": {},
                      "uuid": "6fc8a083-45b5-4790-8469-adf47bc41863",
                      "parentUUID": "d00fb167-43a9-46f8-876d-ff68bdbe4ed3",
                      "isHook": false,
                      "skipped": false
                    },
                    {
                      "title": "should reject update for non-existent user",
                      "fullTitle": "Users Service Unit Tests UserController Tests updateUser should reject update for non-existent user",
                      "timedOut": false,
                      "duration": 0,
                      "state": "passed",
                      "speed": "fast",
                      "pass": true,
                      "fail": false,
                      "pending": false,
                      "context": null,
                      "code": "const updateData = { name: 'Test' };\nmockUserController.updateUser.rejects(new Error('Usuario no encontrado'));\n\ntry {\n  await mockUserController.updateUser(999, updateData);\n} catch (error) {\n  expect(error.message).to.equal('Usuario no encontrado');\n}",
                      "err": {},
                      "uuid": "73526570-c832-46c5-b0ad-9b9a7c12f040",
                      "parentUUID": "d00fb167-43a9-46f8-876d-ff68bdbe4ed3",
                      "isHook": false,
                      "skipped": false
                    },
                    {
                      "title": "should validate update data",
                      "fullTitle": "Users Service Unit Tests UserController Tests updateUser should validate update data",
                      "timedOut": false,
                      "duration": 0,
                      "state": "passed",
                      "speed": "fast",
                      "pass": true,
                      "fail": false,
                      "pending": false,
                      "context": null,
                      "code": "const invalidData = { invalid_field: 'value' };\nmockUserController.updateUser.rejects(new Error('Entrada inválida'));\n\ntry {\n  await mockUserController.updateUser(1, invalidData);\n} catch (error) {\n  expect(error.message).to.equal('Entrada inválida');\n}",
                      "err": {},
                      "uuid": "436fe056-7351-41df-b7ad-7a61199c3dd1",
                      "parentUUID": "d00fb167-43a9-46f8-876d-ff68bdbe4ed3",
                      "isHook": false,
                      "skipped": false
                    }
                  ],
                  "suites": [],
                  "passes": [
                    "6fc8a083-45b5-4790-8469-adf47bc41863",
                    "73526570-c832-46c5-b0ad-9b9a7c12f040",
                    "436fe056-7351-41df-b7ad-7a61199c3dd1"
                  ],
                  "failures": [],
                  "pending": [],
                  "skipped": [],
                  "duration": 0,
                  "root": false,
                  "rootEmpty": false,
                  "_timeout": 2000
                },
                {
                  "uuid": "3f70002d-7ad4-4278-8483-99923a1881ea",
                  "title": "updateUserProfileImage",
                  "fullFile": "C:\\Users\\yamil\\Desktop\\Estadias\\Backend\\API_Restaurante\\API_Restaurante\\usuarios\\test\\users.test.js",
                  "file": "\\test\\users.test.js",
                  "beforeHooks": [],
                  "afterHooks": [],
                  "tests": [
                    {
                      "title": "should update profile image successfully",
                      "fullTitle": "Users Service Unit Tests UserController Tests updateUserProfileImage should update profile image successfully",
                      "timedOut": false,
                      "duration": 0,
                      "state": "passed",
                      "speed": "fast",
                      "pass": true,
                      "fail": false,
                      "pending": false,
                      "context": null,
                      "code": "const mockFile = {\n  buffer: Buffer.from('fake image data'),\n  mimetype: 'image/jpeg'\n};\nconst mockResult = {\n  message: 'Imagen de perfil actualizada exitosamente',\n  usuario: { id: 1, profile_image: 'https://imagekit.io/image.jpg' }\n};\nmockUserController.updateUserProfileImage.resolves(mockResult);\n\nconst result = await mockUserController.updateUserProfileImage(1, mockFile);\nexpect(result.message).to.equal('Imagen de perfil actualizada exitosamente');",
                      "err": {},
                      "uuid": "e1fc0b22-14d5-49d2-b87d-964146544543",
                      "parentUUID": "3f70002d-7ad4-4278-8483-99923a1881ea",
                      "isHook": false,
                      "skipped": false
                    },
                    {
                      "title": "should reject when no file provided",
                      "fullTitle": "Users Service Unit Tests UserController Tests updateUserProfileImage should reject when no file provided",
                      "timedOut": false,
                      "duration": 0,
                      "state": "passed",
                      "speed": "fast",
                      "pass": true,
                      "fail": false,
                      "pending": false,
                      "context": null,
                      "code": "mockUserController.updateUserProfileImage.rejects(new Error('No se subió ningún archivo'));\n\ntry {\n  await mockUserController.updateUserProfileImage(1, null);\n} catch (error) {\n  expect(error.message).to.equal('No se subió ningún archivo');\n}",
                      "err": {},
                      "uuid": "1269f911-a409-4f05-9161-3d3f8fda447f",
                      "parentUUID": "3f70002d-7ad4-4278-8483-99923a1881ea",
                      "isHook": false,
                      "skipped": false
                    },
                    {
                      "title": "should handle ImageKit upload errors",
                      "fullTitle": "Users Service Unit Tests UserController Tests updateUserProfileImage should handle ImageKit upload errors",
                      "timedOut": false,
                      "duration": 0,
                      "state": "passed",
                      "speed": "fast",
                      "pass": true,
                      "fail": false,
                      "pending": false,
                      "context": null,
                      "code": "const mockFile = { buffer: Buffer.from('data'), mimetype: 'image/jpeg' };\nmockUserController.updateUserProfileImage.rejects(new Error('Error al procesar la imagen'));\n\ntry {\n  await mockUserController.updateUserProfileImage(1, mockFile);\n} catch (error) {\n  expect(error.message).to.equal('Error al procesar la imagen');\n}",
                      "err": {},
                      "uuid": "99ee61ea-2787-45bd-a043-deb3ebcfc5c8",
                      "parentUUID": "3f70002d-7ad4-4278-8483-99923a1881ea",
                      "isHook": false,
                      "skipped": false
                    }
                  ],
                  "suites": [],
                  "passes": [
                    "e1fc0b22-14d5-49d2-b87d-964146544543",
                    "1269f911-a409-4f05-9161-3d3f8fda447f",
                    "99ee61ea-2787-45bd-a043-deb3ebcfc5c8"
                  ],
                  "failures": [],
                  "pending": [],
                  "skipped": [],
                  "duration": 0,
                  "root": false,
                  "rootEmpty": false,
                  "_timeout": 2000
                },
                {
                  "uuid": "0d41aabf-517b-4054-8f92-495dcf22ad87",
                  "title": "deleteUser",
                  "fullFile": "C:\\Users\\yamil\\Desktop\\Estadias\\Backend\\API_Restaurante\\API_Restaurante\\usuarios\\test\\users.test.js",
                  "file": "\\test\\users.test.js",
                  "beforeHooks": [],
                  "afterHooks": [],
                  "tests": [
                    {
                      "title": "should delete user successfully",
                      "fullTitle": "Users Service Unit Tests UserController Tests deleteUser should delete user successfully",
                      "timedOut": false,
                      "duration": 0,
                      "state": "passed",
                      "speed": "fast",
                      "pass": true,
                      "fail": false,
                      "pending": false,
                      "context": null,
                      "code": "const mockResult = {\n  message: 'Usuario eliminado correctamente',\n  deletedUser: { id: 1 },\n  auth_deleted: true\n};\nmockUserController.deleteUser.resolves(mockResult);\n\nconst result = await mockUserController.deleteUser(1);\nexpect(result.message).to.equal('Usuario eliminado correctamente');\nexpect(result.auth_deleted).to.be.true;",
                      "err": {},
                      "uuid": "dbc7ba5f-6ed8-4016-b6d2-22e37469165f",
                      "parentUUID": "0d41aabf-517b-4054-8f92-495dcf22ad87",
                      "isHook": false,
                      "skipped": false
                    },
                    {
                      "title": "should handle deletion of non-existent user",
                      "fullTitle": "Users Service Unit Tests UserController Tests deleteUser should handle deletion of non-existent user",
                      "timedOut": false,
                      "duration": 0,
                      "state": "passed",
                      "speed": "fast",
                      "pass": true,
                      "fail": false,
                      "pending": false,
                      "context": null,
                      "code": "mockUserController.deleteUser.rejects(new Error('Usuario no encontrado'));\n\ntry {\n  await mockUserController.deleteUser(999);\n} catch (error) {\n  expect(error.message).to.equal('Usuario no encontrado');\n}",
                      "err": {},
                      "uuid": "ce17b31c-011a-4e1f-befc-d6078146090b",
                      "parentUUID": "0d41aabf-517b-4054-8f92-495dcf22ad87",
                      "isHook": false,
                      "skipped": false
                    },
                    {
                      "title": "should handle auth service deletion errors",
                      "fullTitle": "Users Service Unit Tests UserController Tests deleteUser should handle auth service deletion errors",
                      "timedOut": false,
                      "duration": 0,
                      "state": "passed",
                      "speed": "fast",
                      "pass": true,
                      "fail": false,
                      "pending": false,
                      "context": null,
                      "code": "mockUserController.deleteUser.rejects(new Error('Error eliminando usuario del servicio de autenticación'));\n\ntry {\n  await mockUserController.deleteUser(1);\n} catch (error) {\n  expect(error.message).to.equal('Error eliminando usuario del servicio de autenticación');\n}",
                      "err": {},
                      "uuid": "732e8a22-2542-4fd4-a78f-239594df6ff0",
                      "parentUUID": "0d41aabf-517b-4054-8f92-495dcf22ad87",
                      "isHook": false,
                      "skipped": false
                    }
                  ],
                  "suites": [],
                  "passes": [
                    "dbc7ba5f-6ed8-4016-b6d2-22e37469165f",
                    "ce17b31c-011a-4e1f-befc-d6078146090b",
                    "732e8a22-2542-4fd4-a78f-239594df6ff0"
                  ],
                  "failures": [],
                  "pending": [],
                  "skipped": [],
                  "duration": 0,
                  "root": false,
                  "rootEmpty": false,
                  "_timeout": 2000
                },
                {
                  "uuid": "28e9c80d-e753-4a23-bbc5-8cc204f5c526",
                  "title": "createAdminOrEmployee",
                  "fullFile": "C:\\Users\\yamil\\Desktop\\Estadias\\Backend\\API_Restaurante\\API_Restaurante\\usuarios\\test\\users.test.js",
                  "file": "\\test\\users.test.js",
                  "beforeHooks": [],
                  "afterHooks": [],
                  "tests": [
                    {
                      "title": "should create admin user successfully",
                      "fullTitle": "Users Service Unit Tests UserController Tests createAdminOrEmployee should create admin user successfully",
                      "timedOut": false,
                      "duration": 0,
                      "state": "passed",
                      "speed": "fast",
                      "pass": true,
                      "fail": false,
                      "pending": false,
                      "context": null,
                      "code": "const adminData = {\n  name: 'Admin',\n  first_surname: 'User',\n  auth_users: {\n    username: 'admin',\n    email: 'admin@test.com',\n    password: 'password123',\n    role_id: 2\n  }\n};\nconst mockResult = {\n  message: 'Administrador o empleado creado exitosamente',\n  user: { id: 1, ...adminData, auth_users_id: 1 }\n};\nmockUserController.createAdminOrEmployee.resolves(mockResult);\n\nconst result = await mockUserController.createAdminOrEmployee(adminData);\nexpect(result.message).to.equal('Administrador o empleado creado exitosamente');",
                      "err": {},
                      "uuid": "fbed0574-9211-49da-ba49-95e5607618d6",
                      "parentUUID": "28e9c80d-e753-4a23-bbc5-8cc204f5c526",
                      "isHook": false,
                      "skipped": false
                    },
                    {
                      "title": "should create employee user successfully",
                      "fullTitle": "Users Service Unit Tests UserController Tests createAdminOrEmployee should create employee user successfully",
                      "timedOut": false,
                      "duration": 0,
                      "state": "passed",
                      "speed": "fast",
                      "pass": true,
                      "fail": false,
                      "pending": false,
                      "context": null,
                      "code": "const employeeData = {\n  name: 'Employee',\n  first_surname: 'User',\n  auth_users: {\n    username: 'employee',\n    email: 'employee@test.com',\n    password: 'password123',\n    role_id: 3\n  }\n};\nconst mockResult = {\n  message: 'Administrador o empleado creado exitosamente',\n  user: { id: 2, ...employeeData, auth_users_id: 2 }\n};\nmockUserController.createAdminOrEmployee.resolves(mockResult);\n\nconst result = await mockUserController.createAdminOrEmployee(employeeData);\nexpect(result.message).to.equal('Administrador o empleado creado exitosamente');",
                      "err": {},
                      "uuid": "0f08cd90-1c95-4683-a06d-06f4036e8c0a",
                      "parentUUID": "28e9c80d-e753-4a23-bbc5-8cc204f5c526",
                      "isHook": false,
                      "skipped": false
                    },
                    {
                      "title": "should reject invalid role_id",
                      "fullTitle": "Users Service Unit Tests UserController Tests createAdminOrEmployee should reject invalid role_id",
                      "timedOut": false,
                      "duration": 0,
                      "state": "passed",
                      "speed": "fast",
                      "pass": true,
                      "fail": false,
                      "pending": false,
                      "context": null,
                      "code": "const invalidData = {\n  name: 'Test',\n  first_surname: 'User',\n  auth_users: {\n    username: 'test',\n    email: 'test@test.com',\n    password: 'password123',\n    role_id: 1\n  }\n};\nmockUserController.createAdminOrEmployee.rejects(new Error('El role_id debe ser 2 (administrador) o 3 (empleado)'));\n\ntry {\n  await mockUserController.createAdminOrEmployee(invalidData);\n} catch (error) {\n  expect(error.message).to.equal('El role_id debe ser 2 (administrador) o 3 (empleado)');\n}",
                      "err": {},
                      "uuid": "406fe7b3-8d82-42cb-9a0b-4a715bdcaf8b",
                      "parentUUID": "28e9c80d-e753-4a23-bbc5-8cc204f5c526",
                      "isHook": false,
                      "skipped": false
                    },
                    {
                      "title": "should reject unauthorized user creation",
                      "fullTitle": "Users Service Unit Tests UserController Tests createAdminOrEmployee should reject unauthorized user creation",
                      "timedOut": false,
                      "duration": 0,
                      "state": "passed",
                      "speed": "fast",
                      "pass": true,
                      "fail": false,
                      "pending": false,
                      "context": null,
                      "code": "mockUserController.createAdminOrEmployee.rejects(new Error('No tienes permisos para crear administradores o empleados'));\n\ntry {\n  await mockUserController.createAdminOrEmployee({});\n} catch (error) {\n  expect(error.message).to.equal('No tienes permisos para crear administradores o empleados');\n}",
                      "err": {},
                      "uuid": "a58fde5b-f97c-4bff-bb7e-8356bd0c78aa",
                      "parentUUID": "28e9c80d-e753-4a23-bbc5-8cc204f5c526",
                      "isHook": false,
                      "skipped": false
                    }
                  ],
                  "suites": [],
                  "passes": [
                    "fbed0574-9211-49da-ba49-95e5607618d6",
                    "0f08cd90-1c95-4683-a06d-06f4036e8c0a",
                    "406fe7b3-8d82-42cb-9a0b-4a715bdcaf8b",
                    "a58fde5b-f97c-4bff-bb7e-8356bd0c78aa"
                  ],
                  "failures": [],
                  "pending": [],
                  "skipped": [],
                  "duration": 0,
                  "root": false,
                  "rootEmpty": false,
                  "_timeout": 2000
                }
              ],
              "passes": [],
              "failures": [],
              "pending": [],
              "skipped": [],
              "duration": 0,
              "root": false,
              "rootEmpty": false,
              "_timeout": 2000
            },
            {
              "uuid": "008d8946-9d4c-4692-88f0-eff89d006b6d",
              "title": "UserModel Tests",
              "fullFile": "C:\\Users\\yamil\\Desktop\\Estadias\\Backend\\API_Restaurante\\API_Restaurante\\usuarios\\test\\users.test.js",
              "file": "\\test\\users.test.js",
              "beforeHooks": [],
              "afterHooks": [],
              "tests": [],
              "suites": [
                {
                  "uuid": "4a26d3cc-5410-49b3-abfb-70d98d0c316c",
                  "title": "createUser",
                  "fullFile": "C:\\Users\\yamil\\Desktop\\Estadias\\Backend\\API_Restaurante\\API_Restaurante\\usuarios\\test\\users.test.js",
                  "file": "\\test\\users.test.js",
                  "beforeHooks": [],
                  "afterHooks": [],
                  "tests": [
                    {
                      "title": "should create user in database",
                      "fullTitle": "Users Service Unit Tests UserModel Tests createUser should create user in database",
                      "timedOut": false,
                      "duration": 0,
                      "state": "passed",
                      "speed": "fast",
                      "pass": true,
                      "fail": false,
                      "pending": false,
                      "context": null,
                      "code": "const userData = {\n  name: 'John',\n  first_surname: 'Doe',\n  last_surname: 'Smith',\n  phone_number: '1234567890',\n  profile_image: 'data:image/jpeg;base64,/9j/4AAQ...',\n  auth_users_id: 1\n};\nmockUserModel.createUser.resolves({ id: 1, ...userData });\n\nconst result = await mockUserModel.createUser(userData);\nexpect(result.id).to.equal(1);\nexpect(result.name).to.equal('John');",
                      "err": {},
                      "uuid": "7e1d4098-5f61-4254-a57d-49ea25ad246c",
                      "parentUUID": "4a26d3cc-5410-49b3-abfb-70d98d0c316c",
                      "isHook": false,
                      "skipped": false
                    },
                    {
                      "title": "should process image URL",
                      "fullTitle": "Users Service Unit Tests UserModel Tests createUser should process image URL",
                      "timedOut": false,
                      "duration": 0,
                      "state": "passed",
                      "speed": "fast",
                      "pass": true,
                      "fail": false,
                      "pending": false,
                      "context": null,
                      "code": "const userData = {\n  name: 'Test',\n  first_surname: 'User',\n  profile_image: 'https://example.com/image.jpg',\n  auth_users_id: 1\n};\nmockUserModel.createUser.resolves({ id: 1, ...userData });\n\nconst result = await mockUserModel.createUser(userData);\nexpect(result).to.have.property('id');",
                      "err": {},
                      "uuid": "6a9f0327-370b-4f86-9847-779933c4495a",
                      "parentUUID": "4a26d3cc-5410-49b3-abfb-70d98d0c316c",
                      "isHook": false,
                      "skipped": false
                    },
                    {
                      "title": "should handle database errors",
                      "fullTitle": "Users Service Unit Tests UserModel Tests createUser should handle database errors",
                      "timedOut": false,
                      "duration": 0,
                      "state": "passed",
                      "speed": "fast",
                      "pass": true,
                      "fail": false,
                      "pending": false,
                      "context": null,
                      "code": "const userData = { name: 'Test', first_surname: 'User' };\nmockUserModel.createUser.rejects(new Error('Database constraint violation'));\n\ntry {\n  await mockUserModel.createUser(userData);\n} catch (error) {\n  expect(error.message).to.equal('Database constraint violation');\n}",
                      "err": {},
                      "uuid": "a0cd4e5f-c556-49c8-91f0-a6d0147773bc",
                      "parentUUID": "4a26d3cc-5410-49b3-abfb-70d98d0c316c",
                      "isHook": false,
                      "skipped": false
                    }
                  ],
                  "suites": [],
                  "passes": [
                    "7e1d4098-5f61-4254-a57d-49ea25ad246c",
                    "6a9f0327-370b-4f86-9847-779933c4495a",
                    "a0cd4e5f-c556-49c8-91f0-a6d0147773bc"
                  ],
                  "failures": [],
                  "pending": [],
                  "skipped": [],
                  "duration": 0,
                  "root": false,
                  "rootEmpty": false,
                  "_timeout": 2000
                },
                {
                  "uuid": "75938bde-72f3-4fec-a5ec-858f8a4fd9ea",
                  "title": "findAll",
                  "fullFile": "C:\\Users\\yamil\\Desktop\\Estadias\\Backend\\API_Restaurante\\API_Restaurante\\usuarios\\test\\users.test.js",
                  "file": "\\test\\users.test.js",
                  "beforeHooks": [],
                  "afterHooks": [],
                  "tests": [
                    {
                      "title": "should return all users with auth data",
                      "fullTitle": "Users Service Unit Tests UserModel Tests findAll should return all users with auth data",
                      "timedOut": false,
                      "duration": 0,
                      "state": "passed",
                      "speed": "fast",
                      "pass": true,
                      "fail": false,
                      "pending": false,
                      "context": null,
                      "code": "const mockUsers = [\n  { id: 1, name: 'User1', auth_users_id: 1, auth: { username: 'user1' } },\n  { id: 2, name: 'User2', auth_users_id: null, auth: null }\n];\nmockUserModel.findAll.resolves(mockUsers);\n\nconst result = await mockUserModel.findAll();\nexpect(result).to.be.an('array');\nexpect(result[0]).to.have.property('auth');",
                      "err": {},
                      "uuid": "80d27aa1-abd3-41a4-b945-4186b4cfc15c",
                      "parentUUID": "75938bde-72f3-4fec-a5ec-858f8a4fd9ea",
                      "isHook": false,
                      "skipped": false
                    },
                    {
                      "title": "should return empty array when no users exist",
                      "fullTitle": "Users Service Unit Tests UserModel Tests findAll should return empty array when no users exist",
                      "timedOut": false,
                      "duration": 0,
                      "state": "passed",
                      "speed": "fast",
                      "pass": true,
                      "fail": false,
                      "pending": false,
                      "context": null,
                      "code": "mockUserModel.findAll.resolves([]);\n\nconst result = await mockUserModel.findAll();\nexpect(result).to.be.an('array');\nexpect(result).to.have.length(0);",
                      "err": {},
                      "uuid": "86b2b677-ac7c-4e6d-8e3b-7748f37b4a09",
                      "parentUUID": "75938bde-72f3-4fec-a5ec-858f8a4fd9ea",
                      "isHook": false,
                      "skipped": false
                    },
                    {
                      "title": "should handle auth service errors gracefully",
                      "fullTitle": "Users Service Unit Tests UserModel Tests findAll should handle auth service errors gracefully",
                      "timedOut": false,
                      "duration": 0,
                      "state": "passed",
                      "speed": "fast",
                      "pass": true,
                      "fail": false,
                      "pending": false,
                      "context": null,
                      "code": "const mockUsers = [\n  { id: 1, name: 'User1', auth_users_id: 1, auth: null }\n];\nmockUserModel.findAll.resolves(mockUsers);\n\nconst result = await mockUserModel.findAll();\nexpect(result[0].auth).to.be.null;",
                      "err": {},
                      "uuid": "ba53e35c-8025-4ceb-b776-12e51f1a9725",
                      "parentUUID": "75938bde-72f3-4fec-a5ec-858f8a4fd9ea",
                      "isHook": false,
                      "skipped": false
                    }
                  ],
                  "suites": [],
                  "passes": [
                    "80d27aa1-abd3-41a4-b945-4186b4cfc15c",
                    "86b2b677-ac7c-4e6d-8e3b-7748f37b4a09",
                    "ba53e35c-8025-4ceb-b776-12e51f1a9725"
                  ],
                  "failures": [],
                  "pending": [],
                  "skipped": [],
                  "duration": 0,
                  "root": false,
                  "rootEmpty": false,
                  "_timeout": 2000
                },
                {
                  "uuid": "93bd66cc-278b-4df0-b3ed-891c08083d9b",
                  "title": "findByPk",
                  "fullFile": "C:\\Users\\yamil\\Desktop\\Estadias\\Backend\\API_Restaurante\\API_Restaurante\\usuarios\\test\\users.test.js",
                  "file": "\\test\\users.test.js",
                  "beforeHooks": [],
                  "afterHooks": [],
                  "tests": [
                    {
                      "title": "should find user by primary key",
                      "fullTitle": "Users Service Unit Tests UserModel Tests findByPk should find user by primary key",
                      "timedOut": false,
                      "duration": 0,
                      "state": "passed",
                      "speed": "fast",
                      "pass": true,
                      "fail": false,
                      "pending": false,
                      "context": null,
                      "code": "const mockUser = {\n  id: 1,\n  name: 'John',\n  first_surname: 'Doe',\n  auth_users_id: 1,\n  auth: { username: 'johndoe' }\n};\nmockUserModel.findByPk.resolves(mockUser);\n\nconst result = await mockUserModel.findByPk(1);\nexpect(result.id).to.equal(1);\nexpect(result.auth.username).to.equal('johndoe');",
                      "err": {},
                      "uuid": "8d55a7e3-1c80-4694-a81b-64b6b0ee3dc6",
                      "parentUUID": "93bd66cc-278b-4df0-b3ed-891c08083d9b",
                      "isHook": false,
                      "skipped": false
                    },
                    {
                      "title": "should return null for non-existent user",
                      "fullTitle": "Users Service Unit Tests UserModel Tests findByPk should return null for non-existent user",
                      "timedOut": false,
                      "duration": 0,
                      "state": "passed",
                      "speed": "fast",
                      "pass": true,
                      "fail": false,
                      "pending": false,
                      "context": null,
                      "code": "mockUserModel.findByPk.resolves(null);\n\nconst result = await mockUserModel.findByPk(999);\nexpect(result).to.be.null;",
                      "err": {},
                      "uuid": "2f471f37-13bd-4a23-8a74-4841f8642625",
                      "parentUUID": "93bd66cc-278b-4df0-b3ed-891c08083d9b",
                      "isHook": false,
                      "skipped": false
                    },
                    {
                      "title": "should return user without auth data",
                      "fullTitle": "Users Service Unit Tests UserModel Tests findByPk should return user without auth data",
                      "timedOut": false,
                      "duration": 0,
                      "state": "passed",
                      "speed": "fast",
                      "pass": true,
                      "fail": false,
                      "pending": false,
                      "context": null,
                      "code": "const mockUser = {\n  id: 1,\n  name: 'John',\n  first_surname: 'Doe',\n  auth_users_id: null,\n  auth: null\n};\nmockUserModel.findByPk.resolves(mockUser);\n\nconst result = await mockUserModel.findByPk(1);\nexpect(result.auth).to.be.null;",
                      "err": {},
                      "uuid": "56574e61-80a8-4a26-a0dd-d0b043026f7f",
                      "parentUUID": "93bd66cc-278b-4df0-b3ed-891c08083d9b",
                      "isHook": false,
                      "skipped": false
                    }
                  ],
                  "suites": [],
                  "passes": [
                    "8d55a7e3-1c80-4694-a81b-64b6b0ee3dc6",
                    "2f471f37-13bd-4a23-8a74-4841f8642625",
                    "56574e61-80a8-4a26-a0dd-d0b043026f7f"
                  ],
                  "failures": [],
                  "pending": [],
                  "skipped": [],
                  "duration": 0,
                  "root": false,
                  "rootEmpty": false,
                  "_timeout": 2000
                },
                {
                  "uuid": "13ac9999-8308-48ad-a2d4-f3bb70ee4d12",
                  "title": "findByUserName",
                  "fullFile": "C:\\Users\\yamil\\Desktop\\Estadias\\Backend\\API_Restaurante\\API_Restaurante\\usuarios\\test\\users.test.js",
                  "file": "\\test\\users.test.js",
                  "beforeHooks": [],
                  "afterHooks": [],
                  "tests": [
                    {
                      "title": "should find users by name pattern",
                      "fullTitle": "Users Service Unit Tests UserModel Tests findByUserName should find users by name pattern",
                      "timedOut": false,
                      "duration": 0,
                      "state": "passed",
                      "speed": "fast",
                      "pass": true,
                      "fail": false,
                      "pending": false,
                      "context": null,
                      "code": "const mockUsers = [\n  { id: 1, name: 'John Doe', auth: { username: 'johndoe' } }\n];\nmockUserModel.findByUserName.resolves(mockUsers);\n\nconst result = await mockUserModel.findByUserName('John');\nexpect(result).to.be.an('array');\nexpect(result[0].name).to.include('John');",
                      "err": {},
                      "uuid": "7737263d-f9d3-4bc8-9053-4107545de0a8",
                      "parentUUID": "13ac9999-8308-48ad-a2d4-f3bb70ee4d12",
                      "isHook": false,
                      "skipped": false
                    },
                    {
                      "title": "should return empty array for no matches",
                      "fullTitle": "Users Service Unit Tests UserModel Tests findByUserName should return empty array for no matches",
                      "timedOut": false,
                      "duration": 0,
                      "state": "passed",
                      "speed": "fast",
                      "pass": true,
                      "fail": false,
                      "pending": false,
                      "context": null,
                      "code": "mockUserModel.findByUserName.resolves([]);\n\nconst result = await mockUserModel.findByUserName('NonExistent');\nexpect(result).to.be.an('array');\nexpect(result).to.have.length(0);",
                      "err": {},
                      "uuid": "b809f133-2047-4de1-8d74-901e4396f43c",
                      "parentUUID": "13ac9999-8308-48ad-a2d4-f3bb70ee4d12",
                      "isHook": false,
                      "skipped": false
                    }
                  ],
                  "suites": [],
                  "passes": [
                    "7737263d-f9d3-4bc8-9053-4107545de0a8",
                    "b809f133-2047-4de1-8d74-901e4396f43c"
                  ],
                  "failures": [],
                  "pending": [],
                  "skipped": [],
                  "duration": 0,
                  "root": false,
                  "rootEmpty": false,
                  "_timeout": 2000
                },
                {
                  "uuid": "196b85c3-b77d-40d8-b119-ac3b81dfc7c7",
                  "title": "updateUser",
                  "fullFile": "C:\\Users\\yamil\\Desktop\\Estadias\\Backend\\API_Restaurante\\API_Restaurante\\usuarios\\test\\users.test.js",
                  "file": "\\test\\users.test.js",
                  "beforeHooks": [],
                  "afterHooks": [],
                  "tests": [
                    {
                      "title": "should update user successfully",
                      "fullTitle": "Users Service Unit Tests UserModel Tests updateUser should update user successfully",
                      "timedOut": false,
                      "duration": 0,
                      "state": "passed",
                      "speed": "fast",
                      "pass": true,
                      "fail": false,
                      "pending": false,
                      "context": null,
                      "code": "const updateData = { name: 'Updated Name', phone_number: '9876543210' };\nconst mockUpdatedUser = { id: 1, ...updateData, updated_at: new Date() };\nmockUserModel.updateUser.resolves(mockUpdatedUser);\n\nconst result = await mockUserModel.updateUser(1, updateData);\nexpect(result.name).to.equal('Updated Name');\nexpect(result.phone_number).to.equal('9876543210');",
                      "err": {},
                      "uuid": "87525640-0667-49f9-a4a4-31cda4813824",
                      "parentUUID": "196b85c3-b77d-40d8-b119-ac3b81dfc7c7",
                      "isHook": false,
                      "skipped": false
                    },
                    {
                      "title": "should reject update for non-existent user",
                      "fullTitle": "Users Service Unit Tests UserModel Tests updateUser should reject update for non-existent user",
                      "timedOut": false,
                      "duration": 0,
                      "state": "passed",
                      "speed": "fast",
                      "pass": true,
                      "fail": false,
                      "pending": false,
                      "context": null,
                      "code": "mockUserModel.updateUser.rejects(new Error('Usuario no encontrado'));\n\ntry {\n  await mockUserModel.updateUser(999, { name: 'Test' });\n} catch (error) {\n  expect(error.message).to.equal('Usuario no encontrado');\n}",
                      "err": {},
                      "uuid": "745eec3c-92c9-40ab-b627-052b4dd3e857",
                      "parentUUID": "196b85c3-b77d-40d8-b119-ac3b81dfc7c7",
                      "isHook": false,
                      "skipped": false
                    },
                    {
                      "title": "should reject update with no valid fields",
                      "fullTitle": "Users Service Unit Tests UserModel Tests updateUser should reject update with no valid fields",
                      "timedOut": false,
                      "duration": 1,
                      "state": "passed",
                      "speed": "fast",
                      "pass": true,
                      "fail": false,
                      "pending": false,
                      "context": null,
                      "code": "mockUserModel.updateUser.rejects(new Error('No se proporcionaron campos válidos para actualizar'));\n\ntry {\n  await mockUserModel.updateUser(1, {});\n} catch (error) {\n  expect(error.message).to.equal('No se proporcionaron campos válidos para actualizar');\n}",
                      "err": {},
                      "uuid": "a7d2169b-3c5e-42f5-91da-41be1093cf38",
                      "parentUUID": "196b85c3-b77d-40d8-b119-ac3b81dfc7c7",
                      "isHook": false,
                      "skipped": false
                    }
                  ],
                  "suites": [],
                  "passes": [
                    "87525640-0667-49f9-a4a4-31cda4813824",
                    "745eec3c-92c9-40ab-b627-052b4dd3e857",
                    "a7d2169b-3c5e-42f5-91da-41be1093cf38"
                  ],
                  "failures": [],
                  "pending": [],
                  "skipped": [],
                  "duration": 1,
                  "root": false,
                  "rootEmpty": false,
                  "_timeout": 2000
                },
                {
                  "uuid": "5d2bb941-adcc-49eb-b02e-6d53b2ad1456",
                  "title": "updateUserProfileImage",
                  "fullFile": "C:\\Users\\yamil\\Desktop\\Estadias\\Backend\\API_Restaurante\\API_Restaurante\\usuarios\\test\\users.test.js",
                  "file": "\\test\\users.test.js",
                  "beforeHooks": [],
                  "afterHooks": [],
                  "tests": [
                    {
                      "title": "should update profile image with URL",
                      "fullTitle": "Users Service Unit Tests UserModel Tests updateUserProfileImage should update profile image with URL",
                      "timedOut": false,
                      "duration": 0,
                      "state": "passed",
                      "speed": "fast",
                      "pass": true,
                      "fail": false,
                      "pending": false,
                      "context": null,
                      "code": "const imageUrl = 'https://imagekit.io/image.jpg';\nconst mockUpdatedUser = { id: 1, profile_image: imageUrl };\nmockUserModel.updateUserProfileImage.resolves(mockUpdatedUser);\n\nconst result = await mockUserModel.updateUserProfileImage(1, imageUrl);\nexpect(result.profile_image).to.equal(imageUrl);",
                      "err": {},
                      "uuid": "12e2d71b-2c86-4df9-88ad-130634f01db1",
                      "parentUUID": "5d2bb941-adcc-49eb-b02e-6d53b2ad1456",
                      "isHook": false,
                      "skipped": false
                    },
                    {
                      "title": "should return null for non-existent user",
                      "fullTitle": "Users Service Unit Tests UserModel Tests updateUserProfileImage should return null for non-existent user",
                      "timedOut": false,
                      "duration": 1,
                      "state": "passed",
                      "speed": "fast",
                      "pass": true,
                      "fail": false,
                      "pending": false,
                      "context": null,
                      "code": "mockUserModel.updateUserProfileImage.resolves(null);\n\nconst result = await mockUserModel.updateUserProfileImage(999, 'image.jpg');\nexpect(result).to.be.null;",
                      "err": {},
                      "uuid": "8f105ec3-b514-438a-b83c-6e340fbcf14b",
                      "parentUUID": "5d2bb941-adcc-49eb-b02e-6d53b2ad1456",
                      "isHook": false,
                      "skipped": false
                    },
                    {
                      "title": "should handle image processing errors",
                      "fullTitle": "Users Service Unit Tests UserModel Tests updateUserProfileImage should handle image processing errors",
                      "timedOut": false,
                      "duration": 0,
                      "state": "passed",
                      "speed": "fast",
                      "pass": true,
                      "fail": false,
                      "pending": false,
                      "context": null,
                      "code": "mockUserModel.updateUserProfileImage.rejects(new Error('Formato de imagen no soportado'));\n\ntry {\n  await mockUserModel.updateUserProfileImage(1, 'invalid-format');\n} catch (error) {\n  expect(error.message).to.equal('Formato de imagen no soportado');\n}",
                      "err": {},
                      "uuid": "b4b83345-3228-4e96-91ca-34a7bd1be7bb",
                      "parentUUID": "5d2bb941-adcc-49eb-b02e-6d53b2ad1456",
                      "isHook": false,
                      "skipped": false
                    }
                  ],
                  "suites": [],
                  "passes": [
                    "12e2d71b-2c86-4df9-88ad-130634f01db1",
                    "8f105ec3-b514-438a-b83c-6e340fbcf14b",
                    "b4b83345-3228-4e96-91ca-34a7bd1be7bb"
                  ],
                  "failures": [],
                  "pending": [],
                  "skipped": [],
                  "duration": 1,
                  "root": false,
                  "rootEmpty": false,
                  "_timeout": 2000
                },
                {
                  "uuid": "076bbd74-6fe2-4812-a5eb-e91c26774cbb",
                  "title": "deleteUser",
                  "fullFile": "C:\\Users\\yamil\\Desktop\\Estadias\\Backend\\API_Restaurante\\API_Restaurante\\usuarios\\test\\users.test.js",
                  "file": "\\test\\users.test.js",
                  "beforeHooks": [],
                  "afterHooks": [],
                  "tests": [
                    {
                      "title": "should delete user successfully",
                      "fullTitle": "Users Service Unit Tests UserModel Tests deleteUser should delete user successfully",
                      "timedOut": false,
                      "duration": 0,
                      "state": "passed",
                      "speed": "fast",
                      "pass": true,
                      "fail": false,
                      "pending": false,
                      "context": null,
                      "code": "mockUserModel.deleteUser.resolves(true);\n\nconst result = await mockUserModel.deleteUser(1);\nexpect(result).to.be.true;",
                      "err": {},
                      "uuid": "a48b3d42-2bec-44c0-a4b4-162f6d86a9ca",
                      "parentUUID": "076bbd74-6fe2-4812-a5eb-e91c26774cbb",
                      "isHook": false,
                      "skipped": false
                    },
                    {
                      "title": "should return false for non-existent user",
                      "fullTitle": "Users Service Unit Tests UserModel Tests deleteUser should return false for non-existent user",
                      "timedOut": false,
                      "duration": 0,
                      "state": "passed",
                      "speed": "fast",
                      "pass": true,
                      "fail": false,
                      "pending": false,
                      "context": null,
                      "code": "mockUserModel.deleteUser.resolves(false);\n\nconst result = await mockUserModel.deleteUser(999);\nexpect(result).to.be.false;",
                      "err": {},
                      "uuid": "3f7152cb-ce51-46ed-bcb8-61fd40ea9481",
                      "parentUUID": "076bbd74-6fe2-4812-a5eb-e91c26774cbb",
                      "isHook": false,
                      "skipped": false
                    },
                    {
                      "title": "should handle database errors",
                      "fullTitle": "Users Service Unit Tests UserModel Tests deleteUser should handle database errors",
                      "timedOut": false,
                      "duration": 0,
                      "state": "passed",
                      "speed": "fast",
                      "pass": true,
                      "fail": false,
                      "pending": false,
                      "context": null,
                      "code": "mockUserModel.deleteUser.rejects(new Error('Foreign key constraint'));\n\ntry {\n  await mockUserModel.deleteUser(1);\n} catch (error) {\n  expect(error.message).to.equal('Foreign key constraint');\n}",
                      "err": {},
                      "uuid": "a3c271d4-9494-4c6d-bdec-c2bb03ee8056",
                      "parentUUID": "076bbd74-6fe2-4812-a5eb-e91c26774cbb",
                      "isHook": false,
                      "skipped": false
                    }
                  ],
                  "suites": [],
                  "passes": [
                    "a48b3d42-2bec-44c0-a4b4-162f6d86a9ca",
                    "3f7152cb-ce51-46ed-bcb8-61fd40ea9481",
                    "a3c271d4-9494-4c6d-bdec-c2bb03ee8056"
                  ],
                  "failures": [],
                  "pending": [],
                  "skipped": [],
                  "duration": 0,
                  "root": false,
                  "rootEmpty": false,
                  "_timeout": 2000
                }
              ],
              "passes": [],
              "failures": [],
              "pending": [],
              "skipped": [],
              "duration": 0,
              "root": false,
              "rootEmpty": false,
              "_timeout": 2000
            },
            {
              "uuid": "88c7de03-3367-4d2f-aa92-7dca50e4232b",
              "title": "Image Processing Tests",
              "fullFile": "C:\\Users\\yamil\\Desktop\\Estadias\\Backend\\API_Restaurante\\API_Restaurante\\usuarios\\test\\users.test.js",
              "file": "\\test\\users.test.js",
              "beforeHooks": [],
              "afterHooks": [],
              "tests": [],
              "suites": [
                {
                  "uuid": "6cdb7bb6-3d9f-4618-b833-286af06472b1",
                  "title": "convertImageToBase64",
                  "fullFile": "C:\\Users\\yamil\\Desktop\\Estadias\\Backend\\API_Restaurante\\API_Restaurante\\usuarios\\test\\users.test.js",
                  "file": "\\test\\users.test.js",
                  "beforeHooks": [],
                  "afterHooks": [],
                  "tests": [
                    {
                      "title": "should convert local image to base64",
                      "fullTitle": "Users Service Unit Tests Image Processing Tests convertImageToBase64 should convert local image to base64",
                      "timedOut": false,
                      "duration": 0,
                      "state": "passed",
                      "speed": "fast",
                      "pass": true,
                      "fail": false,
                      "pending": false,
                      "context": null,
                      "code": "const mockBase64 = 'data:image/jpeg;base64,/9j/4AAQ...';\nmockUserModel.convertImageToBase64.returns(mockBase64);\n\nconst result = mockUserModel.convertImageToBase64('/path/to/image.jpg');\nexpect(result).to.equal(mockBase64);\nexpect(result).to.include('data:image');",
                      "err": {},
                      "uuid": "2466661e-fb8e-4267-9a98-a7763408b78e",
                      "parentUUID": "6cdb7bb6-3d9f-4618-b833-286af06472b1",
                      "isHook": false,
                      "skipped": false
                    },
                    {
                      "title": "should handle file read errors",
                      "fullTitle": "Users Service Unit Tests Image Processing Tests convertImageToBase64 should handle file read errors",
                      "timedOut": false,
                      "duration": 1,
                      "state": "passed",
                      "speed": "fast",
                      "pass": true,
                      "fail": false,
                      "pending": false,
                      "context": null,
                      "code": "mockUserModel.convertImageToBase64.throws(new Error('File not found'));\n\nexpect(() => {\n  mockUserModel.convertImageToBase64('/invalid/path.jpg');\n}).to.throw('File not found');",
                      "err": {},
                      "uuid": "ed7db4eb-94e6-4790-80eb-853af8c10f1f",
                      "parentUUID": "6cdb7bb6-3d9f-4618-b833-286af06472b1",
                      "isHook": false,
                      "skipped": false
                    }
                  ],
                  "suites": [],
                  "passes": [
                    "2466661e-fb8e-4267-9a98-a7763408b78e",
                    "ed7db4eb-94e6-4790-80eb-853af8c10f1f"
                  ],
                  "failures": [],
                  "pending": [],
                  "skipped": [],
                  "duration": 1,
                  "root": false,
                  "rootEmpty": false,
                  "_timeout": 2000
                },
                {
                  "uuid": "884d9207-6edd-4804-84d4-8d990188226a",
                  "title": "processImageBuffer",
                  "fullFile": "C:\\Users\\yamil\\Desktop\\Estadias\\Backend\\API_Restaurante\\API_Restaurante\\usuarios\\test\\users.test.js",
                  "file": "\\test\\users.test.js",
                  "beforeHooks": [],
                  "afterHooks": [],
                  "tests": [
                    {
                      "title": "should process image buffer correctly",
                      "fullTitle": "Users Service Unit Tests Image Processing Tests processImageBuffer should process image buffer correctly",
                      "timedOut": false,
                      "duration": 0,
                      "state": "passed",
                      "speed": "fast",
                      "pass": true,
                      "fail": false,
                      "pending": false,
                      "context": null,
                      "code": "const mockBuffer = Buffer.from('fake image data');\nconst mockBase64 = 'data:image/jpeg;base64,ZmFrZSBpbWFnZSBkYXRh';\nmockUserModel.processImageBuffer.returns(mockBase64);\n\nconst result = mockUserModel.processImageBuffer(mockBuffer, 'image/jpeg');\nexpect(result).to.equal(mockBase64);\nexpect(result).to.include('data:image/jpeg');",
                      "err": {},
                      "uuid": "000652de-9f43-446b-8b2f-a1bb03ca13a0",
                      "parentUUID": "884d9207-6edd-4804-84d4-8d990188226a",
                      "isHook": false,
                      "skipped": false
                    },
                    {
                      "title": "should handle buffer processing errors",
                      "fullTitle": "Users Service Unit Tests Image Processing Tests processImageBuffer should handle buffer processing errors",
                      "timedOut": false,
                      "duration": 0,
                      "state": "passed",
                      "speed": "fast",
                      "pass": true,
                      "fail": false,
                      "pending": false,
                      "context": null,
                      "code": "mockUserModel.processImageBuffer.throws(new Error('Invalid buffer'));\n\nexpect(() => {\n  mockUserModel.processImageBuffer(null, 'image/jpeg');\n}).to.throw('Invalid buffer');",
                      "err": {},
                      "uuid": "dbaba814-5580-4811-a840-463c48e823d7",
                      "parentUUID": "884d9207-6edd-4804-84d4-8d990188226a",
                      "isHook": false,
                      "skipped": false
                    }
                  ],
                  "suites": [],
                  "passes": [
                    "000652de-9f43-446b-8b2f-a1bb03ca13a0",
                    "dbaba814-5580-4811-a840-463c48e823d7"
                  ],
                  "failures": [],
                  "pending": [],
                  "skipped": [],
                  "duration": 0,
                  "root": false,
                  "rootEmpty": false,
                  "_timeout": 2000
                },
                {
                  "uuid": "9b7cf04b-ac9b-485a-966a-86157a841575",
                  "title": "processImageUrl",
                  "fullFile": "C:\\Users\\yamil\\Desktop\\Estadias\\Backend\\API_Restaurante\\API_Restaurante\\usuarios\\test\\users.test.js",
                  "file": "\\test\\users.test.js",
                  "beforeHooks": [],
                  "afterHooks": [],
                  "tests": [
                    {
                      "title": "should download and process image from URL",
                      "fullTitle": "Users Service Unit Tests Image Processing Tests processImageUrl should download and process image from URL",
                      "timedOut": false,
                      "duration": 0,
                      "state": "passed",
                      "speed": "fast",
                      "pass": true,
                      "fail": false,
                      "pending": false,
                      "context": null,
                      "code": "const imageUrl = 'https://example.com/image.jpg';\nconst mockBase64 = 'data:image/jpeg;base64,/9j/4AAQ...';\nmockUserModel.processImageUrl.resolves(mockBase64);\n\nconst result = await mockUserModel.processImageUrl(imageUrl);\nexpect(result).to.equal(mockBase64);\nexpect(result).to.include('data:image');",
                      "err": {},
                      "uuid": "bd07c292-2b03-4a3d-b700-e1fe594bc15d",
                      "parentUUID": "9b7cf04b-ac9b-485a-966a-86157a841575",
                      "isHook": false,
                      "skipped": false
                    },
                    {
                      "title": "should handle URL download errors",
                      "fullTitle": "Users Service Unit Tests Image Processing Tests processImageUrl should handle URL download errors",
                      "timedOut": false,
                      "duration": 0,
                      "state": "passed",
                      "speed": "fast",
                      "pass": true,
                      "fail": false,
                      "pending": false,
                      "context": null,
                      "code": "mockUserModel.processImageUrl.rejects(new Error('Network error'));\n\ntry {\n  await mockUserModel.processImageUrl('https://invalid-url.com/image.jpg');\n} catch (error) {\n  expect(error.message).to.equal('Network error');\n}",
                      "err": {},
                      "uuid": "1560efdb-cee3-4ce2-b297-c025253e0f63",
                      "parentUUID": "9b7cf04b-ac9b-485a-966a-86157a841575",
                      "isHook": false,
                      "skipped": false
                    }
                  ],
                  "suites": [],
                  "passes": [
                    "bd07c292-2b03-4a3d-b700-e1fe594bc15d",
                    "1560efdb-cee3-4ce2-b297-c025253e0f63"
                  ],
                  "failures": [],
                  "pending": [],
                  "skipped": [],
                  "duration": 0,
                  "root": false,
                  "rootEmpty": false,
                  "_timeout": 2000
                }
              ],
              "passes": [],
              "failures": [],
              "pending": [],
              "skipped": [],
              "duration": 0,
              "root": false,
              "rootEmpty": false,
              "_timeout": 2000
            },
            {
              "uuid": "d03caeed-c36a-4995-b61e-8970c9794f29",
              "title": "JWT and Authentication Tests",
              "fullFile": "C:\\Users\\yamil\\Desktop\\Estadias\\Backend\\API_Restaurante\\API_Restaurante\\usuarios\\test\\users.test.js",
              "file": "\\test\\users.test.js",
              "beforeHooks": [],
              "afterHooks": [],
              "tests": [
                {
                  "title": "should validate JWT token correctly",
                  "fullTitle": "Users Service Unit Tests JWT and Authentication Tests should validate JWT token correctly",
                  "timedOut": false,
                  "duration": 4,
                  "state": "passed",
                  "speed": "fast",
                  "pass": true,
                  "fail": false,
                  "pending": false,
                  "context": null,
                  "code": "const payload = { id: 1, username: 'testuser', role_id: 1, email: 'test@test.com' };\nconst secret = 'test_secret';\nconst token = jwt.sign(payload, secret, { expiresIn: '1h' });\n\nconst decoded = jwt.verify(token, secret);\nexpect(decoded.id).to.equal(payload.id);\nexpect(decoded.username).to.equal(payload.username);\nexpect(decoded.role_id).to.equal(payload.role_id);",
                  "err": {},
                  "uuid": "2951dfd6-5b5a-4a0c-b7e2-51642e098b07",
                  "parentUUID": "d03caeed-c36a-4995-b61e-8970c9794f29",
                  "isHook": false,
                  "skipped": false
                },
                {
                  "title": "should reject expired JWT token",
                  "fullTitle": "Users Service Unit Tests JWT and Authentication Tests should reject expired JWT token",
                  "timedOut": false,
                  "duration": 1,
                  "state": "passed",
                  "speed": "fast",
                  "pass": true,
                  "fail": false,
                  "pending": false,
                  "context": null,
                  "code": "const payload = { id: 1, username: 'testuser' };\nconst secret = 'test_secret';\nconst token = jwt.sign(payload, secret, { expiresIn: '-1h' });\n\nexpect(() => {\n  jwt.verify(token, secret);\n}).to.throw('jwt expired');",
                  "err": {},
                  "uuid": "85853e78-d665-462e-96c5-67057bb59685",
                  "parentUUID": "d03caeed-c36a-4995-b61e-8970c9794f29",
                  "isHook": false,
                  "skipped": false
                },
                {
                  "title": "should reject invalid JWT token",
                  "fullTitle": "Users Service Unit Tests JWT and Authentication Tests should reject invalid JWT token",
                  "timedOut": false,
                  "duration": 0,
                  "state": "passed",
                  "speed": "fast",
                  "pass": true,
                  "fail": false,
                  "pending": false,
                  "context": null,
                  "code": "const invalidToken = 'invalid.jwt.token';\nconst secret = 'test_secret';\n\nexpect(() => {\n  jwt.verify(invalidToken, secret);\n}).to.throw('invalid token');",
                  "err": {},
                  "uuid": "9629c0fe-aa93-4146-94d4-a7a67f65ec48",
                  "parentUUID": "d03caeed-c36a-4995-b61e-8970c9794f29",
                  "isHook": false,
                  "skipped": false
                }
              ],
              "suites": [],
              "passes": [
                "2951dfd6-5b5a-4a0c-b7e2-51642e098b07",
                "85853e78-d665-462e-96c5-67057bb59685",
                "9629c0fe-aa93-4146-94d4-a7a67f65ec48"
              ],
              "failures": [],
              "pending": [],
              "skipped": [],
              "duration": 5,
              "root": false,
              "rootEmpty": false,
              "_timeout": 2000
            },
            {
              "uuid": "27048023-45c7-4ddc-9eae-1c6937aacde1",
              "title": "Validation and Security Tests",
              "fullFile": "C:\\Users\\yamil\\Desktop\\Estadias\\Backend\\API_Restaurante\\API_Restaurante\\usuarios\\test\\users.test.js",
              "file": "\\test\\users.test.js",
              "beforeHooks": [],
              "afterHooks": [],
              "tests": [
                {
                  "title": "should validate user creation data",
                  "fullTitle": "Users Service Unit Tests Validation and Security Tests should validate user creation data",
                  "timedOut": false,
                  "duration": 1,
                  "state": "passed",
                  "speed": "fast",
                  "pass": true,
                  "fail": false,
                  "pending": false,
                  "context": null,
                  "code": "const validData = {\n  name: 'John',\n  first_surname: 'Doe',\n  phone_number: '1234567890',\n  auth_users: {\n    username: 'johndoe',\n    email: 'john@test.com',\n    password: 'password123'\n  }\n};\n\nexpect(validData.name).to.be.a('string');\nexpect(validData.first_surname).to.be.a('string');\nexpect(validData.auth_users.email).to.include('@');\nexpect(validData.auth_users.password).to.have.length.at.least(8);",
                  "err": {},
                  "uuid": "ce1696da-2e67-45bf-a154-9e0881c2042b",
                  "parentUUID": "27048023-45c7-4ddc-9eae-1c6937aacde1",
                  "isHook": false,
                  "skipped": false
                },
                {
                  "title": "should validate role permissions",
                  "fullTitle": "Users Service Unit Tests Validation and Security Tests should validate role permissions",
                  "timedOut": false,
                  "duration": 0,
                  "state": "passed",
                  "speed": "fast",
                  "pass": true,
                  "fail": false,
                  "pending": false,
                  "context": null,
                  "code": "const adminRole = 2;\nconst employeeRole = 3;\nconst userRole = 1;\n\nexpect([2, 3]).to.include(adminRole);\nexpect([2, 3]).to.include(employeeRole);\nexpect([2, 3]).to.not.include(userRole);",
                  "err": {},
                  "uuid": "6d81068e-4cc7-4b12-923c-e859cc780f24",
                  "parentUUID": "27048023-45c7-4ddc-9eae-1c6937aacde1",
                  "isHook": false,
                  "skipped": false
                },
                {
                  "title": "should sanitize user input",
                  "fullTitle": "Users Service Unit Tests Validation and Security Tests should sanitize user input",
                  "timedOut": false,
                  "duration": 0,
                  "state": "passed",
                  "speed": "fast",
                  "pass": true,
                  "fail": false,
                  "pending": false,
                  "context": null,
                  "code": "const userInput = {\n  name: '  John  ',\n  email: 'JOHN@TEST.COM',\n  maliciousField: '<script>alert(\"xss\")</script>'\n};\n\nconst sanitized = {\n  name: userInput.name.trim(),\n  email: userInput.email.toLowerCase()\n};\n\nexpect(sanitized.name).to.equal('John');\nexpect(sanitized.email).to.equal('john@test.com');\nexpect(sanitized).to.not.have.property('maliciousField');",
                  "err": {},
                  "uuid": "82c7b90e-b543-4285-8bc2-a6150ca477cd",
                  "parentUUID": "27048023-45c7-4ddc-9eae-1c6937aacde1",
                  "isHook": false,
                  "skipped": false
                }
              ],
              "suites": [],
              "passes": [
                "ce1696da-2e67-45bf-a154-9e0881c2042b",
                "6d81068e-4cc7-4b12-923c-e859cc780f24",
                "82c7b90e-b543-4285-8bc2-a6150ca477cd"
              ],
              "failures": [],
              "pending": [],
              "skipped": [],
              "duration": 1,
              "root": false,
              "rootEmpty": false,
              "_timeout": 2000
            },
            {
              "uuid": "631e64af-ce8f-471f-8e91-282b9676316e",
              "title": "Error Handling Tests",
              "fullFile": "C:\\Users\\yamil\\Desktop\\Estadias\\Backend\\API_Restaurante\\API_Restaurante\\usuarios\\test\\users.test.js",
              "file": "\\test\\users.test.js",
              "beforeHooks": [],
              "afterHooks": [],
              "tests": [
                {
                  "title": "should handle network timeouts",
                  "fullTitle": "Users Service Unit Tests Error Handling Tests should handle network timeouts",
                  "timedOut": false,
                  "duration": 1,
                  "state": "passed",
                  "speed": "fast",
                  "pass": true,
                  "fail": false,
                  "pending": false,
                  "context": null,
                  "code": "const timeoutError = new Error('Network timeout');\ntimeoutError.code = 'ECONNABORTED';\n\nmockUserModel.findAll.rejects(timeoutError);\n\ntry {\n  await mockUserModel.findAll();\n} catch (error) {\n  expect(error.code).to.equal('ECONNABORTED');\n}",
                  "err": {},
                  "uuid": "d9cc72f0-c8d1-4299-a621-5c346c3181ee",
                  "parentUUID": "631e64af-ce8f-471f-8e91-282b9676316e",
                  "isHook": false,
                  "skipped": false
                },
                {
                  "title": "should handle database connection errors",
                  "fullTitle": "Users Service Unit Tests Error Handling Tests should handle database connection errors",
                  "timedOut": false,
                  "duration": 0,
                  "state": "passed",
                  "speed": "fast",
                  "pass": true,
                  "fail": false,
                  "pending": false,
                  "context": null,
                  "code": "const dbError = new Error('Connection refused');\ndbError.code = 'ECONNREFUSED';\n\nmockUserModel.createUser.rejects(dbError);\n\ntry {\n  await mockUserModel.createUser({});\n} catch (error) {\n  expect(error.code).to.equal('ECONNREFUSED');\n}",
                  "err": {},
                  "uuid": "04c04c75-5022-4916-aa2c-ed77c7cb2cd4",
                  "parentUUID": "631e64af-ce8f-471f-8e91-282b9676316e",
                  "isHook": false,
                  "skipped": false
                },
                {
                  "title": "should handle validation errors gracefully",
                  "fullTitle": "Users Service Unit Tests Error Handling Tests should handle validation errors gracefully",
                  "timedOut": false,
                  "duration": 0,
                  "state": "passed",
                  "speed": "fast",
                  "pass": true,
                  "fail": false,
                  "pending": false,
                  "context": null,
                  "code": "const validationError = {\n  errors: [\n    { field: 'name', message: 'Name is required' },\n    { field: 'email', message: 'Invalid email format' }\n  ]\n};\n\nexpect(validationError.errors).to.be.an('array');\nexpect(validationError.errors).to.have.length(2);\nexpect(validationError.errors[0]).to.have.property('field');\nexpect(validationError.errors[0]).to.have.property('message');",
                  "err": {},
                  "uuid": "22f2ab07-f5bc-4c25-bc72-2cee66bdcfdd",
                  "parentUUID": "631e64af-ce8f-471f-8e91-282b9676316e",
                  "isHook": false,
                  "skipped": false
                }
              ],
              "suites": [],
              "passes": [
                "d9cc72f0-c8d1-4299-a621-5c346c3181ee",
                "04c04c75-5022-4916-aa2c-ed77c7cb2cd4",
                "22f2ab07-f5bc-4c25-bc72-2cee66bdcfdd"
              ],
              "failures": [],
              "pending": [],
              "skipped": [],
              "duration": 1,
              "root": false,
              "rootEmpty": false,
              "_timeout": 2000
            }
          ],
          "passes": [],
          "failures": [],
          "pending": [],
          "skipped": [],
          "duration": 0,
          "root": false,
          "rootEmpty": false,
          "_timeout": 2000
        }
      ],
      "passes": [],
      "failures": [],
      "pending": [],
      "skipped": [],
      "duration": 0,
      "root": true,
      "rootEmpty": true,
      "_timeout": 2000
    }
  ],
  "meta": {
    "mocha": {
      "version": "11.7.1"
    },
    "mochawesome": {
      "options": {
        "quiet": false,
        "reportFilename": "test-report",
        "saveHtml": true,
        "saveJson": true,
        "consoleReporter": "spec",
        "useInlineDiffs": false,
        "code": true
      },
      "version": "7.1.3"
    },
    "marge": {
      "options": {
        "reportDir": "test-results",
        "reportFilename": "test-report"
      },
      "version": "6.2.0"
    }
  }
}