{
  "stats": {
    "suites": 27,
    "tests": 44,
    "passes": 44,
    "pending": 0,
    "failures": 0,
    "start": "2025-07-28T21:52:31.319Z",
    "end": "2025-07-28T21:52:31.475Z",
    "duration": 156,
    "testsRegistered": 44,
    "passPercent": 100,
    "pendingPercent": 0,
    "other": 0,
    "hasOther": false,
    "skipped": 0,
    "hasSkipped": false
  },
  "results": [
    {
      "uuid": "176da963-06e9-483d-9fdf-954477ddcde1",
      "title": "",
      "fullFile": "C:\\Users\\gaela\\OneDrive\\Documents\\API_Ketoffee\\orders\\test\\orders.test.js",
      "file": "\\test\\orders.test.js",
      "beforeHooks": [],
      "afterHooks": [],
      "tests": [],
      "suites": [
        {
          "uuid": "8c893947-1913-4e3d-bf8c-3c03e2d4804f",
          "title": "Orders Module Tests",
          "fullFile": "C:\\Users\\gaela\\OneDrive\\Documents\\API_Ketoffee\\orders\\test\\orders.test.js",
          "file": "\\test\\orders.test.js",
          "beforeHooks": [
            {
              "title": "\"before each\" hook in \"Orders Module Tests\"",
              "fullTitle": "Orders Module Tests \"before each\" hook in \"Orders Module Tests\"",
              "timedOut": false,
              "duration": 1,
              "state": null,
              "speed": null,
              "pass": false,
              "fail": false,
              "pending": false,
              "context": null,
              "code": "sandbox = sinon.createSandbox();\nreq = {\n    body: {},\n    params: {},\n    query: {},\n    headers: { authorization: 'Bearer test-token' },\n    user: { id: 1, role: 2 }\n};\nres = {\n    status: sandbox.stub().returnsThis(),\n    json: sandbox.stub().returnsThis(),\n    send: sandbox.stub().returnsThis(),\n    setHeader: sandbox.stub().returnsThis(),\n    pipe: sandbox.stub().returnsThis()\n};",
              "err": {},
              "uuid": "d8499aa2-7c78-4819-a1cb-097c8df9f119",
              "parentUUID": "8c893947-1913-4e3d-bf8c-3c03e2d4804f",
              "isHook": true,
              "skipped": false
            }
          ],
          "afterHooks": [
            {
              "title": "\"after each\" hook in \"Orders Module Tests\"",
              "fullTitle": "Orders Module Tests \"after each\" hook in \"Orders Module Tests\"",
              "timedOut": false,
              "duration": 0,
              "state": null,
              "speed": null,
              "pass": false,
              "fail": false,
              "pending": false,
              "context": null,
              "code": "sandbox.restore();",
              "err": {},
              "uuid": "491ba8a7-f804-43c0-9a27-b65e164d6f71",
              "parentUUID": "8c893947-1913-4e3d-bf8c-3c03e2d4804f",
              "isHook": true,
              "skipped": false
            }
          ],
          "tests": [],
          "suites": [
            {
              "uuid": "d859729a-01d9-49ba-91f0-3116846dcfa3",
              "title": "OrderController",
              "fullFile": "C:\\Users\\gaela\\OneDrive\\Documents\\API_Ketoffee\\orders\\test\\orders.test.js",
              "file": "\\test\\orders.test.js",
              "beforeHooks": [],
              "afterHooks": [],
              "tests": [],
              "suites": [
                {
                  "uuid": "0e2a23d9-35f7-4dab-a74b-55a4dd9843eb",
                  "title": "createOrder",
                  "fullFile": "C:\\Users\\gaela\\OneDrive\\Documents\\API_Ketoffee\\orders\\test\\orders.test.js",
                  "file": "\\test\\orders.test.js",
                  "beforeHooks": [],
                  "afterHooks": [],
                  "tests": [
                    {
                      "title": "should create order successfully",
                      "fullTitle": "Orders Module Tests OrderController createOrder should create order successfully",
                      "timedOut": false,
                      "duration": 3,
                      "state": "passed",
                      "speed": "fast",
                      "pass": true,
                      "fail": false,
                      "pending": false,
                      "context": null,
                      "code": "req.body = {\n    user_id: 1,\n    products: [{ product_id: 1, quantity: 2 }],\n    notes: 'Test order'\n};\nconst mockOrder = {\n    id: 1,\n    order_number: 'ORD-001',\n    user_id: 1,\n    status: 'pendiente',\n    total: 100.00\n};\nsandbox.stub(OrderModel, 'create').resolves(mockOrder);\nawait OrderController.createOrder(req, res);\nexpect(res.status.calledWith(201)).to.be.true;\nexpect(res.json.calledWith({\n    message: 'Orden creada exitosamente',\n    order: mockOrder\n})).to.be.true;",
                      "err": {},
                      "uuid": "25b88191-9591-4aa1-a6e7-aa2eae1ffb06",
                      "parentUUID": "0e2a23d9-35f7-4dab-a74b-55a4dd9843eb",
                      "isHook": false,
                      "skipped": false
                    },
                    {
                      "title": "should reject order creation without user_id",
                      "fullTitle": "Orders Module Tests OrderController createOrder should reject order creation without user_id",
                      "timedOut": false,
                      "duration": 0,
                      "state": "passed",
                      "speed": "fast",
                      "pass": true,
                      "fail": false,
                      "pending": false,
                      "context": null,
                      "code": "req.body = {\n    products: [{ product_id: 1, quantity: 2 }]\n};\nawait OrderController.createOrder(req, res);\nexpect(res.status.calledWith(400)).to.be.true;\nexpect(res.json.calledWith({\n    error: 'Datos inválidos. Se requiere user_id y al menos un producto'\n})).to.be.true;",
                      "err": {},
                      "uuid": "20b230b0-defb-4cd5-ad10-931290b9ab0e",
                      "parentUUID": "0e2a23d9-35f7-4dab-a74b-55a4dd9843eb",
                      "isHook": false,
                      "skipped": false
                    },
                    {
                      "title": "should reject order creation without products",
                      "fullTitle": "Orders Module Tests OrderController createOrder should reject order creation without products",
                      "timedOut": false,
                      "duration": 1,
                      "state": "passed",
                      "speed": "fast",
                      "pass": true,
                      "fail": false,
                      "pending": false,
                      "context": null,
                      "code": "req.body = {\n    user_id: 1,\n    products: []\n};\nawait OrderController.createOrder(req, res);\nexpect(res.status.calledWith(400)).to.be.true;\nexpect(res.json.calledWith({\n    error: 'Datos inválidos. Se requiere user_id y al menos un producto'\n})).to.be.true;",
                      "err": {},
                      "uuid": "e0c77bac-4fc5-4cd4-9b64-af99926887f8",
                      "parentUUID": "0e2a23d9-35f7-4dab-a74b-55a4dd9843eb",
                      "isHook": false,
                      "skipped": false
                    },
                    {
                      "title": "should reject order creation with invalid product structure",
                      "fullTitle": "Orders Module Tests OrderController createOrder should reject order creation with invalid product structure",
                      "timedOut": false,
                      "duration": 0,
                      "state": "passed",
                      "speed": "fast",
                      "pass": true,
                      "fail": false,
                      "pending": false,
                      "context": null,
                      "code": "req.body = {\n    user_id: 1,\n    products: [{ product_id: 1 }] // missing quantity\n};\nawait OrderController.createOrder(req, res);\nexpect(res.status.calledWith(400)).to.be.true;\nexpect(res.json.calledWith({\n    error: 'Cada producto debe tener product_id y quantity válidos'\n})).to.be.true;",
                      "err": {},
                      "uuid": "05db25bb-1d06-4ec2-a6de-12a94b2476ac",
                      "parentUUID": "0e2a23d9-35f7-4dab-a74b-55a4dd9843eb",
                      "isHook": false,
                      "skipped": false
                    },
                    {
                      "title": "should handle order creation errors",
                      "fullTitle": "Orders Module Tests OrderController createOrder should handle order creation errors",
                      "timedOut": false,
                      "duration": 2,
                      "state": "passed",
                      "speed": "fast",
                      "pass": true,
                      "fail": false,
                      "pending": false,
                      "context": null,
                      "code": "req.body = {\n    user_id: 1,\n    products: [{ product_id: 1, quantity: 2 }]\n};\nsandbox.stub(OrderModel, 'create').rejects(new Error('Database error'));\nawait OrderController.createOrder(req, res);\nexpect(res.status.calledWith(500)).to.be.true;\nexpect(res.json.calledWith({\n    error: 'Database error'\n})).to.be.true;",
                      "err": {},
                      "uuid": "219d2c7d-31da-4862-a9bc-01429381a39b",
                      "parentUUID": "0e2a23d9-35f7-4dab-a74b-55a4dd9843eb",
                      "isHook": false,
                      "skipped": false
                    }
                  ],
                  "suites": [],
                  "passes": [
                    "25b88191-9591-4aa1-a6e7-aa2eae1ffb06",
                    "20b230b0-defb-4cd5-ad10-931290b9ab0e",
                    "e0c77bac-4fc5-4cd4-9b64-af99926887f8",
                    "05db25bb-1d06-4ec2-a6de-12a94b2476ac",
                    "219d2c7d-31da-4862-a9bc-01429381a39b"
                  ],
                  "failures": [],
                  "pending": [],
                  "skipped": [],
                  "duration": 6,
                  "root": false,
                  "rootEmpty": false,
                  "_timeout": 2000
                },
                {
                  "uuid": "fa8deaa4-56e6-4575-9294-bad147efb11d",
                  "title": "getOrderById",
                  "fullFile": "C:\\Users\\gaela\\OneDrive\\Documents\\API_Ketoffee\\orders\\test\\orders.test.js",
                  "file": "\\test\\orders.test.js",
                  "beforeHooks": [],
                  "afterHooks": [],
                  "tests": [
                    {
                      "title": "should get order by ID successfully",
                      "fullTitle": "Orders Module Tests OrderController getOrderById should get order by ID successfully",
                      "timedOut": false,
                      "duration": 0,
                      "state": "passed",
                      "speed": "fast",
                      "pass": true,
                      "fail": false,
                      "pending": false,
                      "context": null,
                      "code": "req.params.id = '1';\nconst mockOrder = {\n    id: 1,\n    order_number: 'ORD-001',\n    user_id: 1,\n    status: 'pendiente'\n};\nsandbox.stub(OrderModel, 'findById').resolves(mockOrder);\nawait OrderController.getOrderById(req, res);\nexpect(res.status.calledWith(200)).to.be.true;\nexpect(res.json.calledWith(mockOrder)).to.be.true;",
                      "err": {},
                      "uuid": "179d8562-6b73-49bf-a1b1-b9cb5c788195",
                      "parentUUID": "fa8deaa4-56e6-4575-9294-bad147efb11d",
                      "isHook": false,
                      "skipped": false
                    },
                    {
                      "title": "should return 404 when order not found",
                      "fullTitle": "Orders Module Tests OrderController getOrderById should return 404 when order not found",
                      "timedOut": false,
                      "duration": 1,
                      "state": "passed",
                      "speed": "fast",
                      "pass": true,
                      "fail": false,
                      "pending": false,
                      "context": null,
                      "code": "req.params.id = '999';\nsandbox.stub(OrderModel, 'findById').resolves(null);\nawait OrderController.getOrderById(req, res);\nexpect(res.status.calledWith(404)).to.be.true;\nexpect(res.json.calledWith({\n    error: 'Orden no encontrada'\n})).to.be.true;",
                      "err": {},
                      "uuid": "dc06e4ed-f4e2-4b82-915b-7584af274fe8",
                      "parentUUID": "fa8deaa4-56e6-4575-9294-bad147efb11d",
                      "isHook": false,
                      "skipped": false
                    },
                    {
                      "title": "should handle database errors",
                      "fullTitle": "Orders Module Tests OrderController getOrderById should handle database errors",
                      "timedOut": false,
                      "duration": 2,
                      "state": "passed",
                      "speed": "fast",
                      "pass": true,
                      "fail": false,
                      "pending": false,
                      "context": null,
                      "code": "req.params.id = '1';\nsandbox.stub(OrderModel, 'findById').rejects(new Error('Database error'));\nawait OrderController.getOrderById(req, res);\nexpect(res.status.calledWith(500)).to.be.true;\nexpect(res.json.calledWith({\n    error: 'Error interno del servidor'\n})).to.be.true;",
                      "err": {},
                      "uuid": "bd795b92-5d64-42bc-94a6-9e81f766d505",
                      "parentUUID": "fa8deaa4-56e6-4575-9294-bad147efb11d",
                      "isHook": false,
                      "skipped": false
                    }
                  ],
                  "suites": [],
                  "passes": [
                    "179d8562-6b73-49bf-a1b1-b9cb5c788195",
                    "dc06e4ed-f4e2-4b82-915b-7584af274fe8",
                    "bd795b92-5d64-42bc-94a6-9e81f766d505"
                  ],
                  "failures": [],
                  "pending": [],
                  "skipped": [],
                  "duration": 3,
                  "root": false,
                  "rootEmpty": false,
                  "_timeout": 2000
                },
                {
                  "uuid": "26e094de-fb06-482d-9236-9e388197c5be",
                  "title": "getOrderByNumber",
                  "fullFile": "C:\\Users\\gaela\\OneDrive\\Documents\\API_Ketoffee\\orders\\test\\orders.test.js",
                  "file": "\\test\\orders.test.js",
                  "beforeHooks": [],
                  "afterHooks": [],
                  "tests": [
                    {
                      "title": "should get order by number successfully",
                      "fullTitle": "Orders Module Tests OrderController getOrderByNumber should get order by number successfully",
                      "timedOut": false,
                      "duration": 1,
                      "state": "passed",
                      "speed": "fast",
                      "pass": true,
                      "fail": false,
                      "pending": false,
                      "context": null,
                      "code": "req.params.orderNumber = 'ORD-001';\nconst mockOrder = {\n    id: 1,\n    order_number: 'ORD-001',\n    user_id: 1,\n    status: 'pendiente'\n};\nsandbox.stub(OrderModel, 'findByOrderNumber').resolves(mockOrder);\nawait OrderController.getOrderByNumber(req, res);\nexpect(res.status.calledWith(200)).to.be.true;\nexpect(res.json.calledWith(mockOrder)).to.be.true;",
                      "err": {},
                      "uuid": "d23ba7e2-6f33-49aa-b1b5-b52eee24273c",
                      "parentUUID": "26e094de-fb06-482d-9236-9e388197c5be",
                      "isHook": false,
                      "skipped": false
                    },
                    {
                      "title": "should return 404 when order number not found",
                      "fullTitle": "Orders Module Tests OrderController getOrderByNumber should return 404 when order number not found",
                      "timedOut": false,
                      "duration": 1,
                      "state": "passed",
                      "speed": "fast",
                      "pass": true,
                      "fail": false,
                      "pending": false,
                      "context": null,
                      "code": "req.params.orderNumber = 'ORD-999';\nsandbox.stub(OrderModel, 'findByOrderNumber').resolves(null);\nawait OrderController.getOrderByNumber(req, res);\nexpect(res.status.calledWith(404)).to.be.true;\nexpect(res.json.calledWith({\n    error: 'Orden no encontrada'\n})).to.be.true;",
                      "err": {},
                      "uuid": "db470482-5b0a-4c31-b0a3-7f3e4af6484e",
                      "parentUUID": "26e094de-fb06-482d-9236-9e388197c5be",
                      "isHook": false,
                      "skipped": false
                    }
                  ],
                  "suites": [],
                  "passes": [
                    "d23ba7e2-6f33-49aa-b1b5-b52eee24273c",
                    "db470482-5b0a-4c31-b0a3-7f3e4af6484e"
                  ],
                  "failures": [],
                  "pending": [],
                  "skipped": [],
                  "duration": 2,
                  "root": false,
                  "rootEmpty": false,
                  "_timeout": 2000
                },
                {
                  "uuid": "d06ccdda-87c0-453d-8fd5-8a3edfe81813",
                  "title": "updateOrderStatus",
                  "fullFile": "C:\\Users\\gaela\\OneDrive\\Documents\\API_Ketoffee\\orders\\test\\orders.test.js",
                  "file": "\\test\\orders.test.js",
                  "beforeHooks": [],
                  "afterHooks": [],
                  "tests": [
                    {
                      "title": "should update order status successfully",
                      "fullTitle": "Orders Module Tests OrderController updateOrderStatus should update order status successfully",
                      "timedOut": false,
                      "duration": 1,
                      "state": "passed",
                      "speed": "fast",
                      "pass": true,
                      "fail": false,
                      "pending": false,
                      "context": null,
                      "code": "req.params.id = '1';\nreq.body.status = 'confirmada';\nconst mockOrder = {\n    id: 1,\n    status: 'confirmada'\n};\nsandbox.stub(OrderModel, 'updateStatus').resolves(mockOrder);\nawait OrderController.updateOrderStatus(req, res);\nexpect(res.status.calledWith(200)).to.be.true;\nexpect(res.json.calledWith({\n    message: 'Estado actualizado exitosamente',\n    order: mockOrder\n})).to.be.true;",
                      "err": {},
                      "uuid": "af1d9ee7-cb3a-44e8-ab65-8a19270c82da",
                      "parentUUID": "d06ccdda-87c0-453d-8fd5-8a3edfe81813",
                      "isHook": false,
                      "skipped": false
                    },
                    {
                      "title": "should reject invalid status",
                      "fullTitle": "Orders Module Tests OrderController updateOrderStatus should reject invalid status",
                      "timedOut": false,
                      "duration": 0,
                      "state": "passed",
                      "speed": "fast",
                      "pass": true,
                      "fail": false,
                      "pending": false,
                      "context": null,
                      "code": "req.params.id = '1';\nreq.body.status = 'invalid_status';\nawait OrderController.updateOrderStatus(req, res);\nexpect(res.status.calledWith(400)).to.be.true;\nexpect(res.json.calledWith({\n    error: 'Estado inválido'\n})).to.be.true;",
                      "err": {},
                      "uuid": "5f180fd6-5d13-4ade-a56c-292b64f87a70",
                      "parentUUID": "d06ccdda-87c0-453d-8fd5-8a3edfe81813",
                      "isHook": false,
                      "skipped": false
                    },
                    {
                      "title": "should require status field",
                      "fullTitle": "Orders Module Tests OrderController updateOrderStatus should require status field",
                      "timedOut": false,
                      "duration": 1,
                      "state": "passed",
                      "speed": "fast",
                      "pass": true,
                      "fail": false,
                      "pending": false,
                      "context": null,
                      "code": "req.params.id = '1';\nreq.body = {};\nawait OrderController.updateOrderStatus(req, res);\nexpect(res.status.calledWith(400)).to.be.true;\nexpect(res.json.calledWith({\n    error: 'El estado es requerido'\n})).to.be.true;",
                      "err": {},
                      "uuid": "9d1931b8-f6fc-45c7-8ffa-3e07ad4e3d81",
                      "parentUUID": "d06ccdda-87c0-453d-8fd5-8a3edfe81813",
                      "isHook": false,
                      "skipped": false
                    }
                  ],
                  "suites": [],
                  "passes": [
                    "af1d9ee7-cb3a-44e8-ab65-8a19270c82da",
                    "5f180fd6-5d13-4ade-a56c-292b64f87a70",
                    "9d1931b8-f6fc-45c7-8ffa-3e07ad4e3d81"
                  ],
                  "failures": [],
                  "pending": [],
                  "skipped": [],
                  "duration": 2,
                  "root": false,
                  "rootEmpty": false,
                  "_timeout": 2000
                },
                {
                  "uuid": "7af9ffb2-c929-46fb-8fa8-0b46a236e276",
                  "title": "getOrdersByUser",
                  "fullFile": "C:\\Users\\gaela\\OneDrive\\Documents\\API_Ketoffee\\orders\\test\\orders.test.js",
                  "file": "\\test\\orders.test.js",
                  "beforeHooks": [],
                  "afterHooks": [],
                  "tests": [
                    {
                      "title": "should get orders by user successfully",
                      "fullTitle": "Orders Module Tests OrderController getOrdersByUser should get orders by user successfully",
                      "timedOut": false,
                      "duration": 1,
                      "state": "passed",
                      "speed": "fast",
                      "pass": true,
                      "fail": false,
                      "pending": false,
                      "context": null,
                      "code": "req.params.user_id = '1';\nconst mockOrders = [\n    { id: 1, user_id: 1, status: 'pendiente' },\n    { id: 2, user_id: 1, status: 'completada' }\n];\nsandbox.stub(OrderModel, 'findByUserId').resolves(mockOrders);\nawait OrderController.getOrdersByUser(req, res);\nexpect(res.status.calledWith(200)).to.be.true;\nexpect(res.json.calledWith({\n    orders: mockOrders\n})).to.be.true;",
                      "err": {},
                      "uuid": "148e1d53-468a-47c4-bc76-731649ecdd63",
                      "parentUUID": "7af9ffb2-c929-46fb-8fa8-0b46a236e276",
                      "isHook": false,
                      "skipped": false
                    },
                    {
                      "title": "should reject invalid user_id",
                      "fullTitle": "Orders Module Tests OrderController getOrdersByUser should reject invalid user_id",
                      "timedOut": false,
                      "duration": 0,
                      "state": "passed",
                      "speed": "fast",
                      "pass": true,
                      "fail": false,
                      "pending": false,
                      "context": null,
                      "code": "req.params.user_id = 'invalid';\nawait OrderController.getOrdersByUser(req, res);\nexpect(res.status.calledWith(400)).to.be.true;\nexpect(res.json.calledWith({\n    error: 'ID de usuario inválido'\n})).to.be.true;",
                      "err": {},
                      "uuid": "01af82bb-5790-4ae8-9694-66b099ce1ae9",
                      "parentUUID": "7af9ffb2-c929-46fb-8fa8-0b46a236e276",
                      "isHook": false,
                      "skipped": false
                    }
                  ],
                  "suites": [],
                  "passes": [
                    "148e1d53-468a-47c4-bc76-731649ecdd63",
                    "01af82bb-5790-4ae8-9694-66b099ce1ae9"
                  ],
                  "failures": [],
                  "pending": [],
                  "skipped": [],
                  "duration": 1,
                  "root": false,
                  "rootEmpty": false,
                  "_timeout": 2000
                },
                {
                  "uuid": "9df39602-32d9-44b3-bfe2-197921c967f0",
                  "title": "getAllOrders",
                  "fullFile": "C:\\Users\\gaela\\OneDrive\\Documents\\API_Ketoffee\\orders\\test\\orders.test.js",
                  "file": "\\test\\orders.test.js",
                  "beforeHooks": [],
                  "afterHooks": [],
                  "tests": [
                    {
                      "title": "should get all orders successfully",
                      "fullTitle": "Orders Module Tests OrderController getAllOrders should get all orders successfully",
                      "timedOut": false,
                      "duration": 0,
                      "state": "passed",
                      "speed": "fast",
                      "pass": true,
                      "fail": false,
                      "pending": false,
                      "context": null,
                      "code": "const mockOrders = [\n    { id: 1, user_id: 1, status: 'pendiente' },\n    { id: 2, user_id: 2, status: 'completada' }\n];\nsandbox.stub(OrderModel, 'findAll').resolves(mockOrders);\nawait OrderController.getAllOrders(req, res);\nexpect(res.status.calledWith(200)).to.be.true;\nexpect(res.json.calledWith({\n    orders: mockOrders\n})).to.be.true;",
                      "err": {},
                      "uuid": "a2adc881-6175-4428-bbf6-fa574d8b50ea",
                      "parentUUID": "9df39602-32d9-44b3-bfe2-197921c967f0",
                      "isHook": false,
                      "skipped": false
                    }
                  ],
                  "suites": [],
                  "passes": [
                    "a2adc881-6175-4428-bbf6-fa574d8b50ea"
                  ],
                  "failures": [],
                  "pending": [],
                  "skipped": [],
                  "duration": 0,
                  "root": false,
                  "rootEmpty": false,
                  "_timeout": 2000
                },
                {
                  "uuid": "4678c372-886b-4e45-8575-666b7308ffb3",
                  "title": "getOrderTicket",
                  "fullFile": "C:\\Users\\gaela\\OneDrive\\Documents\\API_Ketoffee\\orders\\test\\orders.test.js",
                  "file": "\\test\\orders.test.js",
                  "beforeHooks": [],
                  "afterHooks": [],
                  "tests": [
                    {
                      "title": "should get order ticket successfully",
                      "fullTitle": "Orders Module Tests OrderController getOrderTicket should get order ticket successfully",
                      "timedOut": false,
                      "duration": 1,
                      "state": "passed",
                      "speed": "fast",
                      "pass": true,
                      "fail": false,
                      "pending": false,
                      "context": null,
                      "code": "req.params.id = '1';\nconst mockOrder = {\n    id: 1,\n    order_number: 'ORD-001',\n    user_id: 1,\n    status: 'pendiente',\n    created_at: new Date(),\n    items: [],\n    subtotal: 50.00,\n    discount: 0,\n    total: 50.00\n};\nsandbox.stub(OrderModel, 'findById').resolves(mockOrder);\nsandbox.stub(axios, 'get').resolves({\n    data: { id: 1, name: 'Test User', email: 'test@test.com' }\n});\nawait OrderController.getOrderTicket(req, res);\nexpect(res.status.calledWith(200)).to.be.true;",
                      "err": {},
                      "uuid": "db0ee72e-84fa-4467-9efa-d5f7b0f7dece",
                      "parentUUID": "4678c372-886b-4e45-8575-666b7308ffb3",
                      "isHook": false,
                      "skipped": false
                    }
                  ],
                  "suites": [],
                  "passes": [
                    "db0ee72e-84fa-4467-9efa-d5f7b0f7dece"
                  ],
                  "failures": [],
                  "pending": [],
                  "skipped": [],
                  "duration": 1,
                  "root": false,
                  "rootEmpty": false,
                  "_timeout": 2000
                },
                {
                  "uuid": "fd3775b4-0494-4cff-b319-5b3e5627b2e9",
                  "title": "generateOrderTicketPDF",
                  "fullFile": "C:\\Users\\gaela\\OneDrive\\Documents\\API_Ketoffee\\orders\\test\\orders.test.js",
                  "file": "\\test\\orders.test.js",
                  "beforeHooks": [],
                  "afterHooks": [],
                  "tests": [
                    {
                      "title": "should generate PDF ticket successfully",
                      "fullTitle": "Orders Module Tests OrderController generateOrderTicketPDF should generate PDF ticket successfully",
                      "timedOut": false,
                      "duration": 23,
                      "state": "passed",
                      "speed": "fast",
                      "pass": true,
                      "fail": false,
                      "pending": false,
                      "context": null,
                      "code": "req.params.id = '1';\nconst mockOrder = {\n    id: 1,\n    order_number: 'ORD-001',\n    user_id: 1,\n    status: 'pendiente',\n    created_at: new Date(),\n    items: [],\n    subtotal: 50.00,\n    total: 50.00\n};\nsandbox.stub(OrderModel, 'findById').resolves(mockOrder);\nsandbox.stub(axios, 'get').resolves({\n    data: { id: 1, name: 'Test User' }\n});\nconst mockDoc = {\n    pipe: sandbox.stub(),\n    fontSize: sandbox.stub().returnsThis(),\n    text: sandbox.stub().returnsThis(),\n    moveDown: sandbox.stub().returnsThis(),\n    end: sandbox.stub()\n};\nsandbox.stub(PDFDocument.prototype, 'pipe').returns(mockDoc);\nsandbox.stub(PDFDocument.prototype, 'fontSize').returns(mockDoc);\nsandbox.stub(PDFDocument.prototype, 'text').returns(mockDoc);\nsandbox.stub(PDFDocument.prototype, 'moveDown').returns(mockDoc);\nsandbox.stub(PDFDocument.prototype, 'end').returns(mockDoc);\nawait OrderController.generateOrderTicketPDF(req, res);\nexpect(res.setHeader.called).to.be.true;",
                      "err": {},
                      "uuid": "26150234-263b-4290-8c25-464bb2ff3f37",
                      "parentUUID": "fd3775b4-0494-4cff-b319-5b3e5627b2e9",
                      "isHook": false,
                      "skipped": false
                    }
                  ],
                  "suites": [],
                  "passes": [
                    "26150234-263b-4290-8c25-464bb2ff3f37"
                  ],
                  "failures": [],
                  "pending": [],
                  "skipped": [],
                  "duration": 23,
                  "root": false,
                  "rootEmpty": false,
                  "_timeout": 2000
                }
              ],
              "passes": [],
              "failures": [],
              "pending": [],
              "skipped": [],
              "duration": 0,
              "root": false,
              "rootEmpty": false,
              "_timeout": 2000
            },
            {
              "uuid": "a5ac887a-f8a8-4cfa-8bb3-2fa9c1941607",
              "title": "OrderModel",
              "fullFile": "C:\\Users\\gaela\\OneDrive\\Documents\\API_Ketoffee\\orders\\test\\orders.test.js",
              "file": "\\test\\orders.test.js",
              "beforeHooks": [],
              "afterHooks": [],
              "tests": [],
              "suites": [
                {
                  "uuid": "e043ddea-2fe4-41fa-b49e-f118e204a771",
                  "title": "validateProductStock",
                  "fullFile": "C:\\Users\\gaela\\OneDrive\\Documents\\API_Ketoffee\\orders\\test\\orders.test.js",
                  "file": "\\test\\orders.test.js",
                  "beforeHooks": [],
                  "afterHooks": [],
                  "tests": [
                    {
                      "title": "should validate product stock successfully",
                      "fullTitle": "Orders Module Tests OrderModel validateProductStock should validate product stock successfully",
                      "timedOut": false,
                      "duration": 1,
                      "state": "passed",
                      "speed": "fast",
                      "pass": true,
                      "fail": false,
                      "pending": false,
                      "context": null,
                      "code": "const products = [{ product_id: 1, quantity: 2 }];\nconst mockResponse = {\n    status: 200,\n    data: {\n        stock: 10,\n        stock_type: 'units',\n        name_product: 'Test Product'\n    }\n};\nsandbox.stub(axios, 'get').resolves(mockResponse);\nconst result = await OrderModel.validateProductStock(products);\nexpect(result).to.be.an('array');\nexpect(result[0]).to.have.property('valid', true);\nexpect(result[0]).to.have.property('product_id', 1);",
                      "err": {},
                      "uuid": "36a0861b-7f0b-4853-997c-73d1bc7be03a",
                      "parentUUID": "e043ddea-2fe4-41fa-b49e-f118e204a771",
                      "isHook": false,
                      "skipped": false
                    },
                    {
                      "title": "should handle insufficient stock",
                      "fullTitle": "Orders Module Tests OrderModel validateProductStock should handle insufficient stock",
                      "timedOut": false,
                      "duration": 0,
                      "state": "passed",
                      "speed": "fast",
                      "pass": true,
                      "fail": false,
                      "pending": false,
                      "context": null,
                      "code": "const products = [{ product_id: 1, quantity: 20 }];\nconst mockResponse = {\n    status: 200,\n    data: {\n        stock: 5,\n        stock_type: 'units',\n        name_product: 'Test Product'\n    }\n};\nsandbox.stub(axios, 'get').resolves(mockResponse);\nconst result = await OrderModel.validateProductStock(products);\nexpect(result[0]).to.have.property('valid', false);\nexpect(result[0]).to.have.property('message', 'Stock insuficiente');",
                      "err": {},
                      "uuid": "74fbdaba-10f3-4b3e-be2c-08ceb1d1f2c4",
                      "parentUUID": "e043ddea-2fe4-41fa-b49e-f118e204a771",
                      "isHook": false,
                      "skipped": false
                    },
                    {
                      "title": "should handle boolean stock type",
                      "fullTitle": "Orders Module Tests OrderModel validateProductStock should handle boolean stock type",
                      "timedOut": false,
                      "duration": 0,
                      "state": "passed",
                      "speed": "fast",
                      "pass": true,
                      "fail": false,
                      "pending": false,
                      "context": null,
                      "code": "const products = [{ product_id: 1, quantity: 1 }];\nconst mockResponse = {\n    status: 200,\n    data: {\n        stock: 1,\n        stock_type: 'boolean',\n        name_product: 'Test Product'\n    }\n};\nsandbox.stub(axios, 'get').resolves(mockResponse);\nconst result = await OrderModel.validateProductStock(products);\nexpect(result[0]).to.have.property('valid', true);\nexpect(result[0]).to.have.property('available_stock', 999);",
                      "err": {},
                      "uuid": "7a94fc5a-3480-4bfa-9b6f-edbd599db668",
                      "parentUUID": "e043ddea-2fe4-41fa-b49e-f118e204a771",
                      "isHook": false,
                      "skipped": false
                    },
                    {
                      "title": "should handle product not found",
                      "fullTitle": "Orders Module Tests OrderModel validateProductStock should handle product not found",
                      "timedOut": false,
                      "duration": 0,
                      "state": "passed",
                      "speed": "fast",
                      "pass": true,
                      "fail": false,
                      "pending": false,
                      "context": null,
                      "code": "const products = [{ product_id: 999, quantity: 1 }];\nsandbox.stub(axios, 'get').resolves({ status: 404 });\nconst result = await OrderModel.validateProductStock(products);\nexpect(result[0]).to.have.property('valid', false);\nexpect(result[0]).to.have.property('message', 'Producto no encontrado');",
                      "err": {},
                      "uuid": "6fd63851-811f-4cd3-96b4-8e4469dc9826",
                      "parentUUID": "e043ddea-2fe4-41fa-b49e-f118e204a771",
                      "isHook": false,
                      "skipped": false
                    }
                  ],
                  "suites": [],
                  "passes": [
                    "36a0861b-7f0b-4853-997c-73d1bc7be03a",
                    "74fbdaba-10f3-4b3e-be2c-08ceb1d1f2c4",
                    "7a94fc5a-3480-4bfa-9b6f-edbd599db668",
                    "6fd63851-811f-4cd3-96b4-8e4469dc9826"
                  ],
                  "failures": [],
                  "pending": [],
                  "skipped": [],
                  "duration": 1,
                  "root": false,
                  "rootEmpty": false,
                  "_timeout": 2000
                },
                {
                  "uuid": "7c786102-1058-4e50-9486-3819947fd402",
                  "title": "detectPromotion",
                  "fullFile": "C:\\Users\\gaela\\OneDrive\\Documents\\API_Ketoffee\\orders\\test\\orders.test.js",
                  "file": "\\test\\orders.test.js",
                  "beforeHooks": [],
                  "afterHooks": [],
                  "tests": [
                    {
                      "title": "should detect promotion successfully",
                      "fullTitle": "Orders Module Tests OrderModel detectPromotion should detect promotion successfully",
                      "timedOut": false,
                      "duration": 1,
                      "state": "passed",
                      "speed": "fast",
                      "pass": true,
                      "fail": false,
                      "pending": false,
                      "context": null,
                      "code": "const products = [{ product_id: 1, quantity: 2 }, { product_id: 2, quantity: 1 }];\nconst mockPromotions = [\n    {\n        id: 1,\n        name_promotion: 'Combo Test',\n        total_combo_price: 50.00,\n        products: [\n            { product_id: 1, quantity: 2 },\n            { product_id: 2, quantity: 1 }\n        ]\n    }\n];\nsandbox.stub(axios, 'get').resolves({\n    status: 200,\n    data: mockPromotions\n});\nconst result = await OrderModel.detectPromotion(products);\nexpect(result).to.have.property('has_promotion', true);\nexpect(result).to.have.property('promotion_name', 'Combo Test');",
                      "err": {},
                      "uuid": "155f471e-906a-410e-8ee2-6de9b404ea37",
                      "parentUUID": "7c786102-1058-4e50-9486-3819947fd402",
                      "isHook": false,
                      "skipped": false
                    },
                    {
                      "title": "should handle no promotions available",
                      "fullTitle": "Orders Module Tests OrderModel detectPromotion should handle no promotions available",
                      "timedOut": false,
                      "duration": 1,
                      "state": "passed",
                      "speed": "fast",
                      "pass": true,
                      "fail": false,
                      "pending": false,
                      "context": null,
                      "code": "const products = [{ product_id: 1, quantity: 1 }];\nsandbox.stub(axios, 'get').resolves({\n    status: 200,\n    data: []\n});\nconst result = await OrderModel.detectPromotion(products);\nexpect(result).to.have.property('has_promotion', false);\nexpect(result).to.have.property('promotion_id', null);",
                      "err": {},
                      "uuid": "c0dd2112-5c0e-472f-8a14-1b85e5651ee0",
                      "parentUUID": "7c786102-1058-4e50-9486-3819947fd402",
                      "isHook": false,
                      "skipped": false
                    }
                  ],
                  "suites": [],
                  "passes": [
                    "155f471e-906a-410e-8ee2-6de9b404ea37",
                    "c0dd2112-5c0e-472f-8a14-1b85e5651ee0"
                  ],
                  "failures": [],
                  "pending": [],
                  "skipped": [],
                  "duration": 2,
                  "root": false,
                  "rootEmpty": false,
                  "_timeout": 2000
                },
                {
                  "uuid": "e1d9d4f9-d087-452f-b506-64b477ee801f",
                  "title": "detectAllPromotions",
                  "fullFile": "C:\\Users\\gaela\\OneDrive\\Documents\\API_Ketoffee\\orders\\test\\orders.test.js",
                  "file": "\\test\\orders.test.js",
                  "beforeHooks": [],
                  "afterHooks": [],
                  "tests": [
                    {
                      "title": "should detect all applicable promotions",
                      "fullTitle": "Orders Module Tests OrderModel detectAllPromotions should detect all applicable promotions",
                      "timedOut": false,
                      "duration": 1,
                      "state": "passed",
                      "speed": "fast",
                      "pass": true,
                      "fail": false,
                      "pending": false,
                      "context": null,
                      "code": "const products = [{ product_id: 1, quantity: 2 }];\nconst mockPromotions = [\n    {\n        id: 1,\n        name_promotion: 'Test Promotion',\n        products: [{ product_id: 1, quantity: 1 }]\n    }\n];\nsandbox.stub(axios, 'get').resolves({\n    status: 200,\n    data: mockPromotions\n});\nconst result = await OrderModel.detectAllPromotions(products);\nexpect(result).to.have.property('has_promotions');\nexpect(result).to.have.property('applied_promotions');",
                      "err": {},
                      "uuid": "8360853d-ff52-4e84-93b9-dbdca5305247",
                      "parentUUID": "e1d9d4f9-d087-452f-b506-64b477ee801f",
                      "isHook": false,
                      "skipped": false
                    }
                  ],
                  "suites": [],
                  "passes": [
                    "8360853d-ff52-4e84-93b9-dbdca5305247"
                  ],
                  "failures": [],
                  "pending": [],
                  "skipped": [],
                  "duration": 1,
                  "root": false,
                  "rootEmpty": false,
                  "_timeout": 2000
                },
                {
                  "uuid": "0f9aa57d-97ee-45ed-85b1-39732198f495",
                  "title": "create",
                  "fullFile": "C:\\Users\\gaela\\OneDrive\\Documents\\API_Ketoffee\\orders\\test\\orders.test.js",
                  "file": "\\test\\orders.test.js",
                  "beforeHooks": [],
                  "afterHooks": [],
                  "tests": [
                    {
                      "title": "should create order successfully",
                      "fullTitle": "Orders Module Tests OrderModel create should create order successfully",
                      "timedOut": false,
                      "duration": 3,
                      "state": "passed",
                      "speed": "fast",
                      "pass": true,
                      "fail": false,
                      "pending": false,
                      "context": null,
                      "code": "const orderData = {\n    user_id: 1,\n    products: [{ product_id: 1, quantity: 2 }],\n    notes: 'Test order'\n};\n// Mock all dependencies\nsandbox.stub(OrderModel, 'validateProductStock').resolves([\n    { product_id: 1, valid: true, available_stock: 10 }\n]);\nsandbox.stub(axios, 'get').resolves({\n    status: 200,\n    data: {\n        name_product: 'Test Product',\n        price_product: 25.00,\n        stock_type: 'units'\n    }\n});\nsandbox.stub(OrderModel, 'detectAllPromotions').resolves({\n    has_promotions: false,\n    applied_promotions: []\n});\nsandbox.stub(pool, 'query').resolves({\n    rows: [{\n        id: 1,\n        order_number: 'ORD-001',\n        user_id: 1,\n        status: 'pendiente',\n        total: 50.00\n    }]\n});\nconst result = await OrderModel.create(orderData, 'Bearer test-token');\nexpect(result).to.be.an('object');\nexpect(result).to.have.property('id');",
                      "err": {},
                      "uuid": "32b5d378-63a8-4306-b5cd-aa3e94829959",
                      "parentUUID": "0f9aa57d-97ee-45ed-85b1-39732198f495",
                      "isHook": false,
                      "skipped": false
                    },
                    {
                      "title": "should reject order with insufficient stock",
                      "fullTitle": "Orders Module Tests OrderModel create should reject order with insufficient stock",
                      "timedOut": false,
                      "duration": 2,
                      "state": "passed",
                      "speed": "fast",
                      "pass": true,
                      "fail": false,
                      "pending": false,
                      "context": null,
                      "code": "const orderData = {\n    user_id: 1,\n    products: [{ product_id: 1, quantity: 20 }]\n};\nsandbox.stub(OrderModel, 'validateProductStock').resolves([\n    { product_id: 1, valid: false, message: 'Stock insuficiente', product_name: 'Test Product' }\n]);\ntry {\n    await OrderModel.create(orderData, 'Bearer test-token');\n    expect.fail('Should have thrown an error');\n} catch (error) {\n    expect(error.message).to.include('Stock insuficiente');\n}",
                      "err": {},
                      "uuid": "693cfadc-21b0-45b7-917e-ae9d217775b3",
                      "parentUUID": "0f9aa57d-97ee-45ed-85b1-39732198f495",
                      "isHook": false,
                      "skipped": false
                    }
                  ],
                  "suites": [],
                  "passes": [
                    "32b5d378-63a8-4306-b5cd-aa3e94829959",
                    "693cfadc-21b0-45b7-917e-ae9d217775b3"
                  ],
                  "failures": [],
                  "pending": [],
                  "skipped": [],
                  "duration": 5,
                  "root": false,
                  "rootEmpty": false,
                  "_timeout": 2000
                },
                {
                  "uuid": "0de183ea-1dd5-4c1e-a179-dd917f1baa87",
                  "title": "findById",
                  "fullFile": "C:\\Users\\gaela\\OneDrive\\Documents\\API_Ketoffee\\orders\\test\\orders.test.js",
                  "file": "\\test\\orders.test.js",
                  "beforeHooks": [],
                  "afterHooks": [],
                  "tests": [
                    {
                      "title": "should find order by ID successfully",
                      "fullTitle": "Orders Module Tests OrderModel findById should find order by ID successfully",
                      "timedOut": false,
                      "duration": 1,
                      "state": "passed",
                      "speed": "fast",
                      "pass": true,
                      "fail": false,
                      "pending": false,
                      "context": null,
                      "code": "const mockOrder = {\n    id: 1,\n    order_number: 'ORD-001',\n    user_id: 1,\n    status: 'pendiente'\n};\nsandbox.stub(pool, 'query').resolves({\n    rows: [mockOrder]\n});\nconst result = await OrderModel.findById(1);\nexpect(result).to.deep.equal(mockOrder);",
                      "err": {},
                      "uuid": "7a440a93-1899-48b3-a755-e6cc34b8098d",
                      "parentUUID": "0de183ea-1dd5-4c1e-a179-dd917f1baa87",
                      "isHook": false,
                      "skipped": false
                    },
                    {
                      "title": "should return null when order not found",
                      "fullTitle": "Orders Module Tests OrderModel findById should return null when order not found",
                      "timedOut": false,
                      "duration": 0,
                      "state": "passed",
                      "speed": "fast",
                      "pass": true,
                      "fail": false,
                      "pending": false,
                      "context": null,
                      "code": "sandbox.stub(pool, 'query').resolves({\n    rows: []\n});\nconst result = await OrderModel.findById(999);\nexpect(result).to.be.null;",
                      "err": {},
                      "uuid": "bfe3ae8a-2674-435f-ab1a-faed492147bd",
                      "parentUUID": "0de183ea-1dd5-4c1e-a179-dd917f1baa87",
                      "isHook": false,
                      "skipped": false
                    }
                  ],
                  "suites": [],
                  "passes": [
                    "7a440a93-1899-48b3-a755-e6cc34b8098d",
                    "bfe3ae8a-2674-435f-ab1a-faed492147bd"
                  ],
                  "failures": [],
                  "pending": [],
                  "skipped": [],
                  "duration": 1,
                  "root": false,
                  "rootEmpty": false,
                  "_timeout": 2000
                },
                {
                  "uuid": "ed02f5ce-00e3-42d5-936f-1c73edee18ee",
                  "title": "findByOrderNumber",
                  "fullFile": "C:\\Users\\gaela\\OneDrive\\Documents\\API_Ketoffee\\orders\\test\\orders.test.js",
                  "file": "\\test\\orders.test.js",
                  "beforeHooks": [],
                  "afterHooks": [],
                  "tests": [
                    {
                      "title": "should find order by order number successfully",
                      "fullTitle": "Orders Module Tests OrderModel findByOrderNumber should find order by order number successfully",
                      "timedOut": false,
                      "duration": 1,
                      "state": "passed",
                      "speed": "fast",
                      "pass": true,
                      "fail": false,
                      "pending": false,
                      "context": null,
                      "code": "const mockOrder = {\n    id: 1,\n    order_number: 'ORD-001',\n    user_id: 1,\n    status: 'pendiente'\n};\nsandbox.stub(pool, 'query').resolves({\n    rows: [mockOrder]\n});\nconst result = await OrderModel.findByOrderNumber('ORD-001');\nexpect(result).to.deep.equal(mockOrder);",
                      "err": {},
                      "uuid": "627b8fee-cbb9-47b9-824a-8a5a4703ae9a",
                      "parentUUID": "ed02f5ce-00e3-42d5-936f-1c73edee18ee",
                      "isHook": false,
                      "skipped": false
                    }
                  ],
                  "suites": [],
                  "passes": [
                    "627b8fee-cbb9-47b9-824a-8a5a4703ae9a"
                  ],
                  "failures": [],
                  "pending": [],
                  "skipped": [],
                  "duration": 1,
                  "root": false,
                  "rootEmpty": false,
                  "_timeout": 2000
                },
                {
                  "uuid": "2b9b1f5f-5ca8-4e66-954d-f2251806ce2c",
                  "title": "findByUserId",
                  "fullFile": "C:\\Users\\gaela\\OneDrive\\Documents\\API_Ketoffee\\orders\\test\\orders.test.js",
                  "file": "\\test\\orders.test.js",
                  "beforeHooks": [],
                  "afterHooks": [],
                  "tests": [
                    {
                      "title": "should find orders by user ID successfully",
                      "fullTitle": "Orders Module Tests OrderModel findByUserId should find orders by user ID successfully",
                      "timedOut": false,
                      "duration": 1,
                      "state": "passed",
                      "speed": "fast",
                      "pass": true,
                      "fail": false,
                      "pending": false,
                      "context": null,
                      "code": "const mockOrders = [\n    { id: 1, user_id: 1, status: 'pendiente' },\n    { id: 2, user_id: 1, status: 'completada' }\n];\nsandbox.stub(pool, 'query').resolves({\n    rows: mockOrders\n});\nconst result = await OrderModel.findByUserId(1);\nexpect(result).to.deep.equal(mockOrders);",
                      "err": {},
                      "uuid": "a7051b56-f39f-4a45-a279-00c1df659119",
                      "parentUUID": "2b9b1f5f-5ca8-4e66-954d-f2251806ce2c",
                      "isHook": false,
                      "skipped": false
                    },
                    {
                      "title": "should filter orders by status",
                      "fullTitle": "Orders Module Tests OrderModel findByUserId should filter orders by status",
                      "timedOut": false,
                      "duration": 1,
                      "state": "passed",
                      "speed": "fast",
                      "pass": true,
                      "fail": false,
                      "pending": false,
                      "context": null,
                      "code": "const mockOrders = [\n    { id: 1, user_id: 1, status: 'pendiente' }\n];\nsandbox.stub(pool, 'query').resolves({\n    rows: mockOrders\n});\nconst result = await OrderModel.findByUserId(1, { status: 'pendiente' });\nexpect(result).to.deep.equal(mockOrders);",
                      "err": {},
                      "uuid": "99c3ea95-30fc-4925-9a36-5fd94acd34a3",
                      "parentUUID": "2b9b1f5f-5ca8-4e66-954d-f2251806ce2c",
                      "isHook": false,
                      "skipped": false
                    }
                  ],
                  "suites": [],
                  "passes": [
                    "a7051b56-f39f-4a45-a279-00c1df659119",
                    "99c3ea95-30fc-4925-9a36-5fd94acd34a3"
                  ],
                  "failures": [],
                  "pending": [],
                  "skipped": [],
                  "duration": 2,
                  "root": false,
                  "rootEmpty": false,
                  "_timeout": 2000
                },
                {
                  "uuid": "2c51a3df-07a1-4fcf-ac77-49f9714fcee9",
                  "title": "findAll",
                  "fullFile": "C:\\Users\\gaela\\OneDrive\\Documents\\API_Ketoffee\\orders\\test\\orders.test.js",
                  "file": "\\test\\orders.test.js",
                  "beforeHooks": [],
                  "afterHooks": [],
                  "tests": [
                    {
                      "title": "should find all orders successfully",
                      "fullTitle": "Orders Module Tests OrderModel findAll should find all orders successfully",
                      "timedOut": false,
                      "duration": 1,
                      "state": "passed",
                      "speed": "fast",
                      "pass": true,
                      "fail": false,
                      "pending": false,
                      "context": null,
                      "code": "const mockOrders = [\n    { id: 1, user_id: 1, status: 'pendiente' },\n    { id: 2, user_id: 2, status: 'completada' }\n];\nsandbox.stub(pool, 'query').resolves({\n    rows: mockOrders\n});\nconst result = await OrderModel.findAll();\nexpect(result).to.deep.equal(mockOrders);",
                      "err": {},
                      "uuid": "7c18aab3-9243-44b8-a973-d7b588b4e032",
                      "parentUUID": "2c51a3df-07a1-4fcf-ac77-49f9714fcee9",
                      "isHook": false,
                      "skipped": false
                    }
                  ],
                  "suites": [],
                  "passes": [
                    "7c18aab3-9243-44b8-a973-d7b588b4e032"
                  ],
                  "failures": [],
                  "pending": [],
                  "skipped": [],
                  "duration": 1,
                  "root": false,
                  "rootEmpty": false,
                  "_timeout": 2000
                },
                {
                  "uuid": "eaa7c746-f426-41c9-a5fe-8615d25a7f9e",
                  "title": "updateStatus",
                  "fullFile": "C:\\Users\\gaela\\OneDrive\\Documents\\API_Ketoffee\\orders\\test\\orders.test.js",
                  "file": "\\test\\orders.test.js",
                  "beforeHooks": [],
                  "afterHooks": [],
                  "tests": [
                    {
                      "title": "should update order status successfully",
                      "fullTitle": "Orders Module Tests OrderModel updateStatus should update order status successfully",
                      "timedOut": false,
                      "duration": 0,
                      "state": "passed",
                      "speed": "fast",
                      "pass": true,
                      "fail": false,
                      "pending": false,
                      "context": null,
                      "code": "const mockOrder = {\n    id: 1,\n    status: 'confirmada'\n};\nsandbox.stub(pool, 'query').resolves({\n    rows: [mockOrder]\n});\nconst result = await OrderModel.updateStatus(1, 'confirmada', 1);\nexpect(result).to.deep.equal(mockOrder);",
                      "err": {},
                      "uuid": "e86829a3-a719-4356-b884-d75e17e769b4",
                      "parentUUID": "eaa7c746-f426-41c9-a5fe-8615d25a7f9e",
                      "isHook": false,
                      "skipped": false
                    }
                  ],
                  "suites": [],
                  "passes": [
                    "e86829a3-a719-4356-b884-d75e17e769b4"
                  ],
                  "failures": [],
                  "pending": [],
                  "skipped": [],
                  "duration": 0,
                  "root": false,
                  "rootEmpty": false,
                  "_timeout": 2000
                },
                {
                  "uuid": "5d61bce5-c98c-4adf-8187-62ff1cdd37cb",
                  "title": "getStatusHistory",
                  "fullFile": "C:\\Users\\gaela\\OneDrive\\Documents\\API_Ketoffee\\orders\\test\\orders.test.js",
                  "file": "\\test\\orders.test.js",
                  "beforeHooks": [],
                  "afterHooks": [],
                  "tests": [
                    {
                      "title": "should get status history successfully",
                      "fullTitle": "Orders Module Tests OrderModel getStatusHistory should get status history successfully",
                      "timedOut": false,
                      "duration": 1,
                      "state": "passed",
                      "speed": "fast",
                      "pass": true,
                      "fail": false,
                      "pending": false,
                      "context": null,
                      "code": "const mockHistory = [\n    { id: 1, order_id: 1, status: 'pendiente', created_at: new Date() },\n    { id: 2, order_id: 1, status: 'confirmada', created_at: new Date() }\n];\nsandbox.stub(pool, 'query').resolves({\n    rows: mockHistory\n});\nconst result = await OrderModel.getStatusHistory(1);\nexpect(result).to.deep.equal(mockHistory);",
                      "err": {},
                      "uuid": "54d775b6-5350-4409-a8af-100659c5ccff",
                      "parentUUID": "5d61bce5-c98c-4adf-8187-62ff1cdd37cb",
                      "isHook": false,
                      "skipped": false
                    }
                  ],
                  "suites": [],
                  "passes": [
                    "54d775b6-5350-4409-a8af-100659c5ccff"
                  ],
                  "failures": [],
                  "pending": [],
                  "skipped": [],
                  "duration": 1,
                  "root": false,
                  "rootEmpty": false,
                  "_timeout": 2000
                }
              ],
              "passes": [],
              "failures": [],
              "pending": [],
              "skipped": [],
              "duration": 0,
              "root": false,
              "rootEmpty": false,
              "_timeout": 2000
            },
            {
              "uuid": "8fea7ce7-aba5-427b-866d-7b1b01c286d7",
              "title": "Integration and Validation Tests",
              "fullFile": "C:\\Users\\gaela\\OneDrive\\Documents\\API_Ketoffee\\orders\\test\\orders.test.js",
              "file": "\\test\\orders.test.js",
              "beforeHooks": [],
              "afterHooks": [],
              "tests": [],
              "suites": [
                {
                  "uuid": "8140227e-f15f-4a89-90f0-732827646429",
                  "title": "Order Status Validation",
                  "fullFile": "C:\\Users\\gaela\\OneDrive\\Documents\\API_Ketoffee\\orders\\test\\orders.test.js",
                  "file": "\\test\\orders.test.js",
                  "beforeHooks": [],
                  "afterHooks": [],
                  "tests": [
                    {
                      "title": "should validate order status transitions",
                      "fullTitle": "Orders Module Tests Integration and Validation Tests Order Status Validation should validate order status transitions",
                      "timedOut": false,
                      "duration": 0,
                      "state": "passed",
                      "speed": "fast",
                      "pass": true,
                      "fail": false,
                      "pending": false,
                      "context": null,
                      "code": "const validStatuses = ['pendiente', 'confirmada', 'en_preparacion', 'lista_para_recoger', 'completada', 'cancelada'];\n\nvalidStatuses.forEach(status => {\n    expect(validStatuses).to.include(status);\n});",
                      "err": {},
                      "uuid": "cd2a84cf-9f66-473e-90ca-5699e2075792",
                      "parentUUID": "8140227e-f15f-4a89-90f0-732827646429",
                      "isHook": false,
                      "skipped": false
                    },
                    {
                      "title": "should reject invalid status transitions",
                      "fullTitle": "Orders Module Tests Integration and Validation Tests Order Status Validation should reject invalid status transitions",
                      "timedOut": false,
                      "duration": 1,
                      "state": "passed",
                      "speed": "fast",
                      "pass": true,
                      "fail": false,
                      "pending": false,
                      "context": null,
                      "code": "const invalidStatuses = ['invalid', 'wrong_status', ''];\nconst validStatuses = ['pendiente', 'confirmada', 'en_preparacion', 'lista_para_recoger', 'completada', 'cancelada'];\n\ninvalidStatuses.forEach(status => {\n    expect(validStatuses).to.not.include(status);\n});",
                      "err": {},
                      "uuid": "eb1fc281-729e-4b19-8845-2b38034de816",
                      "parentUUID": "8140227e-f15f-4a89-90f0-732827646429",
                      "isHook": false,
                      "skipped": false
                    }
                  ],
                  "suites": [],
                  "passes": [
                    "cd2a84cf-9f66-473e-90ca-5699e2075792",
                    "eb1fc281-729e-4b19-8845-2b38034de816"
                  ],
                  "failures": [],
                  "pending": [],
                  "skipped": [],
                  "duration": 1,
                  "root": false,
                  "rootEmpty": false,
                  "_timeout": 2000
                },
                {
                  "uuid": "d70d0cd1-00a8-4d92-b98e-6ebea509d39e",
                  "title": "Order Data Validation",
                  "fullFile": "C:\\Users\\gaela\\OneDrive\\Documents\\API_Ketoffee\\orders\\test\\orders.test.js",
                  "file": "\\test\\orders.test.js",
                  "beforeHooks": [],
                  "afterHooks": [],
                  "tests": [
                    {
                      "title": "should validate required order fields",
                      "fullTitle": "Orders Module Tests Integration and Validation Tests Order Data Validation should validate required order fields",
                      "timedOut": false,
                      "duration": 0,
                      "state": "passed",
                      "speed": "fast",
                      "pass": true,
                      "fail": false,
                      "pending": false,
                      "context": null,
                      "code": "const requiredFields = ['user_id', 'products'];\nconst orderData = {\n    user_id: 1,\n    products: [{ product_id: 1, quantity: 2 }]\n};\nrequiredFields.forEach(field => {\n    expect(orderData).to.have.property(field);\n});",
                      "err": {},
                      "uuid": "313ae399-36c9-4328-84d4-e6912ac316c4",
                      "parentUUID": "d70d0cd1-00a8-4d92-b98e-6ebea509d39e",
                      "isHook": false,
                      "skipped": false
                    },
                    {
                      "title": "should validate product structure",
                      "fullTitle": "Orders Module Tests Integration and Validation Tests Order Data Validation should validate product structure",
                      "timedOut": false,
                      "duration": 0,
                      "state": "passed",
                      "speed": "fast",
                      "pass": true,
                      "fail": false,
                      "pending": false,
                      "context": null,
                      "code": "const product = {\n    product_id: 1,\n    quantity: 2\n};\nexpect(product).to.have.property('product_id');\nexpect(product).to.have.property('quantity');\nexpect(product.quantity).to.be.greaterThan(0);",
                      "err": {},
                      "uuid": "6931fb29-9f3d-4003-8057-635da468e97a",
                      "parentUUID": "d70d0cd1-00a8-4d92-b98e-6ebea509d39e",
                      "isHook": false,
                      "skipped": false
                    }
                  ],
                  "suites": [],
                  "passes": [
                    "313ae399-36c9-4328-84d4-e6912ac316c4",
                    "6931fb29-9f3d-4003-8057-635da468e97a"
                  ],
                  "failures": [],
                  "pending": [],
                  "skipped": [],
                  "duration": 0,
                  "root": false,
                  "rootEmpty": false,
                  "_timeout": 2000
                },
                {
                  "uuid": "90ae9b5c-3eb7-475e-9b5f-3f6551248713",
                  "title": "Error Handling",
                  "fullFile": "C:\\Users\\gaela\\OneDrive\\Documents\\API_Ketoffee\\orders\\test\\orders.test.js",
                  "file": "\\test\\orders.test.js",
                  "beforeHooks": [],
                  "afterHooks": [],
                  "tests": [
                    {
                      "title": "should handle database connection errors gracefully",
                      "fullTitle": "Orders Module Tests Integration and Validation Tests Error Handling should handle database connection errors gracefully",
                      "timedOut": false,
                      "duration": 2,
                      "state": "passed",
                      "speed": "fast",
                      "pass": true,
                      "fail": false,
                      "pending": false,
                      "context": null,
                      "code": "sandbox.stub(pool, 'query').rejects(new Error('Connection failed'));\ntry {\n    await OrderModel.findById(1);\n    expect.fail('Should have thrown an error');\n} catch (error) {\n    expect(error.message).to.equal('Connection failed');\n}",
                      "err": {},
                      "uuid": "c1ff81ca-5a87-4d87-b0f0-ec10fa5e9688",
                      "parentUUID": "90ae9b5c-3eb7-475e-9b5f-3f6551248713",
                      "isHook": false,
                      "skipped": false
                    },
                    {
                      "title": "should handle external service errors",
                      "fullTitle": "Orders Module Tests Integration and Validation Tests Error Handling should handle external service errors",
                      "timedOut": false,
                      "duration": 3,
                      "state": "passed",
                      "speed": "fast",
                      "pass": true,
                      "fail": false,
                      "pending": false,
                      "context": null,
                      "code": "sandbox.stub(axios, 'get').rejects(new Error('Service unavailable'));\ntry {\n    await OrderModel.validateProductStock([{ product_id: 1, quantity: 1 }]);\n    expect.fail('Should have thrown an error');\n} catch (error) {\n    expect(error.message).to.include('Error al validar stock');\n}",
                      "err": {},
                      "uuid": "1693689f-cf44-4eae-9a93-9a3030eab66f",
                      "parentUUID": "90ae9b5c-3eb7-475e-9b5f-3f6551248713",
                      "isHook": false,
                      "skipped": false
                    }
                  ],
                  "suites": [],
                  "passes": [
                    "c1ff81ca-5a87-4d87-b0f0-ec10fa5e9688",
                    "1693689f-cf44-4eae-9a93-9a3030eab66f"
                  ],
                  "failures": [],
                  "pending": [],
                  "skipped": [],
                  "duration": 5,
                  "root": false,
                  "rootEmpty": false,
                  "_timeout": 2000
                },
                {
                  "uuid": "c353d6f8-fdc0-48ed-9d38-6c949c8ae04c",
                  "title": "PDF Generation",
                  "fullFile": "C:\\Users\\gaela\\OneDrive\\Documents\\API_Ketoffee\\orders\\test\\orders.test.js",
                  "file": "\\test\\orders.test.js",
                  "beforeHooks": [],
                  "afterHooks": [],
                  "tests": [
                    {
                      "title": "should handle PDF generation errors",
                      "fullTitle": "Orders Module Tests Integration and Validation Tests PDF Generation should handle PDF generation errors",
                      "timedOut": false,
                      "duration": 1,
                      "state": "passed",
                      "speed": "fast",
                      "pass": true,
                      "fail": false,
                      "pending": false,
                      "context": null,
                      "code": "const mockDoc = {\n    pipe: sandbox.stub(),\n    fontSize: sandbox.stub().returnsThis(),\n    text: sandbox.stub().returnsThis(),\n    end: sandbox.stub()\n};\nexpect(mockDoc.pipe).to.be.a('function');\nexpect(mockDoc.fontSize).to.be.a('function');\nexpect(mockDoc.text).to.be.a('function');",
                      "err": {},
                      "uuid": "580bb8f2-44b9-4075-abfa-75972dd1b044",
                      "parentUUID": "c353d6f8-fdc0-48ed-9d38-6c949c8ae04c",
                      "isHook": false,
                      "skipped": false
                    }
                  ],
                  "suites": [],
                  "passes": [
                    "580bb8f2-44b9-4075-abfa-75972dd1b044"
                  ],
                  "failures": [],
                  "pending": [],
                  "skipped": [],
                  "duration": 1,
                  "root": false,
                  "rootEmpty": false,
                  "_timeout": 2000
                },
                {
                  "uuid": "4b6c62fd-bf03-4e44-acaf-4baa94beaa47",
                  "title": "Promotion Logic",
                  "fullFile": "C:\\Users\\gaela\\OneDrive\\Documents\\API_Ketoffee\\orders\\test\\orders.test.js",
                  "file": "\\test\\orders.test.js",
                  "beforeHooks": [],
                  "afterHooks": [],
                  "tests": [
                    {
                      "title": "should calculate promotion discounts correctly",
                      "fullTitle": "Orders Module Tests Integration and Validation Tests Promotion Logic should calculate promotion discounts correctly",
                      "timedOut": false,
                      "duration": 1,
                      "state": "passed",
                      "speed": "fast",
                      "pass": true,
                      "fail": false,
                      "pending": false,
                      "context": null,
                      "code": "const originalPrice = 100;\nconst comboPrice = 80;\nconst discount = originalPrice - comboPrice;\n\nexpect(discount).to.equal(20);\nexpect(discount).to.be.greaterThan(0);",
                      "err": {},
                      "uuid": "5a54a149-fb38-451b-bb60-00d43926fcff",
                      "parentUUID": "4b6c62fd-bf03-4e44-acaf-4baa94beaa47",
                      "isHook": false,
                      "skipped": false
                    },
                    {
                      "title": "should handle multiple promotion applications",
                      "fullTitle": "Orders Module Tests Integration and Validation Tests Promotion Logic should handle multiple promotion applications",
                      "timedOut": false,
                      "duration": 0,
                      "state": "passed",
                      "speed": "fast",
                      "pass": true,
                      "fail": false,
                      "pending": false,
                      "context": null,
                      "code": "const applications = 2;\nconst discountPerApplication = 10;\nconst totalDiscount = applications * discountPerApplication;\n\nexpect(totalDiscount).to.equal(20);",
                      "err": {},
                      "uuid": "96ebe744-4917-4ec4-86a4-b2de4b25e121",
                      "parentUUID": "4b6c62fd-bf03-4e44-acaf-4baa94beaa47",
                      "isHook": false,
                      "skipped": false
                    }
                  ],
                  "suites": [],
                  "passes": [
                    "5a54a149-fb38-451b-bb60-00d43926fcff",
                    "96ebe744-4917-4ec4-86a4-b2de4b25e121"
                  ],
                  "failures": [],
                  "pending": [],
                  "skipped": [],
                  "duration": 1,
                  "root": false,
                  "rootEmpty": false,
                  "_timeout": 2000
                }
              ],
              "passes": [],
              "failures": [],
              "pending": [],
              "skipped": [],
              "duration": 0,
              "root": false,
              "rootEmpty": false,
              "_timeout": 2000
            }
          ],
          "passes": [],
          "failures": [],
          "pending": [],
          "skipped": [],
          "duration": 0,
          "root": false,
          "rootEmpty": false,
          "_timeout": 2000
        }
      ],
      "passes": [],
      "failures": [],
      "pending": [],
      "skipped": [],
      "duration": 0,
      "root": true,
      "rootEmpty": true,
      "_timeout": 2000
    }
  ],
  "meta": {
    "mocha": {
      "version": "11.7.1"
    },
    "mochawesome": {
      "options": {
        "quiet": false,
        "reportFilename": "test-report",
        "saveHtml": true,
        "saveJson": true,
        "consoleReporter": "spec",
        "useInlineDiffs": false,
        "code": true
      },
      "version": "7.1.3"
    },
    "marge": {
      "options": {
        "reportDir": "test-results",
        "reportFilename": "test-report"
      },
      "version": "6.2.0"
    }
  }
}